[ 2019-09-29T09:55:06+08:00 ] 127.0.0.1 /index.php?m=index&a=index
ERR: Table 'wkcrm.pd_leadsm' doesn't exist
 [ SQL语句 ] : SHOW COLUMNS FROM `pd_leadsm`
ERR: Table 'wkcrm.pd_leadsm' doesn't exist
 [ SQL语句 ] : SELECT * FROM `pd_leadsm` WHERE ( id = 63 ) LIMIT 1  
ERR: Table 'wkcrm.pd_leadsm' doesn't exist
 [ SQL语句 ] : SELECT * FROM `pd_leadsm` WHERE ( id = 62 ) LIMIT 1  
ERR: Table 'wkcrm.pd_leadsm' doesn't exist
 [ SQL语句 ] : SELECT * FROM `pd_leadsm` WHERE ( id = 61 ) LIMIT 1  
ERR: Table 'wkcrm.pd_leadsm' doesn't exist
 [ SQL语句 ] : SELECT * FROM `pd_leadsm` WHERE ( id = 60 ) LIMIT 1  
ERR: Table 'wkcrm.pd_leadsm' doesn't exist
 [ SQL语句 ] : SELECT * FROM `pd_leadsm` WHERE ( id = 59 ) LIMIT 1  
ERR: Table 'wkcrm.pd_leadsm' doesn't exist
 [ SQL语句 ] : SELECT * FROM `pd_leadsm` WHERE ( id = 58 ) LIMIT 1  
ERR: Table 'wkcrm.pd_leadsm' doesn't exist
 [ SQL语句 ] : SELECT * FROM `pd_leadsm` WHERE ( id = 57 ) LIMIT 1  
ERR: Table 'wkcrm.pd_leadsm' doesn't exist
 [ SQL语句 ] : SELECT * FROM `pd_leadsm` WHERE ( id = 56 ) LIMIT 1  
ERR: Table 'wkcrm.pd_leadsm' doesn't exist
 [ SQL语句 ] : SELECT * FROM `pd_leadsm` WHERE ( id = 55 ) LIMIT 1  
ERR: Table 'wkcrm.pd_leadsm' doesn't exist
 [ SQL语句 ] : SELECT * FROM `pd_leadsm` WHERE ( id = 54 ) LIMIT 1  
ERR: Table 'wkcrm.pd_visitor_plan' doesn't exist
 [ SQL语句 ] : SHOW COLUMNS FROM `pd_visitor_plan`
ERR: You have an error in your SQL syntax; check the manual that corresponds to your MySQL server version for the right syntax to use near 'BETWEEN 1569686400 AND 1569772800 ) ) LIMIT 1' at line 1
 [ SQL语句 ] : SELECT COUNT(*) AS tp_count FROM pd_visitor_plan visitor_plan  JOIN pd_event event ON visitor_plan.event_id=event.event_id WHERE (  (visitor_plan. BETWEEN 1569686400 AND 1569772800 ) ) LIMIT 1  
ERR: You have an error in your SQL syntax; check the manual that corresponds to your MySQL server version for the right syntax to use near 'BETWEEN 1569686400 AND 1569772800 ) ) LIMIT 1' at line 1
 [ SQL语句 ] : SELECT COUNT(*) AS tp_count FROM pd_visitor_plan visitor_plan  JOIN pd_event event ON visitor_plan.event_id=event.event_id WHERE (  (visitor_plan. BETWEEN 1569686400 AND 1569772800 ) ) LIMIT 1  
ERR: You have an error in your SQL syntax; check the manual that corresponds to your MySQL server version for the right syntax to use near 'BETWEEN 1569168000 AND 1569772800 ) ) LIMIT 1' at line 1
 [ SQL语句 ] : SELECT COUNT(*) AS tp_count FROM pd_visitor_plan visitor_plan  JOIN pd_event event ON visitor_plan.event_id=event.event_id WHERE (  (visitor_plan. BETWEEN 1569168000 AND 1569772800 ) ) LIMIT 1  
ERR: You have an error in your SQL syntax; check the manual that corresponds to your MySQL server version for the right syntax to use near 'BETWEEN 1569168000 AND 1569772800 ) ) LIMIT 1' at line 1
 [ SQL语句 ] : SELECT COUNT(*) AS tp_count FROM pd_visitor_plan visitor_plan  JOIN pd_event event ON visitor_plan.event_id=event.event_id WHERE (  (visitor_plan. BETWEEN 1569168000 AND 1569772800 ) ) LIMIT 1  
ERR: You have an error in your SQL syntax; check the manual that corresponds to your MySQL server version for the right syntax to use near 'BETWEEN 1567267200 AND 1569859200 ) ) LIMIT 1' at line 1
 [ SQL语句 ] : SELECT COUNT(*) AS tp_count FROM pd_visitor_plan visitor_plan  JOIN pd_event event ON visitor_plan.event_id=event.event_id WHERE (  (visitor_plan. BETWEEN 1567267200 AND 1569859200 ) ) LIMIT 1  
ERR: You have an error in your SQL syntax; check the manual that corresponds to your MySQL server version for the right syntax to use near 'BETWEEN 1567267200 AND 1569859200 ) ) LIMIT 1' at line 1
 [ SQL语句 ] : SELECT COUNT(*) AS tp_count FROM pd_visitor_plan visitor_plan  JOIN pd_event event ON visitor_plan.event_id=event.event_id WHERE (  (visitor_plan. BETWEEN 1567267200 AND 1569859200 ) ) LIMIT 1  
ERR: You have an error in your SQL syntax; check the manual that corresponds to your MySQL server version for the right syntax to use near 'BETWEEN 1546272000 AND 1577808000 ) ) LIMIT 1' at line 1
 [ SQL语句 ] : SELECT COUNT(*) AS tp_count FROM pd_visitor_plan visitor_plan  JOIN pd_event event ON visitor_plan.event_id=event.event_id WHERE (  (visitor_plan. BETWEEN 1546272000 AND 1577808000 ) ) LIMIT 1  
ERR: You have an error in your SQL syntax; check the manual that corresponds to your MySQL server version for the right syntax to use near 'BETWEEN 1546272000 AND 1577808000 ) ) LIMIT 1' at line 1
 [ SQL语句 ] : SELECT COUNT(*) AS tp_count FROM pd_visitor_plan visitor_plan  JOIN pd_event event ON visitor_plan.event_id=event.event_id WHERE (  (visitor_plan. BETWEEN 1546272000 AND 1577808000 ) ) LIMIT 1  
ERR: Table 'wkcrm.pd_system' doesn't exist
 [ SQL语句 ] : SHOW COLUMNS FROM `pd_system`

[ 2019-09-29T09:56:04+08:00 ] 127.0.0.1 /index.php?m=indexm&a=index
ERR: Table 'wkcrm.pd_leadsm' doesn't exist
 [ SQL语句 ] : SHOW COLUMNS FROM `pd_leadsm`
ERR: Table 'wkcrm.pd_leadsm' doesn't exist
 [ SQL语句 ] : SELECT * FROM `pd_leadsm` WHERE ( id = 63 ) LIMIT 1  
ERR: Table 'wkcrm.pd_leadsm' doesn't exist
 [ SQL语句 ] : SELECT * FROM `pd_leadsm` WHERE ( id = 62 ) LIMIT 1  
ERR: Table 'wkcrm.pd_leadsm' doesn't exist
 [ SQL语句 ] : SELECT * FROM `pd_leadsm` WHERE ( id = 61 ) LIMIT 1  
ERR: Table 'wkcrm.pd_leadsm' doesn't exist
 [ SQL语句 ] : SELECT * FROM `pd_leadsm` WHERE ( id = 60 ) LIMIT 1  
ERR: Table 'wkcrm.pd_leadsm' doesn't exist
 [ SQL语句 ] : SELECT * FROM `pd_leadsm` WHERE ( id = 59 ) LIMIT 1  
ERR: Table 'wkcrm.pd_leadsm' doesn't exist
 [ SQL语句 ] : SELECT * FROM `pd_leadsm` WHERE ( id = 58 ) LIMIT 1  
ERR: Table 'wkcrm.pd_leadsm' doesn't exist
 [ SQL语句 ] : SELECT * FROM `pd_leadsm` WHERE ( id = 57 ) LIMIT 1  
ERR: Table 'wkcrm.pd_leadsm' doesn't exist
 [ SQL语句 ] : SELECT * FROM `pd_leadsm` WHERE ( id = 56 ) LIMIT 1  
ERR: Table 'wkcrm.pd_leadsm' doesn't exist
 [ SQL语句 ] : SELECT * FROM `pd_leadsm` WHERE ( id = 55 ) LIMIT 1  
ERR: Table 'wkcrm.pd_leadsm' doesn't exist
 [ SQL语句 ] : SELECT * FROM `pd_leadsm` WHERE ( id = 54 ) LIMIT 1  
ERR: Table 'wkcrm.pd_visitor_plan' doesn't exist
 [ SQL语句 ] : SHOW COLUMNS FROM `pd_visitor_plan`
ERR: You have an error in your SQL syntax; check the manual that corresponds to your MySQL server version for the right syntax to use near 'BETWEEN 1569686400 AND 1569772800 ) ) LIMIT 1' at line 1
 [ SQL语句 ] : SELECT COUNT(*) AS tp_count FROM pd_visitor_plan visitor_plan  JOIN pd_event event ON visitor_plan.event_id=event.event_id WHERE (  (visitor_plan. BETWEEN 1569686400 AND 1569772800 ) ) LIMIT 1  
ERR: You have an error in your SQL syntax; check the manual that corresponds to your MySQL server version for the right syntax to use near 'BETWEEN 1569686400 AND 1569772800 ) ) LIMIT 1' at line 1
 [ SQL语句 ] : SELECT COUNT(*) AS tp_count FROM pd_visitor_plan visitor_plan  JOIN pd_event event ON visitor_plan.event_id=event.event_id WHERE (  (visitor_plan. BETWEEN 1569686400 AND 1569772800 ) ) LIMIT 1  
ERR: You have an error in your SQL syntax; check the manual that corresponds to your MySQL server version for the right syntax to use near 'BETWEEN 1569168000 AND 1569772800 ) ) LIMIT 1' at line 1
 [ SQL语句 ] : SELECT COUNT(*) AS tp_count FROM pd_visitor_plan visitor_plan  JOIN pd_event event ON visitor_plan.event_id=event.event_id WHERE (  (visitor_plan. BETWEEN 1569168000 AND 1569772800 ) ) LIMIT 1  
ERR: You have an error in your SQL syntax; check the manual that corresponds to your MySQL server version for the right syntax to use near 'BETWEEN 1569168000 AND 1569772800 ) ) LIMIT 1' at line 1
 [ SQL语句 ] : SELECT COUNT(*) AS tp_count FROM pd_visitor_plan visitor_plan  JOIN pd_event event ON visitor_plan.event_id=event.event_id WHERE (  (visitor_plan. BETWEEN 1569168000 AND 1569772800 ) ) LIMIT 1  
ERR: You have an error in your SQL syntax; check the manual that corresponds to your MySQL server version for the right syntax to use near 'BETWEEN 1567267200 AND 1569859200 ) ) LIMIT 1' at line 1
 [ SQL语句 ] : SELECT COUNT(*) AS tp_count FROM pd_visitor_plan visitor_plan  JOIN pd_event event ON visitor_plan.event_id=event.event_id WHERE (  (visitor_plan. BETWEEN 1567267200 AND 1569859200 ) ) LIMIT 1  
ERR: You have an error in your SQL syntax; check the manual that corresponds to your MySQL server version for the right syntax to use near 'BETWEEN 1567267200 AND 1569859200 ) ) LIMIT 1' at line 1
 [ SQL语句 ] : SELECT COUNT(*) AS tp_count FROM pd_visitor_plan visitor_plan  JOIN pd_event event ON visitor_plan.event_id=event.event_id WHERE (  (visitor_plan. BETWEEN 1567267200 AND 1569859200 ) ) LIMIT 1  
ERR: You have an error in your SQL syntax; check the manual that corresponds to your MySQL server version for the right syntax to use near 'BETWEEN 1546272000 AND 1577808000 ) ) LIMIT 1' at line 1
 [ SQL语句 ] : SELECT COUNT(*) AS tp_count FROM pd_visitor_plan visitor_plan  JOIN pd_event event ON visitor_plan.event_id=event.event_id WHERE (  (visitor_plan. BETWEEN 1546272000 AND 1577808000 ) ) LIMIT 1  
ERR: You have an error in your SQL syntax; check the manual that corresponds to your MySQL server version for the right syntax to use near 'BETWEEN 1546272000 AND 1577808000 ) ) LIMIT 1' at line 1
 [ SQL语句 ] : SELECT COUNT(*) AS tp_count FROM pd_visitor_plan visitor_plan  JOIN pd_event event ON visitor_plan.event_id=event.event_id WHERE (  (visitor_plan. BETWEEN 1546272000 AND 1577808000 ) ) LIMIT 1  
ERR: Table 'wkcrm.pd_banner' doesn't exist
 [ SQL语句 ] : SHOW COLUMNS FROM `pd_banner`
ERR: Table 'wkcrm.pd_banner' doesn't exist
 [ SQL语句 ] : SELECT * FROM `pd_banner` WHERE ( `status` <> 2 ) ORDER BY `order` desc 

[ 2019-09-29T09:56:04+08:00 ] ERR: (ThinkException) 无法加载模块:Index吗，
[ 2019-09-29T09:56:15+08:00 ] 127.0.0.1 /index.php?m=indexm&a=index
ERR: Table 'wkcrm.pd_leadsm' doesn't exist
 [ SQL语句 ] : SHOW COLUMNS FROM `pd_leadsm`
ERR: Table 'wkcrm.pd_leadsm' doesn't exist
 [ SQL语句 ] : SELECT * FROM `pd_leadsm` WHERE ( id = 63 ) LIMIT 1  
ERR: Table 'wkcrm.pd_leadsm' doesn't exist
 [ SQL语句 ] : SELECT * FROM `pd_leadsm` WHERE ( id = 62 ) LIMIT 1  
ERR: Table 'wkcrm.pd_leadsm' doesn't exist
 [ SQL语句 ] : SELECT * FROM `pd_leadsm` WHERE ( id = 61 ) LIMIT 1  
ERR: Table 'wkcrm.pd_leadsm' doesn't exist
 [ SQL语句 ] : SELECT * FROM `pd_leadsm` WHERE ( id = 60 ) LIMIT 1  
ERR: Table 'wkcrm.pd_leadsm' doesn't exist
 [ SQL语句 ] : SELECT * FROM `pd_leadsm` WHERE ( id = 59 ) LIMIT 1  
ERR: Table 'wkcrm.pd_leadsm' doesn't exist
 [ SQL语句 ] : SELECT * FROM `pd_leadsm` WHERE ( id = 58 ) LIMIT 1  
ERR: Table 'wkcrm.pd_leadsm' doesn't exist
 [ SQL语句 ] : SELECT * FROM `pd_leadsm` WHERE ( id = 57 ) LIMIT 1  
ERR: Table 'wkcrm.pd_leadsm' doesn't exist
 [ SQL语句 ] : SELECT * FROM `pd_leadsm` WHERE ( id = 56 ) LIMIT 1  
ERR: Table 'wkcrm.pd_leadsm' doesn't exist
 [ SQL语句 ] : SELECT * FROM `pd_leadsm` WHERE ( id = 55 ) LIMIT 1  
ERR: Table 'wkcrm.pd_leadsm' doesn't exist
 [ SQL语句 ] : SELECT * FROM `pd_leadsm` WHERE ( id = 54 ) LIMIT 1  
ERR: Table 'wkcrm.pd_visitor_plan' doesn't exist
 [ SQL语句 ] : SHOW COLUMNS FROM `pd_visitor_plan`
ERR: You have an error in your SQL syntax; check the manual that corresponds to your MySQL server version for the right syntax to use near 'BETWEEN 1569686400 AND 1569772800 ) ) LIMIT 1' at line 1
 [ SQL语句 ] : SELECT COUNT(*) AS tp_count FROM pd_visitor_plan visitor_plan  JOIN pd_event event ON visitor_plan.event_id=event.event_id WHERE (  (visitor_plan. BETWEEN 1569686400 AND 1569772800 ) ) LIMIT 1  
ERR: You have an error in your SQL syntax; check the manual that corresponds to your MySQL server version for the right syntax to use near 'BETWEEN 1569686400 AND 1569772800 ) ) LIMIT 1' at line 1
 [ SQL语句 ] : SELECT COUNT(*) AS tp_count FROM pd_visitor_plan visitor_plan  JOIN pd_event event ON visitor_plan.event_id=event.event_id WHERE (  (visitor_plan. BETWEEN 1569686400 AND 1569772800 ) ) LIMIT 1  
ERR: You have an error in your SQL syntax; check the manual that corresponds to your MySQL server version for the right syntax to use near 'BETWEEN 1569168000 AND 1569772800 ) ) LIMIT 1' at line 1
 [ SQL语句 ] : SELECT COUNT(*) AS tp_count FROM pd_visitor_plan visitor_plan  JOIN pd_event event ON visitor_plan.event_id=event.event_id WHERE (  (visitor_plan. BETWEEN 1569168000 AND 1569772800 ) ) LIMIT 1  
ERR: You have an error in your SQL syntax; check the manual that corresponds to your MySQL server version for the right syntax to use near 'BETWEEN 1569168000 AND 1569772800 ) ) LIMIT 1' at line 1
 [ SQL语句 ] : SELECT COUNT(*) AS tp_count FROM pd_visitor_plan visitor_plan  JOIN pd_event event ON visitor_plan.event_id=event.event_id WHERE (  (visitor_plan. BETWEEN 1569168000 AND 1569772800 ) ) LIMIT 1  
ERR: You have an error in your SQL syntax; check the manual that corresponds to your MySQL server version for the right syntax to use near 'BETWEEN 1567267200 AND 1569859200 ) ) LIMIT 1' at line 1
 [ SQL语句 ] : SELECT COUNT(*) AS tp_count FROM pd_visitor_plan visitor_plan  JOIN pd_event event ON visitor_plan.event_id=event.event_id WHERE (  (visitor_plan. BETWEEN 1567267200 AND 1569859200 ) ) LIMIT 1  
ERR: You have an error in your SQL syntax; check the manual that corresponds to your MySQL server version for the right syntax to use near 'BETWEEN 1567267200 AND 1569859200 ) ) LIMIT 1' at line 1
 [ SQL语句 ] : SELECT COUNT(*) AS tp_count FROM pd_visitor_plan visitor_plan  JOIN pd_event event ON visitor_plan.event_id=event.event_id WHERE (  (visitor_plan. BETWEEN 1567267200 AND 1569859200 ) ) LIMIT 1  
ERR: You have an error in your SQL syntax; check the manual that corresponds to your MySQL server version for the right syntax to use near 'BETWEEN 1546272000 AND 1577808000 ) ) LIMIT 1' at line 1
 [ SQL语句 ] : SELECT COUNT(*) AS tp_count FROM pd_visitor_plan visitor_plan  JOIN pd_event event ON visitor_plan.event_id=event.event_id WHERE (  (visitor_plan. BETWEEN 1546272000 AND 1577808000 ) ) LIMIT 1  
ERR: You have an error in your SQL syntax; check the manual that corresponds to your MySQL server version for the right syntax to use near 'BETWEEN 1546272000 AND 1577808000 ) ) LIMIT 1' at line 1
 [ SQL语句 ] : SELECT COUNT(*) AS tp_count FROM pd_visitor_plan visitor_plan  JOIN pd_event event ON visitor_plan.event_id=event.event_id WHERE (  (visitor_plan. BETWEEN 1546272000 AND 1577808000 ) ) LIMIT 1  
ERR: Table 'wkcrm.pd_banner' doesn't exist
 [ SQL语句 ] : SHOW COLUMNS FROM `pd_banner`
ERR: Table 'wkcrm.pd_banner' doesn't exist
 [ SQL语句 ] : SELECT * FROM `pd_banner` WHERE ( `status` <> 2 ) ORDER BY `order` desc 

[ 2019-09-29T09:56:23+08:00 ] 127.0.0.1 /index.php?m=leadsm&a=index
ERR: Table 'wkcrm.pd_search' doesn't exist
 [ SQL语句 ] : SHOW COLUMNS FROM `pd_search`

[ 2019-09-29T10:27:04+08:00 ] 127.0.0.1 /
ERR: Table 'wkcrm.pd_leadsm' doesn't exist
 [ SQL语句 ] : SHOW COLUMNS FROM `pd_leadsm`
ERR: Table 'wkcrm.pd_leadsm' doesn't exist
 [ SQL语句 ] : SELECT * FROM `pd_leadsm` WHERE ( id = 63 ) LIMIT 1  
ERR: Table 'wkcrm.pd_leadsm' doesn't exist
 [ SQL语句 ] : SELECT * FROM `pd_leadsm` WHERE ( id = 62 ) LIMIT 1  
ERR: Table 'wkcrm.pd_leadsm' doesn't exist
 [ SQL语句 ] : SELECT * FROM `pd_leadsm` WHERE ( id = 61 ) LIMIT 1  
ERR: Table 'wkcrm.pd_leadsm' doesn't exist
 [ SQL语句 ] : SELECT * FROM `pd_leadsm` WHERE ( id = 60 ) LIMIT 1  
ERR: Table 'wkcrm.pd_leadsm' doesn't exist
 [ SQL语句 ] : SELECT * FROM `pd_leadsm` WHERE ( id = 59 ) LIMIT 1  
ERR: Table 'wkcrm.pd_leadsm' doesn't exist
 [ SQL语句 ] : SELECT * FROM `pd_leadsm` WHERE ( id = 58 ) LIMIT 1  
ERR: Table 'wkcrm.pd_leadsm' doesn't exist
 [ SQL语句 ] : SELECT * FROM `pd_leadsm` WHERE ( id = 57 ) LIMIT 1  
ERR: Table 'wkcrm.pd_leadsm' doesn't exist
 [ SQL语句 ] : SELECT * FROM `pd_leadsm` WHERE ( id = 56 ) LIMIT 1  
ERR: Table 'wkcrm.pd_leadsm' doesn't exist
 [ SQL语句 ] : SELECT * FROM `pd_leadsm` WHERE ( id = 55 ) LIMIT 1  
ERR: Table 'wkcrm.pd_leadsm' doesn't exist
 [ SQL语句 ] : SELECT * FROM `pd_leadsm` WHERE ( id = 54 ) LIMIT 1  
ERR: Table 'wkcrm.pd_visitor_plan' doesn't exist
 [ SQL语句 ] : SHOW COLUMNS FROM `pd_visitor_plan`
ERR: You have an error in your SQL syntax; check the manual that corresponds to your MySQL server version for the right syntax to use near 'BETWEEN 1569686400 AND 1569772800 ) ) LIMIT 1' at line 1
 [ SQL语句 ] : SELECT COUNT(*) AS tp_count FROM pd_visitor_plan visitor_plan  JOIN pd_event event ON visitor_plan.event_id=event.event_id WHERE (  (visitor_plan. BETWEEN 1569686400 AND 1569772800 ) ) LIMIT 1  
ERR: You have an error in your SQL syntax; check the manual that corresponds to your MySQL server version for the right syntax to use near 'BETWEEN 1569686400 AND 1569772800 ) ) LIMIT 1' at line 1
 [ SQL语句 ] : SELECT COUNT(*) AS tp_count FROM pd_visitor_plan visitor_plan  JOIN pd_event event ON visitor_plan.event_id=event.event_id WHERE (  (visitor_plan. BETWEEN 1569686400 AND 1569772800 ) ) LIMIT 1  
ERR: You have an error in your SQL syntax; check the manual that corresponds to your MySQL server version for the right syntax to use near 'BETWEEN 1569168000 AND 1569772800 ) ) LIMIT 1' at line 1
 [ SQL语句 ] : SELECT COUNT(*) AS tp_count FROM pd_visitor_plan visitor_plan  JOIN pd_event event ON visitor_plan.event_id=event.event_id WHERE (  (visitor_plan. BETWEEN 1569168000 AND 1569772800 ) ) LIMIT 1  
ERR: You have an error in your SQL syntax; check the manual that corresponds to your MySQL server version for the right syntax to use near 'BETWEEN 1569168000 AND 1569772800 ) ) LIMIT 1' at line 1
 [ SQL语句 ] : SELECT COUNT(*) AS tp_count FROM pd_visitor_plan visitor_plan  JOIN pd_event event ON visitor_plan.event_id=event.event_id WHERE (  (visitor_plan. BETWEEN 1569168000 AND 1569772800 ) ) LIMIT 1  
ERR: You have an error in your SQL syntax; check the manual that corresponds to your MySQL server version for the right syntax to use near 'BETWEEN 1567267200 AND 1569859200 ) ) LIMIT 1' at line 1
 [ SQL语句 ] : SELECT COUNT(*) AS tp_count FROM pd_visitor_plan visitor_plan  JOIN pd_event event ON visitor_plan.event_id=event.event_id WHERE (  (visitor_plan. BETWEEN 1567267200 AND 1569859200 ) ) LIMIT 1  
ERR: You have an error in your SQL syntax; check the manual that corresponds to your MySQL server version for the right syntax to use near 'BETWEEN 1567267200 AND 1569859200 ) ) LIMIT 1' at line 1
 [ SQL语句 ] : SELECT COUNT(*) AS tp_count FROM pd_visitor_plan visitor_plan  JOIN pd_event event ON visitor_plan.event_id=event.event_id WHERE (  (visitor_plan. BETWEEN 1567267200 AND 1569859200 ) ) LIMIT 1  
ERR: You have an error in your SQL syntax; check the manual that corresponds to your MySQL server version for the right syntax to use near 'BETWEEN 1546272000 AND 1577808000 ) ) LIMIT 1' at line 1
 [ SQL语句 ] : SELECT COUNT(*) AS tp_count FROM pd_visitor_plan visitor_plan  JOIN pd_event event ON visitor_plan.event_id=event.event_id WHERE (  (visitor_plan. BETWEEN 1546272000 AND 1577808000 ) ) LIMIT 1  
ERR: You have an error in your SQL syntax; check the manual that corresponds to your MySQL server version for the right syntax to use near 'BETWEEN 1546272000 AND 1577808000 ) ) LIMIT 1' at line 1
 [ SQL语句 ] : SELECT COUNT(*) AS tp_count FROM pd_visitor_plan visitor_plan  JOIN pd_event event ON visitor_plan.event_id=event.event_id WHERE (  (visitor_plan. BETWEEN 1546272000 AND 1577808000 ) ) LIMIT 1  
ERR: Table 'wkcrm.pd_system' doesn't exist
 [ SQL语句 ] : SHOW COLUMNS FROM `pd_system`

[ 2019-09-29T10:44:58+08:00 ] 127.0.0.1 /index.php?m=leadsm&a=index&by=public
ERR: Table 'wkcrm.pd_search' doesn't exist
 [ SQL语句 ] : SHOW COLUMNS FROM `pd_search`

[ 2019-09-29T10:45:02+08:00 ] 127.0.0.1 /index.php?m=leadsm&a=index&by=public
ERR: Table 'wkcrm.pd_search' doesn't exist
 [ SQL语句 ] : SHOW COLUMNS FROM `pd_search`

[ 2019-09-29T10:45:03+08:00 ] 127.0.0.1 /index.php?m=leadsm&a=index
ERR: Table 'wkcrm.pd_search' doesn't exist
 [ SQL语句 ] : SHOW COLUMNS FROM `pd_search`

[ 2019-09-29T10:45:20+08:00 ] 127.0.0.1 /index.php?m=leadsm&a=index
ERR: Table 'wkcrm.pd_search' doesn't exist
 [ SQL语句 ] : SHOW COLUMNS FROM `pd_search`

[ 2019-09-29T10:45:29+08:00 ] 127.0.0.1 /index.php?m=leadsm&a=index
ERR: Table 'wkcrm.pd_search' doesn't exist
 [ SQL语句 ] : SHOW COLUMNS FROM `pd_search`

[ 2019-09-29T10:45:41+08:00 ] 127.0.0.1 /index.php?m=leadsm&a=index
ERR: Table 'wkcrm.pd_search' doesn't exist
 [ SQL语句 ] : SHOW COLUMNS FROM `pd_search`

[ 2019-09-29T10:45:55+08:00 ] 127.0.0.1 /index.php?m=leadsm&a=index
ERR: Table 'wkcrm.pd_search' doesn't exist
 [ SQL语句 ] : SHOW COLUMNS FROM `pd_search`

[ 2019-09-29T10:46:01+08:00 ] 127.0.0.1 /index.php?m=leads&a=index
ERR: Table 'wkcrm.pd_search' doesn't exist
 [ SQL语句 ] : SHOW COLUMNS FROM `pd_search`
ERR: Table 'wkcrm.pd_system' doesn't exist
 [ SQL语句 ] : SHOW COLUMNS FROM `pd_system`

[ 2019-09-29T10:46:09+08:00 ] 127.0.0.1 /index.php?m=leads&a=index
ERR: Table 'wkcrm.pd_search' doesn't exist
 [ SQL语句 ] : SHOW COLUMNS FROM `pd_search`
ERR: Table 'wkcrm.pd_system' doesn't exist
 [ SQL语句 ] : SHOW COLUMNS FROM `pd_system`

[ 2019-09-29T10:46:13+08:00 ] 127.0.0.1 /index.php?m=leadsm&a=index
ERR: Table 'wkcrm.pd_search' doesn't exist
 [ SQL语句 ] : SHOW COLUMNS FROM `pd_search`

[ 2019-09-29T10:46:15+08:00 ] 127.0.0.1 /index.php?m=leadsm&a=index&by=public
ERR: Table 'wkcrm.pd_search' doesn't exist
 [ SQL语句 ] : SHOW COLUMNS FROM `pd_search`

[ 2019-09-29T10:46:18+08:00 ] 127.0.0.1 /index.php?m=leadsm&a=index
ERR: Table 'wkcrm.pd_search' doesn't exist
 [ SQL语句 ] : SHOW COLUMNS FROM `pd_search`

[ 2019-09-29T10:46:27+08:00 ] 127.0.0.1 /index.php?m=leadsm&a=index
ERR: Table 'wkcrm.pd_search' doesn't exist
 [ SQL语句 ] : SHOW COLUMNS FROM `pd_search`

[ 2019-09-29T10:46:44+08:00 ] 127.0.0.1 /index.php?m=leadsm&a=index
ERR: Table 'wkcrm.pd_search' doesn't exist
 [ SQL语句 ] : SHOW COLUMNS FROM `pd_search`

[ 2019-09-29T10:46:56+08:00 ] 127.0.0.1 /index.php?m=leadsm&a=index
ERR: Table 'wkcrm.pd_search' doesn't exist
 [ SQL语句 ] : SHOW COLUMNS FROM `pd_search`

[ 2019-09-29T10:47:00+08:00 ] 127.0.0.1 /index.php?m=leadsm&a=index&by=public
ERR: Table 'wkcrm.pd_search' doesn't exist
 [ SQL语句 ] : SHOW COLUMNS FROM `pd_search`

[ 2019-09-29T10:47:01+08:00 ] 127.0.0.1 /index.php?m=leadsm&a=index
ERR: Table 'wkcrm.pd_search' doesn't exist
 [ SQL语句 ] : SHOW COLUMNS FROM `pd_search`

[ 2019-09-29T10:47:03+08:00 ] 127.0.0.1 /index.php?m=customerm&a=index
ERR: Table 'wkcrm.pd_search' doesn't exist
 [ SQL语句 ] : SHOW COLUMNS FROM `pd_search`
ERR: Table 'wkcrm.pd_customerm' doesn't exist
 [ SQL语句 ] : SHOW COLUMNS FROM `pd_customerm`

[ 2019-09-29T10:47:04+08:00 ] 127.0.0.1 /index.php?m=customerm&a=index&content=resource
ERR: Table 'wkcrm.pd_search' doesn't exist
 [ SQL语句 ] : SHOW COLUMNS FROM `pd_search`
ERR: Table 'wkcrm.pd_customerm' doesn't exist
 [ SQL语句 ] : SHOW COLUMNS FROM `pd_customerm`

[ 2019-09-29T10:47:07+08:00 ] 127.0.0.1 /index.php?m=customerm&a=index
ERR: Table 'wkcrm.pd_search' doesn't exist
 [ SQL语句 ] : SHOW COLUMNS FROM `pd_search`
ERR: Table 'wkcrm.pd_customerm' doesn't exist
 [ SQL语句 ] : SHOW COLUMNS FROM `pd_customerm`

[ 2019-09-29T10:47:10+08:00 ] 127.0.0.1 /index.php?m=customerm&a=index&content=resource
ERR: Table 'wkcrm.pd_search' doesn't exist
 [ SQL语句 ] : SHOW COLUMNS FROM `pd_search`
ERR: Table 'wkcrm.pd_customerm' doesn't exist
 [ SQL语句 ] : SHOW COLUMNS FROM `pd_customerm`

[ 2019-09-29T10:52:26+08:00 ] 127.0.0.1 /index.php?m=customerm&a=index&content=resource
ERR: Table 'wkcrm.pd_search' doesn't exist
 [ SQL语句 ] : SHOW COLUMNS FROM `pd_search`
ERR: Table 'wkcrm.pd_customerm' doesn't exist
 [ SQL语句 ] : SHOW COLUMNS FROM `pd_customerm`

[ 2019-09-29T10:52:38+08:00 ] 127.0.0.1 /index.php?m=customerm&a=index&content=resource
ERR: Table 'wkcrm.pd_search' doesn't exist
 [ SQL语句 ] : SHOW COLUMNS FROM `pd_search`
ERR: Table 'wkcrm.pd_customerm' doesn't exist
 [ SQL语句 ] : SHOW COLUMNS FROM `pd_customerm`

[ 2019-09-29T10:52:44+08:00 ] 127.0.0.1 /index.php?m=customerm&a=index&content=resource
ERR: Table 'wkcrm.pd_search' doesn't exist
 [ SQL语句 ] : SHOW COLUMNS FROM `pd_search`
ERR: Table 'wkcrm.pd_customerm' doesn't exist
 [ SQL语句 ] : SHOW COLUMNS FROM `pd_customerm`

[ 2019-09-29T10:53:04+08:00 ] 127.0.0.1 /index.php?m=customerm&a=index&content=resource
ERR: Table 'wkcrm.pd_search' doesn't exist
 [ SQL语句 ] : SHOW COLUMNS FROM `pd_search`
ERR: Table 'wkcrm.pd_customerm' doesn't exist
 [ SQL语句 ] : SHOW COLUMNS FROM `pd_customerm`

[ 2019-09-29T10:53:47+08:00 ] 127.0.0.1 /index.php?m=customerm&a=index&content=resource
ERR: Table 'wkcrm.pd_search' doesn't exist
 [ SQL语句 ] : SHOW COLUMNS FROM `pd_search`
ERR: Table 'wkcrm.pd_customerm' doesn't exist
 [ SQL语句 ] : SHOW COLUMNS FROM `pd_customerm`

[ 2019-09-29T10:55:09+08:00 ] 127.0.0.1 /index.php?m=customerm&a=index&content=resource
ERR: Table 'wkcrm.pd_search' doesn't exist
 [ SQL语句 ] : SHOW COLUMNS FROM `pd_search`
ERR: Table 'wkcrm.pd_customerm' doesn't exist
 [ SQL语句 ] : SHOW COLUMNS FROM `pd_customerm`

[ 2019-09-29T10:55:19+08:00 ] 127.0.0.1 /index.php?m=customerm&a=index&content=resource
ERR: Table 'wkcrm.pd_search' doesn't exist
 [ SQL语句 ] : SHOW COLUMNS FROM `pd_search`
ERR: Table 'wkcrm.pd_customerm' doesn't exist
 [ SQL语句 ] : SHOW COLUMNS FROM `pd_customerm`

[ 2019-09-29T10:55:55+08:00 ] 127.0.0.1 /index.php?m=customerm&a=index&content=resource
ERR: Table 'wkcrm.pd_search' doesn't exist
 [ SQL语句 ] : SHOW COLUMNS FROM `pd_search`
ERR: Table 'wkcrm.pd_customerm' doesn't exist
 [ SQL语句 ] : SHOW COLUMNS FROM `pd_customerm`

[ 2019-09-29T10:57:01+08:00 ] 127.0.0.1 /index.php?m=customerm&a=index&content=resource
ERR: Table 'wkcrm.pd_search' doesn't exist
 [ SQL语句 ] : SHOW COLUMNS FROM `pd_search`
ERR: Table 'wkcrm.pd_customerm' doesn't exist
 [ SQL语句 ] : SHOW COLUMNS FROM `pd_customerm`

[ 2019-09-29T10:57:19+08:00 ] 127.0.0.1 /index.php?m=customerm&a=index&content=resource
ERR: Table 'wkcrm.pd_search' doesn't exist
 [ SQL语句 ] : SHOW COLUMNS FROM `pd_search`
ERR: Table 'wkcrm.pd_customerm' doesn't exist
 [ SQL语句 ] : SHOW COLUMNS FROM `pd_customerm`

[ 2019-09-29T11:01:00+08:00 ] 127.0.0.1 /index.php?m=leads&a=index
ERR: Table 'wkcrm.pd_search' doesn't exist
 [ SQL语句 ] : SHOW COLUMNS FROM `pd_search`
ERR: Table 'wkcrm.pd_system' doesn't exist
 [ SQL语句 ] : SHOW COLUMNS FROM `pd_system`

[ 2019-09-29T11:01:41+08:00 ] 127.0.0.1 /index.php?m=leads&a=index
ERR: Table 'wkcrm.pd_search' doesn't exist
 [ SQL语句 ] : SHOW COLUMNS FROM `pd_search`
ERR: Table 'wkcrm.pd_system' doesn't exist
 [ SQL语句 ] : SHOW COLUMNS FROM `pd_system`

[ 2019-09-29T11:17:08+08:00 ] 127.0.0.1 /index.php?m=customerm&a=index&content=resource
ERR: Table 'wkcrm.pd_search' doesn't exist
 [ SQL语句 ] : SHOW COLUMNS FROM `pd_search`
ERR: Table 'wkcrm.pd_customerm' doesn't exist
 [ SQL语句 ] : SHOW COLUMNS FROM `pd_customerm`

[ 2019-09-29T11:17:44+08:00 ] 127.0.0.1 /index.php?m=customerm&a=index&content=resource
ERR: Table 'wkcrm.pd_search' doesn't exist
 [ SQL语句 ] : SHOW COLUMNS FROM `pd_search`
ERR: Table 'wkcrm.pd_customerm' doesn't exist
 [ SQL语句 ] : SHOW COLUMNS FROM `pd_customerm`

[ 2019-09-29T11:30:03+08:00 ] 127.0.0.1 /index.php?m=customerm&a=index&content=resource
ERR: Table 'wkcrm.pd_search' doesn't exist
 [ SQL语句 ] : SHOW COLUMNS FROM `pd_search`
ERR: Table 'wkcrm.pd_customerm' doesn't exist
 [ SQL语句 ] : SHOW COLUMNS FROM `pd_customerm`

[ 2019-09-29T11:30:22+08:00 ] 127.0.0.1 /index.php?m=customerm&a=index
ERR: Table 'wkcrm.pd_search' doesn't exist
 [ SQL语句 ] : SHOW COLUMNS FROM `pd_search`
ERR: Table 'wkcrm.pd_customerm' doesn't exist
 [ SQL语句 ] : SHOW COLUMNS FROM `pd_customerm`

[ 2019-09-29T11:30:47+08:00 ] 127.0.0.1 /index.php?m=customerm&a=index&content=resource
ERR: Table 'wkcrm.pd_search' doesn't exist
 [ SQL语句 ] : SHOW COLUMNS FROM `pd_search`
ERR: Table 'wkcrm.pd_customerm' doesn't exist
 [ SQL语句 ] : SHOW COLUMNS FROM `pd_customerm`

[ 2019-09-29T11:31:34+08:00 ] 127.0.0.1 /index.php?m=customerm&a=index&content=resource
ERR: Table 'wkcrm.pd_search' doesn't exist
 [ SQL语句 ] : SHOW COLUMNS FROM `pd_search`
ERR: Table 'wkcrm.pd_customerm' doesn't exist
 [ SQL语句 ] : SHOW COLUMNS FROM `pd_customerm`

[ 2019-09-29T14:12:52+08:00 ] 127.0.0.1 /index.php?m=leadsm&a=index
ERR: Table 'wkcrm.pd_search' doesn't exist
 [ SQL语句 ] : SHOW COLUMNS FROM `pd_search`

[ 2019-09-29T14:12:54+08:00 ] 127.0.0.1 /index.php?m=leadsm&a=view&id=70&by=me
ERR: You have an error in your SQL syntax; check the manual that corresponds to your MySQL server version for the right syntax to use near '%s) ) ORDER BY log_id desc' at line 1
 [ SQL语句 ] : SELECT * FROM `pd_log` WHERE ( log_id in (%s) ) ORDER BY log_id desc 
ERR: You have an error in your SQL syntax; check the manual that corresponds to your MySQL server version for the right syntax to use near '%s) )' at line 1
 [ SQL语句 ] : SELECT * FROM `pd_file` WHERE ( file_id in (%s) ) 

[ 2019-09-29T14:13:13+08:00 ] 127.0.0.1 /index.php?m=leadsm&a=view&id=70&by=me
ERR: You have an error in your SQL syntax; check the manual that corresponds to your MySQL server version for the right syntax to use near '%s) ) ORDER BY log_id desc' at line 1
 [ SQL语句 ] : SELECT * FROM `pd_log` WHERE ( log_id in (%s) ) ORDER BY log_id desc 
ERR: You have an error in your SQL syntax; check the manual that corresponds to your MySQL server version for the right syntax to use near '%s) )' at line 1
 [ SQL语句 ] : SELECT * FROM `pd_file` WHERE ( file_id in (%s) ) 

[ 2019-09-29T14:13:22+08:00 ] 127.0.0.1 /index.php?m=leadsm&a=view&id=70&by=me
ERR: You have an error in your SQL syntax; check the manual that corresponds to your MySQL server version for the right syntax to use near '%s) ) ORDER BY log_id desc' at line 1
 [ SQL语句 ] : SELECT * FROM `pd_log` WHERE ( log_id in (%s) ) ORDER BY log_id desc 
ERR: You have an error in your SQL syntax; check the manual that corresponds to your MySQL server version for the right syntax to use near '%s) )' at line 1
 [ SQL语句 ] : SELECT * FROM `pd_file` WHERE ( file_id in (%s) ) 

[ 2019-09-29T14:13:30+08:00 ] 127.0.0.1 /index.php?m=leadsm&a=index
ERR: Table 'wkcrm.pd_search' doesn't exist
 [ SQL语句 ] : SHOW COLUMNS FROM `pd_search`

[ 2019-09-29T14:13:30+08:00 ] 127.0.0.1 /index.php?m=customerm&a=index&content=resource
ERR: Table 'wkcrm.pd_search' doesn't exist
 [ SQL语句 ] : SHOW COLUMNS FROM `pd_search`
ERR: Table 'wkcrm.pd_customerm' doesn't exist
 [ SQL语句 ] : SHOW COLUMNS FROM `pd_customerm`

[ 2019-09-29T15:31:49+08:00 ] 127.0.0.1 /index.php?m=leadsm&a=index
ERR: Table 'wkcrm.pd_search' doesn't exist
 [ SQL语句 ] : SHOW COLUMNS FROM `pd_search`

[ 2019-09-29T15:31:50+08:00 ] 127.0.0.1 /index.php?m=indexm&a=index
ERR: Table 'wkcrm.pd_leadsm' doesn't exist
 [ SQL语句 ] : SHOW COLUMNS FROM `pd_leadsm`
ERR: Table 'wkcrm.pd_leadsm' doesn't exist
 [ SQL语句 ] : SELECT * FROM `pd_leadsm` WHERE ( id = 70 ) LIMIT 1  
ERR: Table 'wkcrm.pd_leadsm' doesn't exist
 [ SQL语句 ] : SELECT * FROM `pd_leadsm` WHERE ( id = 69 ) LIMIT 1  
ERR: Table 'wkcrm.pd_leadsm' doesn't exist
 [ SQL语句 ] : SELECT * FROM `pd_leadsm` WHERE ( id = 68 ) LIMIT 1  
ERR: Table 'wkcrm.pd_leadsm' doesn't exist
 [ SQL语句 ] : SELECT * FROM `pd_leadsm` WHERE ( id = 67 ) LIMIT 1  
ERR: Table 'wkcrm.pd_leadsm' doesn't exist
 [ SQL语句 ] : SELECT * FROM `pd_leadsm` WHERE ( id = 66 ) LIMIT 1  
ERR: Table 'wkcrm.pd_leadsm' doesn't exist
 [ SQL语句 ] : SELECT * FROM `pd_leadsm` WHERE ( id = 65 ) LIMIT 1  
ERR: Table 'wkcrm.pd_leadsm' doesn't exist
 [ SQL语句 ] : SELECT * FROM `pd_leadsm` WHERE ( id = 64 ) LIMIT 1  
ERR: Table 'wkcrm.pd_leadsm' doesn't exist
 [ SQL语句 ] : SELECT * FROM `pd_leadsm` WHERE ( id = 63 ) LIMIT 1  
ERR: Table 'wkcrm.pd_leadsm' doesn't exist
 [ SQL语句 ] : SELECT * FROM `pd_leadsm` WHERE ( id = 62 ) LIMIT 1  
ERR: Table 'wkcrm.pd_leadsm' doesn't exist
 [ SQL语句 ] : SELECT * FROM `pd_leadsm` WHERE ( id = 61 ) LIMIT 1  
ERR: Table 'wkcrm.pd_visitor_plan' doesn't exist
 [ SQL语句 ] : SHOW COLUMNS FROM `pd_visitor_plan`
ERR: You have an error in your SQL syntax; check the manual that corresponds to your MySQL server version for the right syntax to use near 'BETWEEN 1569686400 AND 1569772800 ) ) LIMIT 1' at line 1
 [ SQL语句 ] : SELECT COUNT(*) AS tp_count FROM pd_visitor_plan visitor_plan  JOIN pd_event event ON visitor_plan.event_id=event.event_id WHERE (  (visitor_plan. BETWEEN 1569686400 AND 1569772800 ) ) LIMIT 1  
ERR: You have an error in your SQL syntax; check the manual that corresponds to your MySQL server version for the right syntax to use near 'BETWEEN 1569686400 AND 1569772800 ) ) LIMIT 1' at line 1
 [ SQL语句 ] : SELECT COUNT(*) AS tp_count FROM pd_visitor_plan visitor_plan  JOIN pd_event event ON visitor_plan.event_id=event.event_id WHERE (  (visitor_plan. BETWEEN 1569686400 AND 1569772800 ) ) LIMIT 1  
ERR: You have an error in your SQL syntax; check the manual that corresponds to your MySQL server version for the right syntax to use near 'BETWEEN 1569168000 AND 1569772800 ) ) LIMIT 1' at line 1
 [ SQL语句 ] : SELECT COUNT(*) AS tp_count FROM pd_visitor_plan visitor_plan  JOIN pd_event event ON visitor_plan.event_id=event.event_id WHERE (  (visitor_plan. BETWEEN 1569168000 AND 1569772800 ) ) LIMIT 1  
ERR: You have an error in your SQL syntax; check the manual that corresponds to your MySQL server version for the right syntax to use near 'BETWEEN 1569168000 AND 1569772800 ) ) LIMIT 1' at line 1
 [ SQL语句 ] : SELECT COUNT(*) AS tp_count FROM pd_visitor_plan visitor_plan  JOIN pd_event event ON visitor_plan.event_id=event.event_id WHERE (  (visitor_plan. BETWEEN 1569168000 AND 1569772800 ) ) LIMIT 1  
ERR: You have an error in your SQL syntax; check the manual that corresponds to your MySQL server version for the right syntax to use near 'BETWEEN 1567267200 AND 1569859200 ) ) LIMIT 1' at line 1
 [ SQL语句 ] : SELECT COUNT(*) AS tp_count FROM pd_visitor_plan visitor_plan  JOIN pd_event event ON visitor_plan.event_id=event.event_id WHERE (  (visitor_plan. BETWEEN 1567267200 AND 1569859200 ) ) LIMIT 1  
ERR: You have an error in your SQL syntax; check the manual that corresponds to your MySQL server version for the right syntax to use near 'BETWEEN 1567267200 AND 1569859200 ) ) LIMIT 1' at line 1
 [ SQL语句 ] : SELECT COUNT(*) AS tp_count FROM pd_visitor_plan visitor_plan  JOIN pd_event event ON visitor_plan.event_id=event.event_id WHERE (  (visitor_plan. BETWEEN 1567267200 AND 1569859200 ) ) LIMIT 1  
ERR: You have an error in your SQL syntax; check the manual that corresponds to your MySQL server version for the right syntax to use near 'BETWEEN 1546272000 AND 1577808000 ) ) LIMIT 1' at line 1
 [ SQL语句 ] : SELECT COUNT(*) AS tp_count FROM pd_visitor_plan visitor_plan  JOIN pd_event event ON visitor_plan.event_id=event.event_id WHERE (  (visitor_plan. BETWEEN 1546272000 AND 1577808000 ) ) LIMIT 1  
ERR: You have an error in your SQL syntax; check the manual that corresponds to your MySQL server version for the right syntax to use near 'BETWEEN 1546272000 AND 1577808000 ) ) LIMIT 1' at line 1
 [ SQL语句 ] : SELECT COUNT(*) AS tp_count FROM pd_visitor_plan visitor_plan  JOIN pd_event event ON visitor_plan.event_id=event.event_id WHERE (  (visitor_plan. BETWEEN 1546272000 AND 1577808000 ) ) LIMIT 1  
ERR: Table 'wkcrm.pd_banner' doesn't exist
 [ SQL语句 ] : SHOW COLUMNS FROM `pd_banner`
ERR: Table 'wkcrm.pd_banner' doesn't exist
 [ SQL语句 ] : SELECT * FROM `pd_banner` WHERE ( `status` <> 2 ) ORDER BY `order` desc 

[ 2019-09-29T15:31:52+08:00 ] 127.0.0.1 /index.php?m=leadsm&a=index
ERR: Table 'wkcrm.pd_search' doesn't exist
 [ SQL语句 ] : SHOW COLUMNS FROM `pd_search`

[ 2019-09-29T15:31:53+08:00 ] 127.0.0.1 /index.php?m=userm&a=index
ERR: Table 'wkcrm.pd_user_category' doesn't exist
 [ SQL语句 ] : SHOW COLUMNS FROM `pd_user_category`
ERR: Table 'wkcrm.pd_user_category' doesn't exist
 [ SQL语句 ] : SELECT user.user_id AS user_id,user.name AS name,user.sex AS sex,user.img AS img,user.email AS email,user.telephone AS telephone,user.address AS address,user.status AS status,user_category.name AS category_name,user_category.category_id AS category_id,role.role_id AS role_id,role.position_id AS position_id,position.name AS role_name,position.parent_id AS parent_id,position.department_id AS department_id,position.description AS description,role_department.name AS department_name FROM pd_user user LEFT JOIN pd_user_category user_category ON user.category_id=user_category.category_id LEFT JOIN pd_role role ON user.user_id=role.user_id LEFT JOIN pd_position position ON position.position_id=role.position_id LEFT JOIN pd_role_department role_department ON role_department.department_id=position.department_id WHERE ( user.user_id = 1 ) LIMIT 1  
ERR: Table 'wkcrm.pd_user_category' doesn't exist
 [ SQL语句 ] : SELECT user.user_id AS user_id,user.name AS name,user.sex AS sex,user.img AS img,user.email AS email,user.telephone AS telephone,user.address AS address,user.status AS status,user_category.name AS category_name,user_category.category_id AS category_id,role.role_id AS role_id,role.position_id AS position_id,position.name AS role_name,position.parent_id AS parent_id,position.department_id AS department_id,position.description AS description,role_department.name AS department_name FROM pd_user user LEFT JOIN pd_user_category user_category ON user.category_id=user_category.category_id LEFT JOIN pd_role role ON user.user_id=role.user_id LEFT JOIN pd_position position ON position.position_id=role.position_id LEFT JOIN pd_role_department role_department ON role_department.department_id=position.department_id WHERE ( user.user_id = 2 ) LIMIT 1  
ERR: Table 'wkcrm.pd_user_category' doesn't exist
 [ SQL语句 ] : SELECT user.user_id AS user_id,user.name AS name,user.sex AS sex,user.img AS img,user.email AS email,user.telephone AS telephone,user.address AS address,user.status AS status,user_category.name AS category_name,user_category.category_id AS category_id,role.role_id AS role_id,role.position_id AS position_id,position.name AS role_name,position.parent_id AS parent_id,position.department_id AS department_id,position.description AS description,role_department.name AS department_name FROM pd_user user LEFT JOIN pd_user_category user_category ON user.category_id=user_category.category_id LEFT JOIN pd_role role ON user.user_id=role.user_id LEFT JOIN pd_position position ON position.position_id=role.position_id LEFT JOIN pd_role_department role_department ON role_department.department_id=position.department_id WHERE ( user.user_id = 3 ) LIMIT 1  
ERR: Table 'wkcrm.pd_user_category' doesn't exist
 [ SQL语句 ] : SELECT * FROM `pd_user_category` 

[ 2019-09-29T18:38:16+08:00 ] 127.0.0.1 /index.php?m=leadsm&a=index
ERR: Table 'wkcrm.pd_search' doesn't exist
 [ SQL语句 ] : SHOW COLUMNS FROM `pd_search`

[ 2019-09-29T18:38:22+08:00 ] 127.0.0.1 /index.php?m=leadsm&a=index
ERR: Table 'wkcrm.pd_search' doesn't exist
 [ SQL语句 ] : SHOW COLUMNS FROM `pd_search`

[ 2019-09-29T18:38:23+08:00 ] 127.0.0.1 /index.php?m=leadsm&a=view&id=70&by=me
ERR: You have an error in your SQL syntax; check the manual that corresponds to your MySQL server version for the right syntax to use near '%s) ) ORDER BY log_id desc' at line 1
 [ SQL语句 ] : SELECT * FROM `pd_log` WHERE ( log_id in (%s) ) ORDER BY log_id desc 
ERR: You have an error in your SQL syntax; check the manual that corresponds to your MySQL server version for the right syntax to use near '%s) )' at line 1
 [ SQL语句 ] : SELECT * FROM `pd_file` WHERE ( file_id in (%s) ) 

[ 2019-09-29T19:25:54+08:00 ] 127.0.0.1 /index.php?m=leadsm&a=view&id=70&by=me
ERR: You have an error in your SQL syntax; check the manual that corresponds to your MySQL server version for the right syntax to use near '%s) ) ORDER BY log_id desc' at line 1
 [ SQL语句 ] : SELECT * FROM `pd_log` WHERE ( log_id in (%s) ) ORDER BY log_id desc 
ERR: You have an error in your SQL syntax; check the manual that corresponds to your MySQL server version for the right syntax to use near '%s) )' at line 1
 [ SQL语句 ] : SELECT * FROM `pd_file` WHERE ( file_id in (%s) ) 

[ 2019-09-29T19:26:47+08:00 ] 127.0.0.1 /index.php?m=leadsm&a=view&id=70&by=me
ERR: You have an error in your SQL syntax; check the manual that corresponds to your MySQL server version for the right syntax to use near '%s) ) ORDER BY log_id desc' at line 1
 [ SQL语句 ] : SELECT * FROM `pd_log` WHERE ( log_id in (%s) ) ORDER BY log_id desc 
ERR: You have an error in your SQL syntax; check the manual that corresponds to your MySQL server version for the right syntax to use near '%s) )' at line 1
 [ SQL语句 ] : SELECT * FROM `pd_file` WHERE ( file_id in (%s) ) 

[ 2019-09-29T19:27:00+08:00 ] 127.0.0.1 /index.php?m=leadsm&a=view&id=70&by=me
ERR: You have an error in your SQL syntax; check the manual that corresponds to your MySQL server version for the right syntax to use near '%s) ) ORDER BY log_id desc' at line 1
 [ SQL语句 ] : SELECT * FROM `pd_log` WHERE ( log_id in (%s) ) ORDER BY log_id desc 
ERR: You have an error in your SQL syntax; check the manual that corresponds to your MySQL server version for the right syntax to use near '%s) )' at line 1
 [ SQL语句 ] : SELECT * FROM `pd_file` WHERE ( file_id in (%s) ) 

[ 2019-09-29T19:27:07+08:00 ] 127.0.0.1 /index.php?m=leadsm&a=index
ERR: Table 'wkcrm.pd_search' doesn't exist
 [ SQL语句 ] : SHOW COLUMNS FROM `pd_search`

[ 2019-09-29T19:27:11+08:00 ] 127.0.0.1 /index.php?m=leadsm&a=index
ERR: Table 'wkcrm.pd_search' doesn't exist
 [ SQL语句 ] : SHOW COLUMNS FROM `pd_search`

[ 2019-09-29T19:27:12+08:00 ] 127.0.0.1 /index.php?m=leadsm&a=view&id=70&by=me
ERR: You have an error in your SQL syntax; check the manual that corresponds to your MySQL server version for the right syntax to use near '%s) ) ORDER BY log_id desc' at line 1
 [ SQL语句 ] : SELECT * FROM `pd_log` WHERE ( log_id in (%s) ) ORDER BY log_id desc 
ERR: You have an error in your SQL syntax; check the manual that corresponds to your MySQL server version for the right syntax to use near '%s) )' at line 1
 [ SQL语句 ] : SELECT * FROM `pd_file` WHERE ( file_id in (%s) ) 

[ 2019-09-29T19:27:16+08:00 ] 127.0.0.1 /index.php?m=leadsm&a=view&id=70&by=me
ERR: You have an error in your SQL syntax; check the manual that corresponds to your MySQL server version for the right syntax to use near '%s) ) ORDER BY log_id desc' at line 1
 [ SQL语句 ] : SELECT * FROM `pd_log` WHERE ( log_id in (%s) ) ORDER BY log_id desc 
ERR: You have an error in your SQL syntax; check the manual that corresponds to your MySQL server version for the right syntax to use near '%s) )' at line 1
 [ SQL语句 ] : SELECT * FROM `pd_file` WHERE ( file_id in (%s) ) 

[ 2019-09-29T19:27:21+08:00 ] 127.0.0.1 /index.php?m=leadsm&a=view&id=70&by=me
ERR: You have an error in your SQL syntax; check the manual that corresponds to your MySQL server version for the right syntax to use near '%s) ) ORDER BY log_id desc' at line 1
 [ SQL语句 ] : SELECT * FROM `pd_log` WHERE ( log_id in (%s) ) ORDER BY log_id desc 
ERR: You have an error in your SQL syntax; check the manual that corresponds to your MySQL server version for the right syntax to use near '%s) )' at line 1
 [ SQL语句 ] : SELECT * FROM `pd_file` WHERE ( file_id in (%s) ) 

[ 2019-09-29T19:27:22+08:00 ] 127.0.0.1 /index.php?m=leadsm&a=index
ERR: Table 'wkcrm.pd_search' doesn't exist
 [ SQL语句 ] : SHOW COLUMNS FROM `pd_search`

[ 2019-09-29T19:27:24+08:00 ] 127.0.0.1 /index.php?m=leadsm&a=index&by=public
ERR: Table 'wkcrm.pd_search' doesn't exist
 [ SQL语句 ] : SHOW COLUMNS FROM `pd_search`

[ 2019-09-29T19:27:28+08:00 ] 127.0.0.1 /index.php?m=leadsm&a=index&by=public
ERR: Table 'wkcrm.pd_search' doesn't exist
 [ SQL语句 ] : SHOW COLUMNS FROM `pd_search`

[ 2019-09-29T19:28:06+08:00 ] 127.0.0.1 /index.php?m=customerm&a=index
ERR: Table 'wkcrm.pd_search' doesn't exist
 [ SQL语句 ] : SHOW COLUMNS FROM `pd_search`
ERR: Table 'wkcrm.pd_customerm' doesn't exist
 [ SQL语句 ] : SHOW COLUMNS FROM `pd_customerm`

[ 2019-09-29T19:28:09+08:00 ] 127.0.0.1 /index.php?m=customerm&a=index&content=resource
ERR: Table 'wkcrm.pd_search' doesn't exist
 [ SQL语句 ] : SHOW COLUMNS FROM `pd_search`
ERR: Table 'wkcrm.pd_customerm' doesn't exist
 [ SQL语句 ] : SHOW COLUMNS FROM `pd_customerm`

[ 2019-09-29T19:28:10+08:00 ] 127.0.0.1 /index.php?m=customerm&a=index
ERR: Table 'wkcrm.pd_search' doesn't exist
 [ SQL语句 ] : SHOW COLUMNS FROM `pd_search`
ERR: Table 'wkcrm.pd_customerm' doesn't exist
 [ SQL语句 ] : SHOW COLUMNS FROM `pd_customerm`

[ 2019-09-29T19:28:13+08:00 ] 127.0.0.1 /index.php?m=customerm&a=index
ERR: Table 'wkcrm.pd_search' doesn't exist
 [ SQL语句 ] : SHOW COLUMNS FROM `pd_search`
ERR: Table 'wkcrm.pd_customerm' doesn't exist
 [ SQL语句 ] : SHOW COLUMNS FROM `pd_customerm`

[ 2019-09-29T19:28:16+08:00 ] 127.0.0.1 /index.php?m=customerm&a=index
ERR: Table 'wkcrm.pd_search' doesn't exist
 [ SQL语句 ] : SHOW COLUMNS FROM `pd_search`
ERR: Table 'wkcrm.pd_customerm' doesn't exist
 [ SQL语句 ] : SHOW COLUMNS FROM `pd_customerm`

[ 2019-09-29T19:29:24+08:00 ] 127.0.0.1 /index.php?m=customerm&a=index
ERR: Table 'wkcrm.pd_search' doesn't exist
 [ SQL语句 ] : SHOW COLUMNS FROM `pd_search`
ERR: Table 'wkcrm.pd_customerm' doesn't exist
 [ SQL语句 ] : SHOW COLUMNS FROM `pd_customerm`

[ 2019-09-29T19:30:57+08:00 ] 127.0.0.1 /index.php?m=customerm&a=index
ERR: Table 'wkcrm.pd_search' doesn't exist
 [ SQL语句 ] : SHOW COLUMNS FROM `pd_search`
ERR: Table 'wkcrm.pd_customerm' doesn't exist
 [ SQL语句 ] : SHOW COLUMNS FROM `pd_customerm`

[ 2019-09-29T19:30:58+08:00 ] 127.0.0.1 /index.php?m=customerm&a=index
ERR: Table 'wkcrm.pd_search' doesn't exist
 [ SQL语句 ] : SHOW COLUMNS FROM `pd_search`
ERR: Table 'wkcrm.pd_customerm' doesn't exist
 [ SQL语句 ] : SHOW COLUMNS FROM `pd_customerm`

[ 2019-09-29T19:30:59+08:00 ] 127.0.0.1 /index.php?m=customerm&a=index
ERR: Table 'wkcrm.pd_search' doesn't exist
 [ SQL语句 ] : SHOW COLUMNS FROM `pd_search`
ERR: Table 'wkcrm.pd_customerm' doesn't exist
 [ SQL语句 ] : SHOW COLUMNS FROM `pd_customerm`

[ 2019-09-29T19:31:41+08:00 ] 127.0.0.1 /index.php?m=customerm&a=index
ERR: Table 'wkcrm.pd_search' doesn't exist
 [ SQL语句 ] : SHOW COLUMNS FROM `pd_search`
ERR: Table 'wkcrm.pd_customerm' doesn't exist
 [ SQL语句 ] : SHOW COLUMNS FROM `pd_customerm`

[ 2019-09-29T19:31:44+08:00 ] 127.0.0.1 /index.php?m=customerm&a=index
ERR: Table 'wkcrm.pd_search' doesn't exist
 [ SQL语句 ] : SHOW COLUMNS FROM `pd_search`
ERR: Table 'wkcrm.pd_customerm' doesn't exist
 [ SQL语句 ] : SHOW COLUMNS FROM `pd_customerm`

[ 2019-09-29T19:31:51+08:00 ] 127.0.0.1 /index.php?m=customerm&a=index
ERR: Table 'wkcrm.pd_search' doesn't exist
 [ SQL语句 ] : SHOW COLUMNS FROM `pd_search`
ERR: Table 'wkcrm.pd_customerm' doesn't exist
 [ SQL语句 ] : SHOW COLUMNS FROM `pd_customerm`

[ 2019-09-29T19:31:55+08:00 ] 127.0.0.1 /index.php?m=customerm&a=index
ERR: Table 'wkcrm.pd_search' doesn't exist
 [ SQL语句 ] : SHOW COLUMNS FROM `pd_search`
ERR: Table 'wkcrm.pd_customerm' doesn't exist
 [ SQL语句 ] : SHOW COLUMNS FROM `pd_customerm`

[ 2019-09-29T19:31:58+08:00 ] 127.0.0.1 /index.php?m=customerm&a=index
ERR: Table 'wkcrm.pd_search' doesn't exist
 [ SQL语句 ] : SHOW COLUMNS FROM `pd_search`
ERR: Table 'wkcrm.pd_customerm' doesn't exist
 [ SQL语句 ] : SHOW COLUMNS FROM `pd_customerm`

[ 2019-09-29T19:32:39+08:00 ] 127.0.0.1 /index.php?m=customerm&a=index
ERR: Table 'wkcrm.pd_search' doesn't exist
 [ SQL语句 ] : SHOW COLUMNS FROM `pd_search`
ERR: Table 'wkcrm.pd_customerm' doesn't exist
 [ SQL语句 ] : SHOW COLUMNS FROM `pd_customerm`

[ 2019-09-29T19:32:42+08:00 ] 127.0.0.1 /index.php?m=customerm&a=index
ERR: Table 'wkcrm.pd_search' doesn't exist
 [ SQL语句 ] : SHOW COLUMNS FROM `pd_search`
ERR: Table 'wkcrm.pd_customerm' doesn't exist
 [ SQL语句 ] : SHOW COLUMNS FROM `pd_customerm`

[ 2019-09-29T19:32:51+08:00 ] 127.0.0.1 /index.php?m=customerm&a=index
ERR: Table 'wkcrm.pd_search' doesn't exist
 [ SQL语句 ] : SHOW COLUMNS FROM `pd_search`
ERR: Table 'wkcrm.pd_customerm' doesn't exist
 [ SQL语句 ] : SHOW COLUMNS FROM `pd_customerm`

[ 2019-09-29T19:35:28+08:00 ] 127.0.0.1 /index.php?m=customerm&a=index&content=resource
ERR: Table 'wkcrm.pd_search' doesn't exist
 [ SQL语句 ] : SHOW COLUMNS FROM `pd_search`
ERR: Table 'wkcrm.pd_customerm' doesn't exist
 [ SQL语句 ] : SHOW COLUMNS FROM `pd_customerm`

[ 2019-09-29T19:43:24+08:00 ] 127.0.0.1 /index.php?m=customerm&a=index&content=resource
ERR: Table 'wkcrm.pd_search' doesn't exist
 [ SQL语句 ] : SHOW COLUMNS FROM `pd_search`
ERR: Table 'wkcrm.pd_customerm' doesn't exist
 [ SQL语句 ] : SHOW COLUMNS FROM `pd_customerm`

[ 2019-09-29T19:46:35+08:00 ] 127.0.0.1 /index.php?m=customerm&a=delete
ERR: You have an error in your SQL syntax; check the manual that corresponds to your MySQL server version for the right syntax to use near '%s) )' at line 1
 [ SQL语句 ] : DELETE FROM `pd_log` WHERE ( Log_id in (%s) )
ERR: You have an error in your SQL syntax; check the manual that corresponds to your MySQL server version for the right syntax to use near '%s) )' at line 1
 [ SQL语句 ] : DELETE FROM `pd_file` WHERE ( File_id in (%s) )
ERR: You have an error in your SQL syntax; check the manual that corresponds to your MySQL server version for the right syntax to use near '%s) )' at line 1
 [ SQL语句 ] : DELETE FROM `pd_contacts` WHERE ( Contacts_id in (%s) )

[ 2019-09-29T19:46:46+08:00 ] 127.0.0.1 /index.php?m=customerm&a=index&content=resource
ERR: Table 'wkcrm.pd_search' doesn't exist
 [ SQL语句 ] : SHOW COLUMNS FROM `pd_search`
ERR: Table 'wkcrm.pd_customerm' doesn't exist
 [ SQL语句 ] : SHOW COLUMNS FROM `pd_customerm`

[ 2019-09-29T19:47:05+08:00 ] 127.0.0.1 /index.php?m=customerm&a=index&content=resource
ERR: Table 'wkcrm.pd_search' doesn't exist
 [ SQL语句 ] : SHOW COLUMNS FROM `pd_search`
ERR: Table 'wkcrm.pd_customerm' doesn't exist
 [ SQL语句 ] : SHOW COLUMNS FROM `pd_customerm`

[ 2019-09-29T19:47:07+08:00 ] 127.0.0.1 /index.php?m=customerm&a=index
ERR: Table 'wkcrm.pd_search' doesn't exist
 [ SQL语句 ] : SHOW COLUMNS FROM `pd_search`
ERR: Table 'wkcrm.pd_customerm' doesn't exist
 [ SQL语句 ] : SHOW COLUMNS FROM `pd_customerm`

[ 2019-09-29T19:47:21+08:00 ] 127.0.0.1 /index.php?m=customerm&a=delete
ERR: You have an error in your SQL syntax; check the manual that corresponds to your MySQL server version for the right syntax to use near '%s) )' at line 1
 [ SQL语句 ] : DELETE FROM `pd_log` WHERE ( Log_id in (%s) )
ERR: You have an error in your SQL syntax; check the manual that corresponds to your MySQL server version for the right syntax to use near '%s) )' at line 1
 [ SQL语句 ] : DELETE FROM `pd_file` WHERE ( File_id in (%s) )
ERR: You have an error in your SQL syntax; check the manual that corresponds to your MySQL server version for the right syntax to use near '%s) )' at line 1
 [ SQL语句 ] : DELETE FROM `pd_contacts` WHERE ( Contacts_id in (%s) )

[ 2019-09-29T19:47:24+08:00 ] 127.0.0.1 /index.php?m=customerm&a=index&content=
ERR: Table 'wkcrm.pd_search' doesn't exist
 [ SQL语句 ] : SHOW COLUMNS FROM `pd_search`
ERR: Table 'wkcrm.pd_customerm' doesn't exist
 [ SQL语句 ] : SHOW COLUMNS FROM `pd_customerm`

[ 2019-09-29T19:48:01+08:00 ] 127.0.0.1 /index.php?m=customerm&a=index&content=
ERR: Table 'wkcrm.pd_search' doesn't exist
 [ SQL语句 ] : SHOW COLUMNS FROM `pd_search`
ERR: Table 'wkcrm.pd_customerm' doesn't exist
 [ SQL语句 ] : SHOW COLUMNS FROM `pd_customerm`

[ 2019-09-29T19:48:25+08:00 ] 127.0.0.1 /index.php?m=leadsm&a=index
ERR: Table 'wkcrm.pd_search' doesn't exist
 [ SQL语句 ] : SHOW COLUMNS FROM `pd_search`

[ 2019-09-29T19:48:27+08:00 ] 127.0.0.1 /index.php?m=leadsm&a=index&by=public
ERR: Table 'wkcrm.pd_search' doesn't exist
 [ SQL语句 ] : SHOW COLUMNS FROM `pd_search`

[ 2019-09-29T19:48:31+08:00 ] 127.0.0.1 /index.php?m=customerm&a=index
ERR: Table 'wkcrm.pd_search' doesn't exist
 [ SQL语句 ] : SHOW COLUMNS FROM `pd_search`
ERR: Table 'wkcrm.pd_customerm' doesn't exist
 [ SQL语句 ] : SHOW COLUMNS FROM `pd_customerm`

[ 2019-09-29T19:48:32+08:00 ] 127.0.0.1 /index.php?m=customerm&a=index&content=resource
ERR: Table 'wkcrm.pd_search' doesn't exist
 [ SQL语句 ] : SHOW COLUMNS FROM `pd_search`
ERR: Table 'wkcrm.pd_customerm' doesn't exist
 [ SQL语句 ] : SHOW COLUMNS FROM `pd_customerm`

[ 2019-09-29T19:48:36+08:00 ] 127.0.0.1 /index.php?m=customerm&a=index&content=resource
ERR: Table 'wkcrm.pd_search' doesn't exist
 [ SQL语句 ] : SHOW COLUMNS FROM `pd_search`
ERR: Table 'wkcrm.pd_customerm' doesn't exist
 [ SQL语句 ] : SHOW COLUMNS FROM `pd_customerm`

[ 2019-09-29T19:48:40+08:00 ] 127.0.0.1 /index.php?m=customerm&a=index&content=resource
ERR: Table 'wkcrm.pd_search' doesn't exist
 [ SQL语句 ] : SHOW COLUMNS FROM `pd_search`
ERR: Table 'wkcrm.pd_customerm' doesn't exist
 [ SQL语句 ] : SHOW COLUMNS FROM `pd_customerm`

[ 2019-09-29T19:48:43+08:00 ] 127.0.0.1 /index.php?m=customerm&a=index&content=resource
ERR: Table 'wkcrm.pd_search' doesn't exist
 [ SQL语句 ] : SHOW COLUMNS FROM `pd_search`
ERR: Table 'wkcrm.pd_customerm' doesn't exist
 [ SQL语句 ] : SHOW COLUMNS FROM `pd_customerm`

[ 2019-09-29T19:48:47+08:00 ] 127.0.0.1 /index.php?m=customerm&a=index&content=resource
ERR: Table 'wkcrm.pd_search' doesn't exist
 [ SQL语句 ] : SHOW COLUMNS FROM `pd_search`
ERR: Table 'wkcrm.pd_customerm' doesn't exist
 [ SQL语句 ] : SHOW COLUMNS FROM `pd_customerm`

[ 2019-09-29T19:48:55+08:00 ] 127.0.0.1 /index.php?m=customerm&a=index&content=resource
ERR: Table 'wkcrm.pd_search' doesn't exist
 [ SQL语句 ] : SHOW COLUMNS FROM `pd_search`
ERR: Table 'wkcrm.pd_customerm' doesn't exist
 [ SQL语句 ] : SHOW COLUMNS FROM `pd_customerm`

[ 2019-09-29T19:49:04+08:00 ] 127.0.0.1 /index.php?m=customerm&a=index&content=resource
ERR: Table 'wkcrm.pd_search' doesn't exist
 [ SQL语句 ] : SHOW COLUMNS FROM `pd_search`
ERR: Table 'wkcrm.pd_customerm' doesn't exist
 [ SQL语句 ] : SHOW COLUMNS FROM `pd_customerm`

[ 2019-09-29T19:49:09+08:00 ] 127.0.0.1 /index.php?m=customerm&a=index&content=resource
ERR: Table 'wkcrm.pd_search' doesn't exist
 [ SQL语句 ] : SHOW COLUMNS FROM `pd_search`
ERR: Table 'wkcrm.pd_customerm' doesn't exist
 [ SQL语句 ] : SHOW COLUMNS FROM `pd_customerm`

[ 2019-09-29T19:49:24+08:00 ] 127.0.0.1 /index.php?m=customerm&a=index&content=resource
ERR: Table 'wkcrm.pd_search' doesn't exist
 [ SQL语句 ] : SHOW COLUMNS FROM `pd_search`
ERR: Table 'wkcrm.pd_customerm' doesn't exist
 [ SQL语句 ] : SHOW COLUMNS FROM `pd_customerm`

[ 2019-09-29T19:49:36+08:00 ] 127.0.0.1 /index.php?m=customerm&a=delete
ERR: You have an error in your SQL syntax; check the manual that corresponds to your MySQL server version for the right syntax to use near '%s) )' at line 1
 [ SQL语句 ] : DELETE FROM `pd_log` WHERE ( Log_id in (%s) )
ERR: You have an error in your SQL syntax; check the manual that corresponds to your MySQL server version for the right syntax to use near '%s) )' at line 1
 [ SQL语句 ] : DELETE FROM `pd_file` WHERE ( File_id in (%s) )
ERR: You have an error in your SQL syntax; check the manual that corresponds to your MySQL server version for the right syntax to use near '%s) )' at line 1
 [ SQL语句 ] : DELETE FROM `pd_contacts` WHERE ( Contacts_id in (%s) )

[ 2019-09-29T19:49:38+08:00 ] 127.0.0.1 /index.php?m=customerm&a=index&content=resource
ERR: Table 'wkcrm.pd_search' doesn't exist
 [ SQL语句 ] : SHOW COLUMNS FROM `pd_search`
ERR: Table 'wkcrm.pd_customerm' doesn't exist
 [ SQL语句 ] : SHOW COLUMNS FROM `pd_customerm`

[ 2019-09-29T19:49:45+08:00 ] 127.0.0.1 /index.php?m=customerm&a=index&content=resource
ERR: Table 'wkcrm.pd_search' doesn't exist
 [ SQL语句 ] : SHOW COLUMNS FROM `pd_search`
ERR: Table 'wkcrm.pd_customerm' doesn't exist
 [ SQL语句 ] : SHOW COLUMNS FROM `pd_customerm`

[ 2019-09-29T19:49:52+08:00 ] 127.0.0.1 /index.php?m=customerm&a=delete
ERR: You have an error in your SQL syntax; check the manual that corresponds to your MySQL server version for the right syntax to use near '%s) )' at line 1
 [ SQL语句 ] : DELETE FROM `pd_log` WHERE ( Log_id in (%s) )
ERR: You have an error in your SQL syntax; check the manual that corresponds to your MySQL server version for the right syntax to use near '%s) )' at line 1
 [ SQL语句 ] : DELETE FROM `pd_file` WHERE ( File_id in (%s) )
ERR: You have an error in your SQL syntax; check the manual that corresponds to your MySQL server version for the right syntax to use near '%s) )' at line 1
 [ SQL语句 ] : DELETE FROM `pd_contacts` WHERE ( Contacts_id in (%s) )

[ 2019-09-29T19:49:52+08:00 ] 127.0.0.1 /index.php?m=customerm&a=index&content=resource
ERR: Table 'wkcrm.pd_search' doesn't exist
 [ SQL语句 ] : SHOW COLUMNS FROM `pd_search`
ERR: Table 'wkcrm.pd_customerm' doesn't exist
 [ SQL语句 ] : SHOW COLUMNS FROM `pd_customerm`

[ 2019-09-29T19:50:08+08:00 ] 127.0.0.1 /index.php?m=customerm&a=index&content=resource
ERR: Table 'wkcrm.pd_search' doesn't exist
 [ SQL语句 ] : SHOW COLUMNS FROM `pd_search`
ERR: Table 'wkcrm.pd_customerm' doesn't exist
 [ SQL语句 ] : SHOW COLUMNS FROM `pd_customerm`

[ 2019-09-29T19:51:11+08:00 ] 127.0.0.1 /index.php?m=customerm&a=index&content=resource
ERR: Table 'wkcrm.pd_search' doesn't exist
 [ SQL语句 ] : SHOW COLUMNS FROM `pd_search`
ERR: Table 'wkcrm.pd_customerm' doesn't exist
 [ SQL语句 ] : SHOW COLUMNS FROM `pd_customerm`

[ 2019-09-29T19:51:38+08:00 ] 127.0.0.1 /index.php?m=customerm&a=index&content=resource
ERR: Table 'wkcrm.pd_search' doesn't exist
 [ SQL语句 ] : SHOW COLUMNS FROM `pd_search`
ERR: Table 'wkcrm.pd_customerm' doesn't exist
 [ SQL语句 ] : SHOW COLUMNS FROM `pd_customerm`

[ 2019-09-29T19:52:31+08:00 ] 127.0.0.1 /index.php?m=customerm&a=index&content=resource
ERR: Table 'wkcrm.pd_search' doesn't exist
 [ SQL语句 ] : SHOW COLUMNS FROM `pd_search`
ERR: Table 'wkcrm.pd_customerm' doesn't exist
 [ SQL语句 ] : SHOW COLUMNS FROM `pd_customerm`

[ 2019-09-29T19:52:50+08:00 ] 127.0.0.1 /index.php?m=customerm&a=index&content=resource
ERR: Table 'wkcrm.pd_search' doesn't exist
 [ SQL语句 ] : SHOW COLUMNS FROM `pd_search`
ERR: Table 'wkcrm.pd_customerm' doesn't exist
 [ SQL语句 ] : SHOW COLUMNS FROM `pd_customerm`

[ 2019-09-29T19:53:01+08:00 ] 127.0.0.1 /index.php?m=customerm&a=index&content=resource
ERR: Table 'wkcrm.pd_search' doesn't exist
 [ SQL语句 ] : SHOW COLUMNS FROM `pd_search`
ERR: Table 'wkcrm.pd_customerm' doesn't exist
 [ SQL语句 ] : SHOW COLUMNS FROM `pd_customerm`

[ 2019-09-29T19:53:10+08:00 ] 127.0.0.1 /index.php?m=customerm&a=index&content=resource
ERR: Table 'wkcrm.pd_search' doesn't exist
 [ SQL语句 ] : SHOW COLUMNS FROM `pd_search`
ERR: Table 'wkcrm.pd_customerm' doesn't exist
 [ SQL语句 ] : SHOW COLUMNS FROM `pd_customerm`

[ 2019-09-29T19:53:24+08:00 ] 127.0.0.1 /index.php?m=customerm&a=index&content=resource
ERR: Table 'wkcrm.pd_search' doesn't exist
 [ SQL语句 ] : SHOW COLUMNS FROM `pd_search`
ERR: Table 'wkcrm.pd_customerm' doesn't exist
 [ SQL语句 ] : SHOW COLUMNS FROM `pd_customerm`

[ 2019-09-29T19:53:27+08:00 ] 127.0.0.1 /index.php?m=customerm&a=index&content=resource
ERR: Table 'wkcrm.pd_search' doesn't exist
 [ SQL语句 ] : SHOW COLUMNS FROM `pd_search`
ERR: Table 'wkcrm.pd_customerm' doesn't exist
 [ SQL语句 ] : SHOW COLUMNS FROM `pd_customerm`

[ 2019-09-29T19:53:33+08:00 ] 127.0.0.1 /index.php?m=customerm&a=index&content=resource
ERR: Table 'wkcrm.pd_search' doesn't exist
 [ SQL语句 ] : SHOW COLUMNS FROM `pd_search`
ERR: Table 'wkcrm.pd_customerm' doesn't exist
 [ SQL语句 ] : SHOW COLUMNS FROM `pd_customerm`

[ 2019-09-29T19:54:13+08:00 ] 127.0.0.1 /index.php?m=customerm&a=index&content=resource
ERR: Table 'wkcrm.pd_search' doesn't exist
 [ SQL语句 ] : SHOW COLUMNS FROM `pd_search`
ERR: Table 'wkcrm.pd_customerm' doesn't exist
 [ SQL语句 ] : SHOW COLUMNS FROM `pd_customerm`

[ 2019-09-29T19:54:59+08:00 ] 127.0.0.1 /index.php?m=customerm&a=index&content=resource
ERR: Table 'wkcrm.pd_search' doesn't exist
 [ SQL语句 ] : SHOW COLUMNS FROM `pd_search`
ERR: Table 'wkcrm.pd_customerm' doesn't exist
 [ SQL语句 ] : SHOW COLUMNS FROM `pd_customerm`

[ 2019-09-29T20:00:25+08:00 ] 127.0.0.1 /index.php?m=customerm&a=index&content=resource
ERR: Table 'wkcrm.pd_search' doesn't exist
 [ SQL语句 ] : SHOW COLUMNS FROM `pd_search`
ERR: Table 'wkcrm.pd_customerm' doesn't exist
 [ SQL语句 ] : SHOW COLUMNS FROM `pd_customerm`

[ 2019-09-29T20:00:28+08:00 ] 127.0.0.1 /index.php?m=userm&a=index
ERR: Table 'wkcrm.pd_user_category' doesn't exist
 [ SQL语句 ] : SHOW COLUMNS FROM `pd_user_category`
ERR: Table 'wkcrm.pd_user_category' doesn't exist
 [ SQL语句 ] : SELECT user.user_id AS user_id,user.name AS name,user.sex AS sex,user.img AS img,user.email AS email,user.telephone AS telephone,user.address AS address,user.status AS status,user_category.name AS category_name,user_category.category_id AS category_id,role.role_id AS role_id,role.position_id AS position_id,position.name AS role_name,position.parent_id AS parent_id,position.department_id AS department_id,position.description AS description,role_department.name AS department_name FROM pd_user user LEFT JOIN pd_user_category user_category ON user.category_id=user_category.category_id LEFT JOIN pd_role role ON user.user_id=role.user_id LEFT JOIN pd_position position ON position.position_id=role.position_id LEFT JOIN pd_role_department role_department ON role_department.department_id=position.department_id WHERE ( user.user_id = 1 ) LIMIT 1  
ERR: Table 'wkcrm.pd_user_category' doesn't exist
 [ SQL语句 ] : SELECT user.user_id AS user_id,user.name AS name,user.sex AS sex,user.img AS img,user.email AS email,user.telephone AS telephone,user.address AS address,user.status AS status,user_category.name AS category_name,user_category.category_id AS category_id,role.role_id AS role_id,role.position_id AS position_id,position.name AS role_name,position.parent_id AS parent_id,position.department_id AS department_id,position.description AS description,role_department.name AS department_name FROM pd_user user LEFT JOIN pd_user_category user_category ON user.category_id=user_category.category_id LEFT JOIN pd_role role ON user.user_id=role.user_id LEFT JOIN pd_position position ON position.position_id=role.position_id LEFT JOIN pd_role_department role_department ON role_department.department_id=position.department_id WHERE ( user.user_id = 2 ) LIMIT 1  
ERR: Table 'wkcrm.pd_user_category' doesn't exist
 [ SQL语句 ] : SELECT user.user_id AS user_id,user.name AS name,user.sex AS sex,user.img AS img,user.email AS email,user.telephone AS telephone,user.address AS address,user.status AS status,user_category.name AS category_name,user_category.category_id AS category_id,role.role_id AS role_id,role.position_id AS position_id,position.name AS role_name,position.parent_id AS parent_id,position.department_id AS department_id,position.description AS description,role_department.name AS department_name FROM pd_user user LEFT JOIN pd_user_category user_category ON user.category_id=user_category.category_id LEFT JOIN pd_role role ON user.user_id=role.user_id LEFT JOIN pd_position position ON position.position_id=role.position_id LEFT JOIN pd_role_department role_department ON role_department.department_id=position.department_id WHERE ( user.user_id = 3 ) LIMIT 1  
ERR: Table 'wkcrm.pd_user_category' doesn't exist
 [ SQL语句 ] : SELECT * FROM `pd_user_category` 

[ 2019-09-29T20:02:17+08:00 ] 127.0.0.1 /index.php?m=leadsm&a=index
ERR: Table 'wkcrm.pd_search' doesn't exist
 [ SQL语句 ] : SHOW COLUMNS FROM `pd_search`

[ 2019-09-29T20:02:23+08:00 ] 127.0.0.1 /index.php?m=leadsm&a=view&id=70&by=me
ERR: You have an error in your SQL syntax; check the manual that corresponds to your MySQL server version for the right syntax to use near '%s) ) ORDER BY log_id desc' at line 1
 [ SQL语句 ] : SELECT * FROM `pd_log` WHERE ( log_id in (%s) ) ORDER BY log_id desc 
ERR: You have an error in your SQL syntax; check the manual that corresponds to your MySQL server version for the right syntax to use near '%s) )' at line 1
 [ SQL语句 ] : SELECT * FROM `pd_file` WHERE ( file_id in (%s) ) 

[ 2019-09-29T20:02:50+08:00 ] 127.0.0.1 /index.php?m=leadsm&a=view&id=70&by=me
ERR: You have an error in your SQL syntax; check the manual that corresponds to your MySQL server version for the right syntax to use near '%s) ) ORDER BY log_id desc' at line 1
 [ SQL语句 ] : SELECT * FROM `pd_log` WHERE ( log_id in (%s) ) ORDER BY log_id desc 
ERR: You have an error in your SQL syntax; check the manual that corresponds to your MySQL server version for the right syntax to use near '%s) )' at line 1
 [ SQL语句 ] : SELECT * FROM `pd_file` WHERE ( file_id in (%s) ) 

[ 2019-09-29T20:02:56+08:00 ] 127.0.0.1 /index.php?m=leadsm&a=view&id=70&by=me
ERR: You have an error in your SQL syntax; check the manual that corresponds to your MySQL server version for the right syntax to use near '%s) ) ORDER BY log_id desc' at line 1
 [ SQL语句 ] : SELECT * FROM `pd_log` WHERE ( log_id in (%s) ) ORDER BY log_id desc 
ERR: You have an error in your SQL syntax; check the manual that corresponds to your MySQL server version for the right syntax to use near '%s) )' at line 1
 [ SQL语句 ] : SELECT * FROM `pd_file` WHERE ( file_id in (%s) ) 

[ 2019-09-29T20:02:58+08:00 ] 127.0.0.1 /index.php?m=leadsm&a=index
ERR: Table 'wkcrm.pd_search' doesn't exist
 [ SQL语句 ] : SHOW COLUMNS FROM `pd_search`

[ 2019-09-29T20:03:06+08:00 ] 127.0.0.1 /index.php?m=leadsm&a=index
ERR: Table 'wkcrm.pd_search' doesn't exist
 [ SQL语句 ] : SHOW COLUMNS FROM `pd_search`

[ 2019-09-29T20:03:09+08:00 ] 127.0.0.1 /index.php?m=leadsm&a=index&by=public
ERR: Table 'wkcrm.pd_search' doesn't exist
 [ SQL语句 ] : SHOW COLUMNS FROM `pd_search`

[ 2019-09-29T20:03:12+08:00 ] 127.0.0.1 /index.php?m=leadsm&a=index&by=public
ERR: Table 'wkcrm.pd_search' doesn't exist
 [ SQL语句 ] : SHOW COLUMNS FROM `pd_search`

[ 2019-09-29T20:03:14+08:00 ] 127.0.0.1 /index.php?m=leadsm&a=view&id=64&by=me
ERR: You have an error in your SQL syntax; check the manual that corresponds to your MySQL server version for the right syntax to use near '%s) ) ORDER BY log_id desc' at line 1
 [ SQL语句 ] : SELECT * FROM `pd_log` WHERE ( log_id in (%s) ) ORDER BY log_id desc 
ERR: You have an error in your SQL syntax; check the manual that corresponds to your MySQL server version for the right syntax to use near '%s) )' at line 1
 [ SQL语句 ] : SELECT * FROM `pd_file` WHERE ( file_id in (%s) ) 

[ 2019-09-29T20:03:15+08:00 ] 127.0.0.1 /index.php?m=leadsm&a=view&id=64&by=me
ERR: You have an error in your SQL syntax; check the manual that corresponds to your MySQL server version for the right syntax to use near '%s) ) ORDER BY log_id desc' at line 1
 [ SQL语句 ] : SELECT * FROM `pd_log` WHERE ( log_id in (%s) ) ORDER BY log_id desc 
ERR: You have an error in your SQL syntax; check the manual that corresponds to your MySQL server version for the right syntax to use near '%s) )' at line 1
 [ SQL语句 ] : SELECT * FROM `pd_file` WHERE ( file_id in (%s) ) 

[ 2019-09-29T20:03:17+08:00 ] 127.0.0.1 /index.php?m=leadsm&a=view&id=64&by=me
ERR: You have an error in your SQL syntax; check the manual that corresponds to your MySQL server version for the right syntax to use near '%s) ) ORDER BY log_id desc' at line 1
 [ SQL语句 ] : SELECT * FROM `pd_log` WHERE ( log_id in (%s) ) ORDER BY log_id desc 
ERR: You have an error in your SQL syntax; check the manual that corresponds to your MySQL server version for the right syntax to use near '%s) )' at line 1
 [ SQL语句 ] : SELECT * FROM `pd_file` WHERE ( file_id in (%s) ) 

[ 2019-09-29T20:03:19+08:00 ] 127.0.0.1 /index.php?m=leadsm&a=view&id=64&by=me
ERR: You have an error in your SQL syntax; check the manual that corresponds to your MySQL server version for the right syntax to use near '%s) ) ORDER BY log_id desc' at line 1
 [ SQL语句 ] : SELECT * FROM `pd_log` WHERE ( log_id in (%s) ) ORDER BY log_id desc 
ERR: You have an error in your SQL syntax; check the manual that corresponds to your MySQL server version for the right syntax to use near '%s) )' at line 1
 [ SQL语句 ] : SELECT * FROM `pd_file` WHERE ( file_id in (%s) ) 

[ 2019-09-29T20:03:20+08:00 ] 127.0.0.1 /index.php?m=leadsm&a=view&id=64&by=me
ERR: You have an error in your SQL syntax; check the manual that corresponds to your MySQL server version for the right syntax to use near '%s) ) ORDER BY log_id desc' at line 1
 [ SQL语句 ] : SELECT * FROM `pd_log` WHERE ( log_id in (%s) ) ORDER BY log_id desc 
ERR: You have an error in your SQL syntax; check the manual that corresponds to your MySQL server version for the right syntax to use near '%s) )' at line 1
 [ SQL语句 ] : SELECT * FROM `pd_file` WHERE ( file_id in (%s) ) 

[ 2019-09-29T20:03:21+08:00 ] 127.0.0.1 /index.php?m=leadsm&a=view&id=64&by=me
ERR: You have an error in your SQL syntax; check the manual that corresponds to your MySQL server version for the right syntax to use near '%s) ) ORDER BY log_id desc' at line 1
 [ SQL语句 ] : SELECT * FROM `pd_log` WHERE ( log_id in (%s) ) ORDER BY log_id desc 
ERR: You have an error in your SQL syntax; check the manual that corresponds to your MySQL server version for the right syntax to use near '%s) )' at line 1
 [ SQL语句 ] : SELECT * FROM `pd_file` WHERE ( file_id in (%s) ) 

[ 2019-09-29T20:03:22+08:00 ] 127.0.0.1 /index.php?m=leadsm&a=view&id=64&by=me
ERR: You have an error in your SQL syntax; check the manual that corresponds to your MySQL server version for the right syntax to use near '%s) ) ORDER BY log_id desc' at line 1
 [ SQL语句 ] : SELECT * FROM `pd_log` WHERE ( log_id in (%s) ) ORDER BY log_id desc 
ERR: You have an error in your SQL syntax; check the manual that corresponds to your MySQL server version for the right syntax to use near '%s) )' at line 1
 [ SQL语句 ] : SELECT * FROM `pd_file` WHERE ( file_id in (%s) ) 

[ 2019-09-29T20:03:22+08:00 ] 127.0.0.1 /index.php?m=leadsm&a=view&id=64&by=me
ERR: You have an error in your SQL syntax; check the manual that corresponds to your MySQL server version for the right syntax to use near '%s) ) ORDER BY log_id desc' at line 1
 [ SQL语句 ] : SELECT * FROM `pd_log` WHERE ( log_id in (%s) ) ORDER BY log_id desc 
ERR: You have an error in your SQL syntax; check the manual that corresponds to your MySQL server version for the right syntax to use near '%s) )' at line 1
 [ SQL语句 ] : SELECT * FROM `pd_file` WHERE ( file_id in (%s) ) 

[ 2019-09-29T20:03:24+08:00 ] 127.0.0.1 /index.php?m=leadsm&a=view&id=64&by=me
ERR: You have an error in your SQL syntax; check the manual that corresponds to your MySQL server version for the right syntax to use near '%s) ) ORDER BY log_id desc' at line 1
 [ SQL语句 ] : SELECT * FROM `pd_log` WHERE ( log_id in (%s) ) ORDER BY log_id desc 
ERR: You have an error in your SQL syntax; check the manual that corresponds to your MySQL server version for the right syntax to use near '%s) )' at line 1
 [ SQL语句 ] : SELECT * FROM `pd_file` WHERE ( file_id in (%s) ) 

[ 2019-09-29T20:03:25+08:00 ] 127.0.0.1 /index.php?m=leadsm&a=view&id=64&by=me
ERR: You have an error in your SQL syntax; check the manual that corresponds to your MySQL server version for the right syntax to use near '%s) ) ORDER BY log_id desc' at line 1
 [ SQL语句 ] : SELECT * FROM `pd_log` WHERE ( log_id in (%s) ) ORDER BY log_id desc 
ERR: You have an error in your SQL syntax; check the manual that corresponds to your MySQL server version for the right syntax to use near '%s) )' at line 1
 [ SQL语句 ] : SELECT * FROM `pd_file` WHERE ( file_id in (%s) ) 

[ 2019-09-29T20:03:26+08:00 ] 127.0.0.1 /index.php?m=leadsm&a=view&id=64&by=me
ERR: You have an error in your SQL syntax; check the manual that corresponds to your MySQL server version for the right syntax to use near '%s) ) ORDER BY log_id desc' at line 1
 [ SQL语句 ] : SELECT * FROM `pd_log` WHERE ( log_id in (%s) ) ORDER BY log_id desc 
ERR: You have an error in your SQL syntax; check the manual that corresponds to your MySQL server version for the right syntax to use near '%s) )' at line 1
 [ SQL语句 ] : SELECT * FROM `pd_file` WHERE ( file_id in (%s) ) 

[ 2019-09-29T20:03:27+08:00 ] 127.0.0.1 /index.php?m=leadsm&a=view&id=64&by=me
ERR: You have an error in your SQL syntax; check the manual that corresponds to your MySQL server version for the right syntax to use near '%s) ) ORDER BY log_id desc' at line 1
 [ SQL语句 ] : SELECT * FROM `pd_log` WHERE ( log_id in (%s) ) ORDER BY log_id desc 
ERR: You have an error in your SQL syntax; check the manual that corresponds to your MySQL server version for the right syntax to use near '%s) )' at line 1
 [ SQL语句 ] : SELECT * FROM `pd_file` WHERE ( file_id in (%s) ) 

[ 2019-09-29T20:03:27+08:00 ] 127.0.0.1 /index.php?m=leadsm&a=view&id=64&by=me
ERR: You have an error in your SQL syntax; check the manual that corresponds to your MySQL server version for the right syntax to use near '%s) ) ORDER BY log_id desc' at line 1
 [ SQL语句 ] : SELECT * FROM `pd_log` WHERE ( log_id in (%s) ) ORDER BY log_id desc 
ERR: You have an error in your SQL syntax; check the manual that corresponds to your MySQL server version for the right syntax to use near '%s) )' at line 1
 [ SQL语句 ] : SELECT * FROM `pd_file` WHERE ( file_id in (%s) ) 

[ 2019-09-29T20:03:28+08:00 ] 127.0.0.1 /index.php?m=leadsm&a=index&by=public
ERR: Table 'wkcrm.pd_search' doesn't exist
 [ SQL语句 ] : SHOW COLUMNS FROM `pd_search`

[ 2019-09-29T20:03:29+08:00 ] 127.0.0.1 /index.php?m=leadsm&a=index
ERR: Table 'wkcrm.pd_search' doesn't exist
 [ SQL语句 ] : SHOW COLUMNS FROM `pd_search`

[ 2019-09-29T20:03:33+08:00 ] 127.0.0.1 /index.php?m=leadsm&a=index&by=public
ERR: Table 'wkcrm.pd_search' doesn't exist
 [ SQL语句 ] : SHOW COLUMNS FROM `pd_search`

[ 2019-09-29T20:03:34+08:00 ] 127.0.0.1 /index.php?m=leadsm&a=view&id=58&by=me
ERR: You have an error in your SQL syntax; check the manual that corresponds to your MySQL server version for the right syntax to use near '%s) ) ORDER BY log_id desc' at line 1
 [ SQL语句 ] : SELECT * FROM `pd_log` WHERE ( log_id in (%s) ) ORDER BY log_id desc 
ERR: You have an error in your SQL syntax; check the manual that corresponds to your MySQL server version for the right syntax to use near '%s) )' at line 1
 [ SQL语句 ] : SELECT * FROM `pd_file` WHERE ( file_id in (%s) ) 

[ 2019-09-29T20:03:36+08:00 ] 127.0.0.1 /index.php?m=leadsm&a=view&id=58&by=me
ERR: You have an error in your SQL syntax; check the manual that corresponds to your MySQL server version for the right syntax to use near '%s) ) ORDER BY log_id desc' at line 1
 [ SQL语句 ] : SELECT * FROM `pd_log` WHERE ( log_id in (%s) ) ORDER BY log_id desc 
ERR: You have an error in your SQL syntax; check the manual that corresponds to your MySQL server version for the right syntax to use near '%s) )' at line 1
 [ SQL语句 ] : SELECT * FROM `pd_file` WHERE ( file_id in (%s) ) 

[ 2019-09-29T20:03:40+08:00 ] 127.0.0.1 /index.php?m=leadsm&a=view&id=58&by=me
ERR: You have an error in your SQL syntax; check the manual that corresponds to your MySQL server version for the right syntax to use near '%s) ) ORDER BY log_id desc' at line 1
 [ SQL语句 ] : SELECT * FROM `pd_log` WHERE ( log_id in (%s) ) ORDER BY log_id desc 
ERR: You have an error in your SQL syntax; check the manual that corresponds to your MySQL server version for the right syntax to use near '%s) )' at line 1
 [ SQL语句 ] : SELECT * FROM `pd_file` WHERE ( file_id in (%s) ) 

[ 2019-09-29T20:03:42+08:00 ] 127.0.0.1 /index.php?m=leadsm&a=index&by=public
ERR: Table 'wkcrm.pd_search' doesn't exist
 [ SQL语句 ] : SHOW COLUMNS FROM `pd_search`

[ 2019-09-29T20:03:45+08:00 ] 127.0.0.1 /index.php?m=leadsm&a=view&id=66&by=me
ERR: You have an error in your SQL syntax; check the manual that corresponds to your MySQL server version for the right syntax to use near '%s) ) ORDER BY log_id desc' at line 1
 [ SQL语句 ] : SELECT * FROM `pd_log` WHERE ( log_id in (%s) ) ORDER BY log_id desc 
ERR: You have an error in your SQL syntax; check the manual that corresponds to your MySQL server version for the right syntax to use near '%s) )' at line 1
 [ SQL语句 ] : SELECT * FROM `pd_file` WHERE ( file_id in (%s) ) 

[ 2019-09-29T20:03:46+08:00 ] 127.0.0.1 /index.php?m=leadsm&a=view&id=66&by=me
ERR: You have an error in your SQL syntax; check the manual that corresponds to your MySQL server version for the right syntax to use near '%s) ) ORDER BY log_id desc' at line 1
 [ SQL语句 ] : SELECT * FROM `pd_log` WHERE ( log_id in (%s) ) ORDER BY log_id desc 
ERR: You have an error in your SQL syntax; check the manual that corresponds to your MySQL server version for the right syntax to use near '%s) )' at line 1
 [ SQL语句 ] : SELECT * FROM `pd_file` WHERE ( file_id in (%s) ) 

[ 2019-09-29T20:03:48+08:00 ] 127.0.0.1 /index.php?m=leadsm&a=view&id=66&by=me
ERR: You have an error in your SQL syntax; check the manual that corresponds to your MySQL server version for the right syntax to use near '%s) ) ORDER BY log_id desc' at line 1
 [ SQL语句 ] : SELECT * FROM `pd_log` WHERE ( log_id in (%s) ) ORDER BY log_id desc 
ERR: You have an error in your SQL syntax; check the manual that corresponds to your MySQL server version for the right syntax to use near '%s) )' at line 1
 [ SQL语句 ] : SELECT * FROM `pd_file` WHERE ( file_id in (%s) ) 

[ 2019-09-29T20:03:50+08:00 ] 127.0.0.1 /index.php?m=leadsm&a=index&by=public
ERR: Table 'wkcrm.pd_search' doesn't exist
 [ SQL语句 ] : SHOW COLUMNS FROM `pd_search`

[ 2019-09-29T20:03:51+08:00 ] 127.0.0.1 /index.php?m=leadsm&a=index
ERR: Table 'wkcrm.pd_search' doesn't exist
 [ SQL语句 ] : SHOW COLUMNS FROM `pd_search`

[ 2019-09-29T20:03:52+08:00 ] 127.0.0.1 /index.php?m=leadsm&a=view&id=70&by=me
ERR: You have an error in your SQL syntax; check the manual that corresponds to your MySQL server version for the right syntax to use near '%s) ) ORDER BY log_id desc' at line 1
 [ SQL语句 ] : SELECT * FROM `pd_log` WHERE ( log_id in (%s) ) ORDER BY log_id desc 
ERR: You have an error in your SQL syntax; check the manual that corresponds to your MySQL server version for the right syntax to use near '%s) )' at line 1
 [ SQL语句 ] : SELECT * FROM `pd_file` WHERE ( file_id in (%s) ) 

[ 2019-09-29T20:04:06+08:00 ] 127.0.0.1 /index.php?m=leadsm&a=view&id=70&by=me
ERR: You have an error in your SQL syntax; check the manual that corresponds to your MySQL server version for the right syntax to use near '%s) ) ORDER BY log_id desc' at line 1
 [ SQL语句 ] : SELECT * FROM `pd_log` WHERE ( log_id in (%s) ) ORDER BY log_id desc 
ERR: You have an error in your SQL syntax; check the manual that corresponds to your MySQL server version for the right syntax to use near '%s) )' at line 1
 [ SQL语句 ] : SELECT * FROM `pd_file` WHERE ( file_id in (%s) ) 

[ 2019-09-29T20:04:08+08:00 ] 127.0.0.1 /index.php?m=leadsm&a=index
ERR: Table 'wkcrm.pd_search' doesn't exist
 [ SQL语句 ] : SHOW COLUMNS FROM `pd_search`

[ 2019-09-29T20:04:10+08:00 ] 127.0.0.1 /index.php?m=leadsm&a=index&by=public
ERR: Table 'wkcrm.pd_search' doesn't exist
 [ SQL语句 ] : SHOW COLUMNS FROM `pd_search`

[ 2019-09-29T20:04:12+08:00 ] 127.0.0.1 /index.php?m=leadsm&a=view&id=58&by=me
ERR: You have an error in your SQL syntax; check the manual that corresponds to your MySQL server version for the right syntax to use near '%s) ) ORDER BY log_id desc' at line 1
 [ SQL语句 ] : SELECT * FROM `pd_log` WHERE ( log_id in (%s) ) ORDER BY log_id desc 
ERR: You have an error in your SQL syntax; check the manual that corresponds to your MySQL server version for the right syntax to use near '%s) )' at line 1
 [ SQL语句 ] : SELECT * FROM `pd_file` WHERE ( file_id in (%s) ) 

[ 2019-09-29T20:04:13+08:00 ] 127.0.0.1 /index.php?m=leadsm&a=view&id=58&by=me
ERR: You have an error in your SQL syntax; check the manual that corresponds to your MySQL server version for the right syntax to use near '%s) ) ORDER BY log_id desc' at line 1
 [ SQL语句 ] : SELECT * FROM `pd_log` WHERE ( log_id in (%s) ) ORDER BY log_id desc 
ERR: You have an error in your SQL syntax; check the manual that corresponds to your MySQL server version for the right syntax to use near '%s) )' at line 1
 [ SQL语句 ] : SELECT * FROM `pd_file` WHERE ( file_id in (%s) ) 

[ 2019-09-29T20:04:15+08:00 ] 127.0.0.1 /index.php?m=leadsm&a=view&id=58&by=me
ERR: You have an error in your SQL syntax; check the manual that corresponds to your MySQL server version for the right syntax to use near '%s) ) ORDER BY log_id desc' at line 1
 [ SQL语句 ] : SELECT * FROM `pd_log` WHERE ( log_id in (%s) ) ORDER BY log_id desc 
ERR: You have an error in your SQL syntax; check the manual that corresponds to your MySQL server version for the right syntax to use near '%s) )' at line 1
 [ SQL语句 ] : SELECT * FROM `pd_file` WHERE ( file_id in (%s) ) 

[ 2019-09-29T20:04:18+08:00 ] 127.0.0.1 /index.php?m=leadsm&a=index&by=public
ERR: Table 'wkcrm.pd_search' doesn't exist
 [ SQL语句 ] : SHOW COLUMNS FROM `pd_search`

[ 2019-09-29T20:04:31+08:00 ] 127.0.0.1 /index.php?m=leadsm&a=index
ERR: Table 'wkcrm.pd_search' doesn't exist
 [ SQL语句 ] : SHOW COLUMNS FROM `pd_search`

[ 2019-09-29T20:04:33+08:00 ] 127.0.0.1 /index.php?m=userm&a=index
ERR: Table 'wkcrm.pd_user_category' doesn't exist
 [ SQL语句 ] : SHOW COLUMNS FROM `pd_user_category`
ERR: Table 'wkcrm.pd_user_category' doesn't exist
 [ SQL语句 ] : SELECT user.user_id AS user_id,user.name AS name,user.sex AS sex,user.img AS img,user.email AS email,user.telephone AS telephone,user.address AS address,user.status AS status,user_category.name AS category_name,user_category.category_id AS category_id,role.role_id AS role_id,role.position_id AS position_id,position.name AS role_name,position.parent_id AS parent_id,position.department_id AS department_id,position.description AS description,role_department.name AS department_name FROM pd_user user LEFT JOIN pd_user_category user_category ON user.category_id=user_category.category_id LEFT JOIN pd_role role ON user.user_id=role.user_id LEFT JOIN pd_position position ON position.position_id=role.position_id LEFT JOIN pd_role_department role_department ON role_department.department_id=position.department_id WHERE ( user.user_id = 1 ) LIMIT 1  
ERR: Table 'wkcrm.pd_user_category' doesn't exist
 [ SQL语句 ] : SELECT user.user_id AS user_id,user.name AS name,user.sex AS sex,user.img AS img,user.email AS email,user.telephone AS telephone,user.address AS address,user.status AS status,user_category.name AS category_name,user_category.category_id AS category_id,role.role_id AS role_id,role.position_id AS position_id,position.name AS role_name,position.parent_id AS parent_id,position.department_id AS department_id,position.description AS description,role_department.name AS department_name FROM pd_user user LEFT JOIN pd_user_category user_category ON user.category_id=user_category.category_id LEFT JOIN pd_role role ON user.user_id=role.user_id LEFT JOIN pd_position position ON position.position_id=role.position_id LEFT JOIN pd_role_department role_department ON role_department.department_id=position.department_id WHERE ( user.user_id = 2 ) LIMIT 1  
ERR: Table 'wkcrm.pd_user_category' doesn't exist
 [ SQL语句 ] : SELECT user.user_id AS user_id,user.name AS name,user.sex AS sex,user.img AS img,user.email AS email,user.telephone AS telephone,user.address AS address,user.status AS status,user_category.name AS category_name,user_category.category_id AS category_id,role.role_id AS role_id,role.position_id AS position_id,position.name AS role_name,position.parent_id AS parent_id,position.department_id AS department_id,position.description AS description,role_department.name AS department_name FROM pd_user user LEFT JOIN pd_user_category user_category ON user.category_id=user_category.category_id LEFT JOIN pd_role role ON user.user_id=role.user_id LEFT JOIN pd_position position ON position.position_id=role.position_id LEFT JOIN pd_role_department role_department ON role_department.department_id=position.department_id WHERE ( user.user_id = 3 ) LIMIT 1  
ERR: Table 'wkcrm.pd_user_category' doesn't exist
 [ SQL语句 ] : SELECT * FROM `pd_user_category` 

[ 2019-09-29T20:04:38+08:00 ] 127.0.0.1 /index.php?m=leadsm&a=index
ERR: Table 'wkcrm.pd_search' doesn't exist
 [ SQL语句 ] : SHOW COLUMNS FROM `pd_search`

[ 2019-09-29T20:04:40+08:00 ] 127.0.0.1 /index.php?m=leadsm&a=index&by=public
ERR: Table 'wkcrm.pd_search' doesn't exist
 [ SQL语句 ] : SHOW COLUMNS FROM `pd_search`

[ 2019-09-29T20:04:41+08:00 ] 127.0.0.1 /index.php?m=leadsm&a=index
ERR: Table 'wkcrm.pd_search' doesn't exist
 [ SQL语句 ] : SHOW COLUMNS FROM `pd_search`

[ 2019-09-29T20:04:43+08:00 ] 127.0.0.1 /index.php?m=leadsm&a=view&id=70&by=me
ERR: You have an error in your SQL syntax; check the manual that corresponds to your MySQL server version for the right syntax to use near '%s) ) ORDER BY log_id desc' at line 1
 [ SQL语句 ] : SELECT * FROM `pd_log` WHERE ( log_id in (%s) ) ORDER BY log_id desc 
ERR: You have an error in your SQL syntax; check the manual that corresponds to your MySQL server version for the right syntax to use near '%s) )' at line 1
 [ SQL语句 ] : SELECT * FROM `pd_file` WHERE ( file_id in (%s) ) 

[ 2019-09-29T20:04:46+08:00 ] 127.0.0.1 /index.php?m=leadsm&a=view&id=70&by=me
ERR: You have an error in your SQL syntax; check the manual that corresponds to your MySQL server version for the right syntax to use near '%s) ) ORDER BY log_id desc' at line 1
 [ SQL语句 ] : SELECT * FROM `pd_log` WHERE ( log_id in (%s) ) ORDER BY log_id desc 
ERR: You have an error in your SQL syntax; check the manual that corresponds to your MySQL server version for the right syntax to use near '%s) )' at line 1
 [ SQL语句 ] : SELECT * FROM `pd_file` WHERE ( file_id in (%s) ) 

[ 2019-09-29T20:04:48+08:00 ] 127.0.0.1 /index.php?m=leadsm&a=index
ERR: Table 'wkcrm.pd_search' doesn't exist
 [ SQL语句 ] : SHOW COLUMNS FROM `pd_search`

[ 2019-09-29T20:04:49+08:00 ] 127.0.0.1 /index.php?m=leadsm&a=view&id=69&by=me
ERR: You have an error in your SQL syntax; check the manual that corresponds to your MySQL server version for the right syntax to use near '%s) ) ORDER BY log_id desc' at line 1
 [ SQL语句 ] : SELECT * FROM `pd_log` WHERE ( log_id in (%s) ) ORDER BY log_id desc 
ERR: You have an error in your SQL syntax; check the manual that corresponds to your MySQL server version for the right syntax to use near '%s) )' at line 1
 [ SQL语句 ] : SELECT * FROM `pd_file` WHERE ( file_id in (%s) ) 

[ 2019-09-29T20:04:57+08:00 ] 127.0.0.1 /index.php?m=leadsm&a=view&id=69&by=me
ERR: You have an error in your SQL syntax; check the manual that corresponds to your MySQL server version for the right syntax to use near '%s) ) ORDER BY log_id desc' at line 1
 [ SQL语句 ] : SELECT * FROM `pd_log` WHERE ( log_id in (%s) ) ORDER BY log_id desc 
ERR: You have an error in your SQL syntax; check the manual that corresponds to your MySQL server version for the right syntax to use near '%s) )' at line 1
 [ SQL语句 ] : SELECT * FROM `pd_file` WHERE ( file_id in (%s) ) 

[ 2019-09-29T20:05:01+08:00 ] 127.0.0.1 /index.php?m=leadsm&a=index
ERR: Table 'wkcrm.pd_search' doesn't exist
 [ SQL语句 ] : SHOW COLUMNS FROM `pd_search`

[ 2019-09-29T20:05:03+08:00 ] 127.0.0.1 /index.php?m=leadsm&a=view&id=68&by=me
ERR: You have an error in your SQL syntax; check the manual that corresponds to your MySQL server version for the right syntax to use near '%s) ) ORDER BY log_id desc' at line 1
 [ SQL语句 ] : SELECT * FROM `pd_log` WHERE ( log_id in (%s) ) ORDER BY log_id desc 
ERR: You have an error in your SQL syntax; check the manual that corresponds to your MySQL server version for the right syntax to use near '%s) )' at line 1
 [ SQL语句 ] : SELECT * FROM `pd_file` WHERE ( file_id in (%s) ) 

[ 2019-09-29T20:05:07+08:00 ] 127.0.0.1 /index.php?m=leadsm&a=view&id=68&by=me
ERR: You have an error in your SQL syntax; check the manual that corresponds to your MySQL server version for the right syntax to use near '%s) ) ORDER BY log_id desc' at line 1
 [ SQL语句 ] : SELECT * FROM `pd_log` WHERE ( log_id in (%s) ) ORDER BY log_id desc 
ERR: You have an error in your SQL syntax; check the manual that corresponds to your MySQL server version for the right syntax to use near '%s) )' at line 1
 [ SQL语句 ] : SELECT * FROM `pd_file` WHERE ( file_id in (%s) ) 

[ 2019-09-29T20:05:08+08:00 ] 127.0.0.1 /index.php?m=leadsm&a=index
ERR: Table 'wkcrm.pd_search' doesn't exist
 [ SQL语句 ] : SHOW COLUMNS FROM `pd_search`

[ 2019-09-29T20:05:11+08:00 ] 127.0.0.1 /index.php?m=leadsm&a=index&by=public
ERR: Table 'wkcrm.pd_search' doesn't exist
 [ SQL语句 ] : SHOW COLUMNS FROM `pd_search`

[ 2019-09-29T20:05:13+08:00 ] 127.0.0.1 /index.php?m=leadsm&a=view&id=57&by=me
ERR: You have an error in your SQL syntax; check the manual that corresponds to your MySQL server version for the right syntax to use near '%s) ) ORDER BY log_id desc' at line 1
 [ SQL语句 ] : SELECT * FROM `pd_log` WHERE ( log_id in (%s) ) ORDER BY log_id desc 
ERR: You have an error in your SQL syntax; check the manual that corresponds to your MySQL server version for the right syntax to use near '%s) )' at line 1
 [ SQL语句 ] : SELECT * FROM `pd_file` WHERE ( file_id in (%s) ) 

[ 2019-09-29T20:05:15+08:00 ] 127.0.0.1 /index.php?m=leadsm&a=view&id=57&by=me
ERR: You have an error in your SQL syntax; check the manual that corresponds to your MySQL server version for the right syntax to use near '%s) ) ORDER BY log_id desc' at line 1
 [ SQL语句 ] : SELECT * FROM `pd_log` WHERE ( log_id in (%s) ) ORDER BY log_id desc 
ERR: You have an error in your SQL syntax; check the manual that corresponds to your MySQL server version for the right syntax to use near '%s) )' at line 1
 [ SQL语句 ] : SELECT * FROM `pd_file` WHERE ( file_id in (%s) ) 

[ 2019-09-29T20:05:17+08:00 ] 127.0.0.1 /index.php?m=leadsm&a=view&id=57&by=me
ERR: You have an error in your SQL syntax; check the manual that corresponds to your MySQL server version for the right syntax to use near '%s) ) ORDER BY log_id desc' at line 1
 [ SQL语句 ] : SELECT * FROM `pd_log` WHERE ( log_id in (%s) ) ORDER BY log_id desc 
ERR: You have an error in your SQL syntax; check the manual that corresponds to your MySQL server version for the right syntax to use near '%s) )' at line 1
 [ SQL语句 ] : SELECT * FROM `pd_file` WHERE ( file_id in (%s) ) 

[ 2019-09-29T20:05:18+08:00 ] 127.0.0.1 /index.php?m=leadsm&a=view&id=57&by=me
ERR: You have an error in your SQL syntax; check the manual that corresponds to your MySQL server version for the right syntax to use near '%s) ) ORDER BY log_id desc' at line 1
 [ SQL语句 ] : SELECT * FROM `pd_log` WHERE ( log_id in (%s) ) ORDER BY log_id desc 
ERR: You have an error in your SQL syntax; check the manual that corresponds to your MySQL server version for the right syntax to use near '%s) )' at line 1
 [ SQL语句 ] : SELECT * FROM `pd_file` WHERE ( file_id in (%s) ) 

