[ 2019-11-01T10:02:39+08:00 ] 192.168.0.170 /index.php?m=index&a=index
ERR: Table 'wkcrm.pd_userm' doesn't exist
 [ SQL语句 ] : SHOW COLUMNS FROM `pd_userm`
ERR: Table 'wkcrm.pd_userm' doesn't exist
 [ SQL语句 ] : SELECT * FROM `pd_userm` WHERE ( id = 1 ) LIMIT 1  
ERR: Table 'wkcrm.pd_userm' doesn't exist
 [ SQL语句 ] : SELECT * FROM `pd_userm` WHERE ( id = 1 ) LIMIT 1  
ERR: You have an error in your SQL syntax; check the manual that corresponds to your MySQL server version for the right syntax to use near ') )' at line 1
 [ SQL语句 ] : SELECT * FROM `pd_file` WHERE ( `file_id` IN () ) 
ERR: Table 'wkcrm.pd_customerm' doesn't exist
 [ SQL语句 ] : SHOW COLUMNS FROM `pd_customerm`
ERR: Table 'wkcrm.pd_customerm' doesn't exist
 [ SQL语句 ] : SELECT * FROM `pd_customerm` WHERE ( id = 76 ) LIMIT 1  
ERR: Table 'wkcrm.pd_customerm' doesn't exist
 [ SQL语句 ] : SELECT * FROM `pd_customerm` WHERE ( id = 75 ) LIMIT 1  
ERR: Table 'wkcrm.pd_customerm' doesn't exist
 [ SQL语句 ] : SELECT * FROM `pd_customerm` WHERE ( id = 74 ) LIMIT 1  
ERR: Table 'wkcrm.pd_visitor_plan' doesn't exist
 [ SQL语句 ] : SHOW COLUMNS FROM `pd_visitor_plan`
ERR: You have an error in your SQL syntax; check the manual that corresponds to your MySQL server version for the right syntax to use near 'BETWEEN 1572537600 AND 1572624000 ) ) LIMIT 1' at line 1
 [ SQL语句 ] : SELECT COUNT(*) AS tp_count FROM pd_visitor_plan visitor_plan  JOIN pd_event event ON visitor_plan.event_id=event.event_id WHERE (  (visitor_plan. BETWEEN 1572537600 AND 1572624000 ) ) LIMIT 1  
ERR: You have an error in your SQL syntax; check the manual that corresponds to your MySQL server version for the right syntax to use near 'BETWEEN 1572537600 AND 1572624000 ) ) LIMIT 1' at line 1
 [ SQL语句 ] : SELECT COUNT(*) AS tp_count FROM pd_visitor_plan visitor_plan  JOIN pd_event event ON visitor_plan.event_id=event.event_id WHERE (  (visitor_plan. BETWEEN 1572537600 AND 1572624000 ) ) LIMIT 1  
ERR: You have an error in your SQL syntax; check the manual that corresponds to your MySQL server version for the right syntax to use near 'BETWEEN 1572192000 AND 1572796800 ) ) LIMIT 1' at line 1
 [ SQL语句 ] : SELECT COUNT(*) AS tp_count FROM pd_visitor_plan visitor_plan  JOIN pd_event event ON visitor_plan.event_id=event.event_id WHERE (  (visitor_plan. BETWEEN 1572192000 AND 1572796800 ) ) LIMIT 1  
ERR: You have an error in your SQL syntax; check the manual that corresponds to your MySQL server version for the right syntax to use near 'BETWEEN 1572192000 AND 1572796800 ) ) LIMIT 1' at line 1
 [ SQL语句 ] : SELECT COUNT(*) AS tp_count FROM pd_visitor_plan visitor_plan  JOIN pd_event event ON visitor_plan.event_id=event.event_id WHERE (  (visitor_plan. BETWEEN 1572192000 AND 1572796800 ) ) LIMIT 1  
ERR: You have an error in your SQL syntax; check the manual that corresponds to your MySQL server version for the right syntax to use near 'BETWEEN 1572537600 AND 1575129600 ) ) LIMIT 1' at line 1
 [ SQL语句 ] : SELECT COUNT(*) AS tp_count FROM pd_visitor_plan visitor_plan  JOIN pd_event event ON visitor_plan.event_id=event.event_id WHERE (  (visitor_plan. BETWEEN 1572537600 AND 1575129600 ) ) LIMIT 1  
ERR: You have an error in your SQL syntax; check the manual that corresponds to your MySQL server version for the right syntax to use near 'BETWEEN 1572537600 AND 1575129600 ) ) LIMIT 1' at line 1
 [ SQL语句 ] : SELECT COUNT(*) AS tp_count FROM pd_visitor_plan visitor_plan  JOIN pd_event event ON visitor_plan.event_id=event.event_id WHERE (  (visitor_plan. BETWEEN 1572537600 AND 1575129600 ) ) LIMIT 1  
ERR: You have an error in your SQL syntax; check the manual that corresponds to your MySQL server version for the right syntax to use near 'BETWEEN 1546272000 AND 1577808000 ) ) LIMIT 1' at line 1
 [ SQL语句 ] : SELECT COUNT(*) AS tp_count FROM pd_visitor_plan visitor_plan  JOIN pd_event event ON visitor_plan.event_id=event.event_id WHERE (  (visitor_plan. BETWEEN 1546272000 AND 1577808000 ) ) LIMIT 1  
ERR: You have an error in your SQL syntax; check the manual that corresponds to your MySQL server version for the right syntax to use near 'BETWEEN 1546272000 AND 1577808000 ) ) LIMIT 1' at line 1
 [ SQL语句 ] : SELECT COUNT(*) AS tp_count FROM pd_visitor_plan visitor_plan  JOIN pd_event event ON visitor_plan.event_id=event.event_id WHERE (  (visitor_plan. BETWEEN 1546272000 AND 1577808000 ) ) LIMIT 1  
ERR: Table 'wkcrm.pd_system' doesn't exist
 [ SQL语句 ] : SHOW COLUMNS FROM `pd_system`

[ 2019-11-01T10:02:44+08:00 ] 192.168.0.170 /index.php?m=index&a=index
ERR: Table 'wkcrm.pd_userm' doesn't exist
 [ SQL语句 ] : SHOW COLUMNS FROM `pd_userm`
ERR: Table 'wkcrm.pd_userm' doesn't exist
 [ SQL语句 ] : SELECT * FROM `pd_userm` WHERE ( id = 1 ) LIMIT 1  
ERR: Table 'wkcrm.pd_userm' doesn't exist
 [ SQL语句 ] : SELECT * FROM `pd_userm` WHERE ( id = 1 ) LIMIT 1  
ERR: You have an error in your SQL syntax; check the manual that corresponds to your MySQL server version for the right syntax to use near ') )' at line 1
 [ SQL语句 ] : SELECT * FROM `pd_file` WHERE ( `file_id` IN () ) 
ERR: Table 'wkcrm.pd_customerm' doesn't exist
 [ SQL语句 ] : SHOW COLUMNS FROM `pd_customerm`
ERR: Table 'wkcrm.pd_customerm' doesn't exist
 [ SQL语句 ] : SELECT * FROM `pd_customerm` WHERE ( id = 76 ) LIMIT 1  
ERR: Table 'wkcrm.pd_customerm' doesn't exist
 [ SQL语句 ] : SELECT * FROM `pd_customerm` WHERE ( id = 75 ) LIMIT 1  
ERR: Table 'wkcrm.pd_customerm' doesn't exist
 [ SQL语句 ] : SELECT * FROM `pd_customerm` WHERE ( id = 74 ) LIMIT 1  
ERR: Table 'wkcrm.pd_visitor_plan' doesn't exist
 [ SQL语句 ] : SHOW COLUMNS FROM `pd_visitor_plan`
ERR: You have an error in your SQL syntax; check the manual that corresponds to your MySQL server version for the right syntax to use near 'BETWEEN 1572537600 AND 1572624000 ) ) LIMIT 1' at line 1
 [ SQL语句 ] : SELECT COUNT(*) AS tp_count FROM pd_visitor_plan visitor_plan  JOIN pd_event event ON visitor_plan.event_id=event.event_id WHERE (  (visitor_plan. BETWEEN 1572537600 AND 1572624000 ) ) LIMIT 1  
ERR: You have an error in your SQL syntax; check the manual that corresponds to your MySQL server version for the right syntax to use near 'BETWEEN 1572537600 AND 1572624000 ) ) LIMIT 1' at line 1
 [ SQL语句 ] : SELECT COUNT(*) AS tp_count FROM pd_visitor_plan visitor_plan  JOIN pd_event event ON visitor_plan.event_id=event.event_id WHERE (  (visitor_plan. BETWEEN 1572537600 AND 1572624000 ) ) LIMIT 1  
ERR: You have an error in your SQL syntax; check the manual that corresponds to your MySQL server version for the right syntax to use near 'BETWEEN 1572192000 AND 1572796800 ) ) LIMIT 1' at line 1
 [ SQL语句 ] : SELECT COUNT(*) AS tp_count FROM pd_visitor_plan visitor_plan  JOIN pd_event event ON visitor_plan.event_id=event.event_id WHERE (  (visitor_plan. BETWEEN 1572192000 AND 1572796800 ) ) LIMIT 1  
ERR: You have an error in your SQL syntax; check the manual that corresponds to your MySQL server version for the right syntax to use near 'BETWEEN 1572192000 AND 1572796800 ) ) LIMIT 1' at line 1
 [ SQL语句 ] : SELECT COUNT(*) AS tp_count FROM pd_visitor_plan visitor_plan  JOIN pd_event event ON visitor_plan.event_id=event.event_id WHERE (  (visitor_plan. BETWEEN 1572192000 AND 1572796800 ) ) LIMIT 1  
ERR: You have an error in your SQL syntax; check the manual that corresponds to your MySQL server version for the right syntax to use near 'BETWEEN 1572537600 AND 1575129600 ) ) LIMIT 1' at line 1
 [ SQL语句 ] : SELECT COUNT(*) AS tp_count FROM pd_visitor_plan visitor_plan  JOIN pd_event event ON visitor_plan.event_id=event.event_id WHERE (  (visitor_plan. BETWEEN 1572537600 AND 1575129600 ) ) LIMIT 1  
ERR: You have an error in your SQL syntax; check the manual that corresponds to your MySQL server version for the right syntax to use near 'BETWEEN 1572537600 AND 1575129600 ) ) LIMIT 1' at line 1
 [ SQL语句 ] : SELECT COUNT(*) AS tp_count FROM pd_visitor_plan visitor_plan  JOIN pd_event event ON visitor_plan.event_id=event.event_id WHERE (  (visitor_plan. BETWEEN 1572537600 AND 1575129600 ) ) LIMIT 1  
ERR: You have an error in your SQL syntax; check the manual that corresponds to your MySQL server version for the right syntax to use near 'BETWEEN 1546272000 AND 1577808000 ) ) LIMIT 1' at line 1
 [ SQL语句 ] : SELECT COUNT(*) AS tp_count FROM pd_visitor_plan visitor_plan  JOIN pd_event event ON visitor_plan.event_id=event.event_id WHERE (  (visitor_plan. BETWEEN 1546272000 AND 1577808000 ) ) LIMIT 1  
ERR: You have an error in your SQL syntax; check the manual that corresponds to your MySQL server version for the right syntax to use near 'BETWEEN 1546272000 AND 1577808000 ) ) LIMIT 1' at line 1
 [ SQL语句 ] : SELECT COUNT(*) AS tp_count FROM pd_visitor_plan visitor_plan  JOIN pd_event event ON visitor_plan.event_id=event.event_id WHERE (  (visitor_plan. BETWEEN 1546272000 AND 1577808000 ) ) LIMIT 1  
ERR: Table 'wkcrm.pd_system' doesn't exist
 [ SQL语句 ] : SHOW COLUMNS FROM `pd_system`

[ 2019-11-01T10:02:51+08:00 ] 192.168.0.170 /index.php?m=indexm&a=index
ERR: Table 'wkcrm.pd_userm' doesn't exist
 [ SQL语句 ] : SHOW COLUMNS FROM `pd_userm`
ERR: Table 'wkcrm.pd_userm' doesn't exist
 [ SQL语句 ] : SELECT * FROM `pd_userm` WHERE ( id = 1 ) LIMIT 1  
ERR: Table 'wkcrm.pd_userm' doesn't exist
 [ SQL语句 ] : SELECT * FROM `pd_userm` WHERE ( id = 1 ) LIMIT 1  
ERR: You have an error in your SQL syntax; check the manual that corresponds to your MySQL server version for the right syntax to use near ') )' at line 1
 [ SQL语句 ] : SELECT * FROM `pd_file` WHERE ( `file_id` IN () ) 
ERR: Table 'wkcrm.pd_customerm' doesn't exist
 [ SQL语句 ] : SHOW COLUMNS FROM `pd_customerm`
ERR: Table 'wkcrm.pd_customerm' doesn't exist
 [ SQL语句 ] : SELECT * FROM `pd_customerm` WHERE ( id = 76 ) LIMIT 1  
ERR: Table 'wkcrm.pd_customerm' doesn't exist
 [ SQL语句 ] : SELECT * FROM `pd_customerm` WHERE ( id = 75 ) LIMIT 1  
ERR: Table 'wkcrm.pd_customerm' doesn't exist
 [ SQL语句 ] : SELECT * FROM `pd_customerm` WHERE ( id = 74 ) LIMIT 1  
ERR: Table 'wkcrm.pd_visitor_plan' doesn't exist
 [ SQL语句 ] : SHOW COLUMNS FROM `pd_visitor_plan`
ERR: You have an error in your SQL syntax; check the manual that corresponds to your MySQL server version for the right syntax to use near 'BETWEEN 1572537600 AND 1572624000 ) ) LIMIT 1' at line 1
 [ SQL语句 ] : SELECT COUNT(*) AS tp_count FROM pd_visitor_plan visitor_plan  JOIN pd_event event ON visitor_plan.event_id=event.event_id WHERE (  (visitor_plan. BETWEEN 1572537600 AND 1572624000 ) ) LIMIT 1  
ERR: You have an error in your SQL syntax; check the manual that corresponds to your MySQL server version for the right syntax to use near 'BETWEEN 1572537600 AND 1572624000 ) ) LIMIT 1' at line 1
 [ SQL语句 ] : SELECT COUNT(*) AS tp_count FROM pd_visitor_plan visitor_plan  JOIN pd_event event ON visitor_plan.event_id=event.event_id WHERE (  (visitor_plan. BETWEEN 1572537600 AND 1572624000 ) ) LIMIT 1  
ERR: You have an error in your SQL syntax; check the manual that corresponds to your MySQL server version for the right syntax to use near 'BETWEEN 1572192000 AND 1572796800 ) ) LIMIT 1' at line 1
 [ SQL语句 ] : SELECT COUNT(*) AS tp_count FROM pd_visitor_plan visitor_plan  JOIN pd_event event ON visitor_plan.event_id=event.event_id WHERE (  (visitor_plan. BETWEEN 1572192000 AND 1572796800 ) ) LIMIT 1  
ERR: You have an error in your SQL syntax; check the manual that corresponds to your MySQL server version for the right syntax to use near 'BETWEEN 1572192000 AND 1572796800 ) ) LIMIT 1' at line 1
 [ SQL语句 ] : SELECT COUNT(*) AS tp_count FROM pd_visitor_plan visitor_plan  JOIN pd_event event ON visitor_plan.event_id=event.event_id WHERE (  (visitor_plan. BETWEEN 1572192000 AND 1572796800 ) ) LIMIT 1  
ERR: You have an error in your SQL syntax; check the manual that corresponds to your MySQL server version for the right syntax to use near 'BETWEEN 1572537600 AND 1575129600 ) ) LIMIT 1' at line 1
 [ SQL语句 ] : SELECT COUNT(*) AS tp_count FROM pd_visitor_plan visitor_plan  JOIN pd_event event ON visitor_plan.event_id=event.event_id WHERE (  (visitor_plan. BETWEEN 1572537600 AND 1575129600 ) ) LIMIT 1  
ERR: You have an error in your SQL syntax; check the manual that corresponds to your MySQL server version for the right syntax to use near 'BETWEEN 1572537600 AND 1575129600 ) ) LIMIT 1' at line 1
 [ SQL语句 ] : SELECT COUNT(*) AS tp_count FROM pd_visitor_plan visitor_plan  JOIN pd_event event ON visitor_plan.event_id=event.event_id WHERE (  (visitor_plan. BETWEEN 1572537600 AND 1575129600 ) ) LIMIT 1  
ERR: You have an error in your SQL syntax; check the manual that corresponds to your MySQL server version for the right syntax to use near 'BETWEEN 1546272000 AND 1577808000 ) ) LIMIT 1' at line 1
 [ SQL语句 ] : SELECT COUNT(*) AS tp_count FROM pd_visitor_plan visitor_plan  JOIN pd_event event ON visitor_plan.event_id=event.event_id WHERE (  (visitor_plan. BETWEEN 1546272000 AND 1577808000 ) ) LIMIT 1  
ERR: You have an error in your SQL syntax; check the manual that corresponds to your MySQL server version for the right syntax to use near 'BETWEEN 1546272000 AND 1577808000 ) ) LIMIT 1' at line 1
 [ SQL语句 ] : SELECT COUNT(*) AS tp_count FROM pd_visitor_plan visitor_plan  JOIN pd_event event ON visitor_plan.event_id=event.event_id WHERE (  (visitor_plan. BETWEEN 1546272000 AND 1577808000 ) ) LIMIT 1  
ERR: Table 'wkcrm.pd_banner' doesn't exist
 [ SQL语句 ] : SHOW COLUMNS FROM `pd_banner`
ERR: Table 'wkcrm.pd_banner' doesn't exist
 [ SQL语句 ] : SELECT * FROM `pd_banner` WHERE ( `status` <> 2 ) ORDER BY `order` desc 

[ 2019-11-01T10:02:54+08:00 ] 192.168.0.170 /index.php?m=userm&a=index
ERR: Table 'wkcrm.pd_user_category' doesn't exist
 [ SQL语句 ] : SHOW COLUMNS FROM `pd_user_category`
ERR: Table 'wkcrm.pd_user_category' doesn't exist
 [ SQL语句 ] : SELECT user.user_id AS user_id,user.name AS name,user.sex AS sex,user.img AS img,user.email AS email,user.telephone AS telephone,user.address AS address,user.status AS status,user_category.name AS category_name,user_category.category_id AS category_id,role.role_id AS role_id,role.position_id AS position_id,position.name AS role_name,position.parent_id AS parent_id,position.department_id AS department_id,position.description AS description,role_department.name AS department_name FROM pd_user user LEFT JOIN pd_user_category user_category ON user.category_id=user_category.category_id LEFT JOIN pd_role role ON user.user_id=role.user_id LEFT JOIN pd_position position ON position.position_id=role.position_id LEFT JOIN pd_role_department role_department ON role_department.department_id=position.department_id WHERE ( user.user_id = 1 ) LIMIT 1  
ERR: Table 'wkcrm.pd_user_category' doesn't exist
 [ SQL语句 ] : SELECT user.user_id AS user_id,user.name AS name,user.sex AS sex,user.img AS img,user.email AS email,user.telephone AS telephone,user.address AS address,user.status AS status,user_category.name AS category_name,user_category.category_id AS category_id,role.role_id AS role_id,role.position_id AS position_id,position.name AS role_name,position.parent_id AS parent_id,position.department_id AS department_id,position.description AS description,role_department.name AS department_name FROM pd_user user LEFT JOIN pd_user_category user_category ON user.category_id=user_category.category_id LEFT JOIN pd_role role ON user.user_id=role.user_id LEFT JOIN pd_position position ON position.position_id=role.position_id LEFT JOIN pd_role_department role_department ON role_department.department_id=position.department_id WHERE ( user.user_id = 2 ) LIMIT 1  
ERR: Table 'wkcrm.pd_user_category' doesn't exist
 [ SQL语句 ] : SELECT user.user_id AS user_id,user.name AS name,user.sex AS sex,user.img AS img,user.email AS email,user.telephone AS telephone,user.address AS address,user.status AS status,user_category.name AS category_name,user_category.category_id AS category_id,role.role_id AS role_id,role.position_id AS position_id,position.name AS role_name,position.parent_id AS parent_id,position.department_id AS department_id,position.description AS description,role_department.name AS department_name FROM pd_user user LEFT JOIN pd_user_category user_category ON user.category_id=user_category.category_id LEFT JOIN pd_role role ON user.user_id=role.user_id LEFT JOIN pd_position position ON position.position_id=role.position_id LEFT JOIN pd_role_department role_department ON role_department.department_id=position.department_id WHERE ( user.user_id = 3 ) LIMIT 1  
ERR: Table 'wkcrm.pd_user_category' doesn't exist
 [ SQL语句 ] : SELECT * FROM `pd_user_category` 

[ 2019-11-01T10:20:33+08:00 ] 192.168.0.139 /index.php?m=indexm&a=index
ERR: Table 'wkcrm.pd_userm' doesn't exist
 [ SQL语句 ] : SHOW COLUMNS FROM `pd_userm`
ERR: Table 'wkcrm.pd_userm' doesn't exist
 [ SQL语句 ] : SELECT * FROM `pd_userm` WHERE ( id = 1 ) LIMIT 1  
ERR: Table 'wkcrm.pd_userm' doesn't exist
 [ SQL语句 ] : SELECT * FROM `pd_userm` WHERE ( id = 1 ) LIMIT 1  
ERR: You have an error in your SQL syntax; check the manual that corresponds to your MySQL server version for the right syntax to use near ') )' at line 1
 [ SQL语句 ] : SELECT * FROM `pd_file` WHERE ( `file_id` IN () ) 
ERR: Table 'wkcrm.pd_customerm' doesn't exist
 [ SQL语句 ] : SHOW COLUMNS FROM `pd_customerm`
ERR: Table 'wkcrm.pd_customerm' doesn't exist
 [ SQL语句 ] : SELECT * FROM `pd_customerm` WHERE ( id = 76 ) LIMIT 1  
ERR: Table 'wkcrm.pd_customerm' doesn't exist
 [ SQL语句 ] : SELECT * FROM `pd_customerm` WHERE ( id = 75 ) LIMIT 1  
ERR: Table 'wkcrm.pd_customerm' doesn't exist
 [ SQL语句 ] : SELECT * FROM `pd_customerm` WHERE ( id = 74 ) LIMIT 1  
ERR: Table 'wkcrm.pd_visitor_plan' doesn't exist
 [ SQL语句 ] : SHOW COLUMNS FROM `pd_visitor_plan`
ERR: You have an error in your SQL syntax; check the manual that corresponds to your MySQL server version for the right syntax to use near 'BETWEEN 1572537600 AND 1572624000 ) ) LIMIT 1' at line 1
 [ SQL语句 ] : SELECT COUNT(*) AS tp_count FROM pd_visitor_plan visitor_plan  JOIN pd_event event ON visitor_plan.event_id=event.event_id WHERE (  (visitor_plan. BETWEEN 1572537600 AND 1572624000 ) ) LIMIT 1  
ERR: You have an error in your SQL syntax; check the manual that corresponds to your MySQL server version for the right syntax to use near 'BETWEEN 1572537600 AND 1572624000 ) ) LIMIT 1' at line 1
 [ SQL语句 ] : SELECT COUNT(*) AS tp_count FROM pd_visitor_plan visitor_plan  JOIN pd_event event ON visitor_plan.event_id=event.event_id WHERE (  (visitor_plan. BETWEEN 1572537600 AND 1572624000 ) ) LIMIT 1  
ERR: You have an error in your SQL syntax; check the manual that corresponds to your MySQL server version for the right syntax to use near 'BETWEEN 1572192000 AND 1572796800 ) ) LIMIT 1' at line 1
 [ SQL语句 ] : SELECT COUNT(*) AS tp_count FROM pd_visitor_plan visitor_plan  JOIN pd_event event ON visitor_plan.event_id=event.event_id WHERE (  (visitor_plan. BETWEEN 1572192000 AND 1572796800 ) ) LIMIT 1  
ERR: You have an error in your SQL syntax; check the manual that corresponds to your MySQL server version for the right syntax to use near 'BETWEEN 1572192000 AND 1572796800 ) ) LIMIT 1' at line 1
 [ SQL语句 ] : SELECT COUNT(*) AS tp_count FROM pd_visitor_plan visitor_plan  JOIN pd_event event ON visitor_plan.event_id=event.event_id WHERE (  (visitor_plan. BETWEEN 1572192000 AND 1572796800 ) ) LIMIT 1  
ERR: You have an error in your SQL syntax; check the manual that corresponds to your MySQL server version for the right syntax to use near 'BETWEEN 1572537600 AND 1575129600 ) ) LIMIT 1' at line 1
 [ SQL语句 ] : SELECT COUNT(*) AS tp_count FROM pd_visitor_plan visitor_plan  JOIN pd_event event ON visitor_plan.event_id=event.event_id WHERE (  (visitor_plan. BETWEEN 1572537600 AND 1575129600 ) ) LIMIT 1  
ERR: You have an error in your SQL syntax; check the manual that corresponds to your MySQL server version for the right syntax to use near 'BETWEEN 1572537600 AND 1575129600 ) ) LIMIT 1' at line 1
 [ SQL语句 ] : SELECT COUNT(*) AS tp_count FROM pd_visitor_plan visitor_plan  JOIN pd_event event ON visitor_plan.event_id=event.event_id WHERE (  (visitor_plan. BETWEEN 1572537600 AND 1575129600 ) ) LIMIT 1  
ERR: You have an error in your SQL syntax; check the manual that corresponds to your MySQL server version for the right syntax to use near 'BETWEEN 1546272000 AND 1577808000 ) ) LIMIT 1' at line 1
 [ SQL语句 ] : SELECT COUNT(*) AS tp_count FROM pd_visitor_plan visitor_plan  JOIN pd_event event ON visitor_plan.event_id=event.event_id WHERE (  (visitor_plan. BETWEEN 1546272000 AND 1577808000 ) ) LIMIT 1  
ERR: You have an error in your SQL syntax; check the manual that corresponds to your MySQL server version for the right syntax to use near 'BETWEEN 1546272000 AND 1577808000 ) ) LIMIT 1' at line 1
 [ SQL语句 ] : SELECT COUNT(*) AS tp_count FROM pd_visitor_plan visitor_plan  JOIN pd_event event ON visitor_plan.event_id=event.event_id WHERE (  (visitor_plan. BETWEEN 1546272000 AND 1577808000 ) ) LIMIT 1  
ERR: Table 'wkcrm.pd_banner' doesn't exist
 [ SQL语句 ] : SHOW COLUMNS FROM `pd_banner`
ERR: Table 'wkcrm.pd_banner' doesn't exist
 [ SQL语句 ] : SELECT * FROM `pd_banner` WHERE ( `status` <> 2 ) ORDER BY `order` desc 

[ 2019-11-01T10:20:34+08:00 ] 192.168.0.139 /index.php?m=userm&a=index
ERR: Table 'wkcrm.pd_user_category' doesn't exist
 [ SQL语句 ] : SHOW COLUMNS FROM `pd_user_category`
ERR: Table 'wkcrm.pd_user_category' doesn't exist
 [ SQL语句 ] : SELECT user.user_id AS user_id,user.name AS name,user.sex AS sex,user.img AS img,user.email AS email,user.telephone AS telephone,user.address AS address,user.status AS status,user_category.name AS category_name,user_category.category_id AS category_id,role.role_id AS role_id,role.position_id AS position_id,position.name AS role_name,position.parent_id AS parent_id,position.department_id AS department_id,position.description AS description,role_department.name AS department_name FROM pd_user user LEFT JOIN pd_user_category user_category ON user.category_id=user_category.category_id LEFT JOIN pd_role role ON user.user_id=role.user_id LEFT JOIN pd_position position ON position.position_id=role.position_id LEFT JOIN pd_role_department role_department ON role_department.department_id=position.department_id WHERE ( user.user_id = 1 ) LIMIT 1  
ERR: Table 'wkcrm.pd_user_category' doesn't exist
 [ SQL语句 ] : SELECT user.user_id AS user_id,user.name AS name,user.sex AS sex,user.img AS img,user.email AS email,user.telephone AS telephone,user.address AS address,user.status AS status,user_category.name AS category_name,user_category.category_id AS category_id,role.role_id AS role_id,role.position_id AS position_id,position.name AS role_name,position.parent_id AS parent_id,position.department_id AS department_id,position.description AS description,role_department.name AS department_name FROM pd_user user LEFT JOIN pd_user_category user_category ON user.category_id=user_category.category_id LEFT JOIN pd_role role ON user.user_id=role.user_id LEFT JOIN pd_position position ON position.position_id=role.position_id LEFT JOIN pd_role_department role_department ON role_department.department_id=position.department_id WHERE ( user.user_id = 2 ) LIMIT 1  
ERR: Table 'wkcrm.pd_user_category' doesn't exist
 [ SQL语句 ] : SELECT user.user_id AS user_id,user.name AS name,user.sex AS sex,user.img AS img,user.email AS email,user.telephone AS telephone,user.address AS address,user.status AS status,user_category.name AS category_name,user_category.category_id AS category_id,role.role_id AS role_id,role.position_id AS position_id,position.name AS role_name,position.parent_id AS parent_id,position.department_id AS department_id,position.description AS description,role_department.name AS department_name FROM pd_user user LEFT JOIN pd_user_category user_category ON user.category_id=user_category.category_id LEFT JOIN pd_role role ON user.user_id=role.user_id LEFT JOIN pd_position position ON position.position_id=role.position_id LEFT JOIN pd_role_department role_department ON role_department.department_id=position.department_id WHERE ( user.user_id = 3 ) LIMIT 1  
ERR: Table 'wkcrm.pd_user_category' doesn't exist
 [ SQL语句 ] : SELECT * FROM `pd_user_category` 

[ 2019-11-01T11:03:28+08:00 ] 192.168.0.170 /index.php?m=index&a=index
ERR: Table 'wkcrm.pd_userm' doesn't exist
 [ SQL语句 ] : SHOW COLUMNS FROM `pd_userm`
ERR: Table 'wkcrm.pd_userm' doesn't exist
 [ SQL语句 ] : SELECT * FROM `pd_userm` WHERE ( id = 1 ) LIMIT 1  
ERR: Table 'wkcrm.pd_userm' doesn't exist
 [ SQL语句 ] : SELECT * FROM `pd_userm` WHERE ( id = 1 ) LIMIT 1  
ERR: You have an error in your SQL syntax; check the manual that corresponds to your MySQL server version for the right syntax to use near ') )' at line 1
 [ SQL语句 ] : SELECT * FROM `pd_file` WHERE ( `file_id` IN () ) 
ERR: Table 'wkcrm.pd_customerm' doesn't exist
 [ SQL语句 ] : SHOW COLUMNS FROM `pd_customerm`
ERR: Table 'wkcrm.pd_customerm' doesn't exist
 [ SQL语句 ] : SELECT * FROM `pd_customerm` WHERE ( id = 76 ) LIMIT 1  
ERR: Table 'wkcrm.pd_customerm' doesn't exist
 [ SQL语句 ] : SELECT * FROM `pd_customerm` WHERE ( id = 75 ) LIMIT 1  
ERR: Table 'wkcrm.pd_customerm' doesn't exist
 [ SQL语句 ] : SELECT * FROM `pd_customerm` WHERE ( id = 74 ) LIMIT 1  
ERR: Table 'wkcrm.pd_visitor_plan' doesn't exist
 [ SQL语句 ] : SHOW COLUMNS FROM `pd_visitor_plan`
ERR: You have an error in your SQL syntax; check the manual that corresponds to your MySQL server version for the right syntax to use near 'BETWEEN 1572537600 AND 1572624000 ) ) LIMIT 1' at line 1
 [ SQL语句 ] : SELECT COUNT(*) AS tp_count FROM pd_visitor_plan visitor_plan  JOIN pd_event event ON visitor_plan.event_id=event.event_id WHERE (  (visitor_plan. BETWEEN 1572537600 AND 1572624000 ) ) LIMIT 1  
ERR: You have an error in your SQL syntax; check the manual that corresponds to your MySQL server version for the right syntax to use near 'BETWEEN 1572537600 AND 1572624000 ) ) LIMIT 1' at line 1
 [ SQL语句 ] : SELECT COUNT(*) AS tp_count FROM pd_visitor_plan visitor_plan  JOIN pd_event event ON visitor_plan.event_id=event.event_id WHERE (  (visitor_plan. BETWEEN 1572537600 AND 1572624000 ) ) LIMIT 1  
ERR: You have an error in your SQL syntax; check the manual that corresponds to your MySQL server version for the right syntax to use near 'BETWEEN 1572192000 AND 1572796800 ) ) LIMIT 1' at line 1
 [ SQL语句 ] : SELECT COUNT(*) AS tp_count FROM pd_visitor_plan visitor_plan  JOIN pd_event event ON visitor_plan.event_id=event.event_id WHERE (  (visitor_plan. BETWEEN 1572192000 AND 1572796800 ) ) LIMIT 1  
ERR: You have an error in your SQL syntax; check the manual that corresponds to your MySQL server version for the right syntax to use near 'BETWEEN 1572192000 AND 1572796800 ) ) LIMIT 1' at line 1
 [ SQL语句 ] : SELECT COUNT(*) AS tp_count FROM pd_visitor_plan visitor_plan  JOIN pd_event event ON visitor_plan.event_id=event.event_id WHERE (  (visitor_plan. BETWEEN 1572192000 AND 1572796800 ) ) LIMIT 1  
ERR: You have an error in your SQL syntax; check the manual that corresponds to your MySQL server version for the right syntax to use near 'BETWEEN 1572537600 AND 1575129600 ) ) LIMIT 1' at line 1
 [ SQL语句 ] : SELECT COUNT(*) AS tp_count FROM pd_visitor_plan visitor_plan  JOIN pd_event event ON visitor_plan.event_id=event.event_id WHERE (  (visitor_plan. BETWEEN 1572537600 AND 1575129600 ) ) LIMIT 1  
ERR: You have an error in your SQL syntax; check the manual that corresponds to your MySQL server version for the right syntax to use near 'BETWEEN 1572537600 AND 1575129600 ) ) LIMIT 1' at line 1
 [ SQL语句 ] : SELECT COUNT(*) AS tp_count FROM pd_visitor_plan visitor_plan  JOIN pd_event event ON visitor_plan.event_id=event.event_id WHERE (  (visitor_plan. BETWEEN 1572537600 AND 1575129600 ) ) LIMIT 1  
ERR: You have an error in your SQL syntax; check the manual that corresponds to your MySQL server version for the right syntax to use near 'BETWEEN 1546272000 AND 1577808000 ) ) LIMIT 1' at line 1
 [ SQL语句 ] : SELECT COUNT(*) AS tp_count FROM pd_visitor_plan visitor_plan  JOIN pd_event event ON visitor_plan.event_id=event.event_id WHERE (  (visitor_plan. BETWEEN 1546272000 AND 1577808000 ) ) LIMIT 1  
ERR: You have an error in your SQL syntax; check the manual that corresponds to your MySQL server version for the right syntax to use near 'BETWEEN 1546272000 AND 1577808000 ) ) LIMIT 1' at line 1
 [ SQL语句 ] : SELECT COUNT(*) AS tp_count FROM pd_visitor_plan visitor_plan  JOIN pd_event event ON visitor_plan.event_id=event.event_id WHERE (  (visitor_plan. BETWEEN 1546272000 AND 1577808000 ) ) LIMIT 1  
ERR: Table 'wkcrm.pd_system' doesn't exist
 [ SQL语句 ] : SHOW COLUMNS FROM `pd_system`

[ 2019-11-01T14:08:11+08:00 ] 192.168.0.170 /index.php?m=index&a=index
ERR: Table 'wkcrm.pd_userm' doesn't exist
 [ SQL语句 ] : SHOW COLUMNS FROM `pd_userm`
ERR: Table 'wkcrm.pd_userm' doesn't exist
 [ SQL语句 ] : SELECT * FROM `pd_userm` WHERE ( id = 1 ) LIMIT 1  
ERR: Table 'wkcrm.pd_userm' doesn't exist
 [ SQL语句 ] : SELECT * FROM `pd_userm` WHERE ( id = 1 ) LIMIT 1  
ERR: You have an error in your SQL syntax; check the manual that corresponds to your MySQL server version for the right syntax to use near ') )' at line 1
 [ SQL语句 ] : SELECT * FROM `pd_file` WHERE ( `file_id` IN () ) 
ERR: Table 'wkcrm.pd_customerm' doesn't exist
 [ SQL语句 ] : SHOW COLUMNS FROM `pd_customerm`
ERR: Table 'wkcrm.pd_customerm' doesn't exist
 [ SQL语句 ] : SELECT * FROM `pd_customerm` WHERE ( id = 76 ) LIMIT 1  
ERR: Table 'wkcrm.pd_customerm' doesn't exist
 [ SQL语句 ] : SELECT * FROM `pd_customerm` WHERE ( id = 75 ) LIMIT 1  
ERR: Table 'wkcrm.pd_customerm' doesn't exist
 [ SQL语句 ] : SELECT * FROM `pd_customerm` WHERE ( id = 74 ) LIMIT 1  
ERR: Table 'wkcrm.pd_visitor_plan' doesn't exist
 [ SQL语句 ] : SHOW COLUMNS FROM `pd_visitor_plan`
ERR: You have an error in your SQL syntax; check the manual that corresponds to your MySQL server version for the right syntax to use near 'BETWEEN 1572537600 AND 1572624000 ) ) LIMIT 1' at line 1
 [ SQL语句 ] : SELECT COUNT(*) AS tp_count FROM pd_visitor_plan visitor_plan  JOIN pd_event event ON visitor_plan.event_id=event.event_id WHERE (  (visitor_plan. BETWEEN 1572537600 AND 1572624000 ) ) LIMIT 1  
ERR: You have an error in your SQL syntax; check the manual that corresponds to your MySQL server version for the right syntax to use near 'BETWEEN 1572537600 AND 1572624000 ) ) LIMIT 1' at line 1
 [ SQL语句 ] : SELECT COUNT(*) AS tp_count FROM pd_visitor_plan visitor_plan  JOIN pd_event event ON visitor_plan.event_id=event.event_id WHERE (  (visitor_plan. BETWEEN 1572537600 AND 1572624000 ) ) LIMIT 1  
ERR: You have an error in your SQL syntax; check the manual that corresponds to your MySQL server version for the right syntax to use near 'BETWEEN 1572192000 AND 1572796800 ) ) LIMIT 1' at line 1
 [ SQL语句 ] : SELECT COUNT(*) AS tp_count FROM pd_visitor_plan visitor_plan  JOIN pd_event event ON visitor_plan.event_id=event.event_id WHERE (  (visitor_plan. BETWEEN 1572192000 AND 1572796800 ) ) LIMIT 1  
ERR: You have an error in your SQL syntax; check the manual that corresponds to your MySQL server version for the right syntax to use near 'BETWEEN 1572192000 AND 1572796800 ) ) LIMIT 1' at line 1
 [ SQL语句 ] : SELECT COUNT(*) AS tp_count FROM pd_visitor_plan visitor_plan  JOIN pd_event event ON visitor_plan.event_id=event.event_id WHERE (  (visitor_plan. BETWEEN 1572192000 AND 1572796800 ) ) LIMIT 1  
ERR: You have an error in your SQL syntax; check the manual that corresponds to your MySQL server version for the right syntax to use near 'BETWEEN 1572537600 AND 1575129600 ) ) LIMIT 1' at line 1
 [ SQL语句 ] : SELECT COUNT(*) AS tp_count FROM pd_visitor_plan visitor_plan  JOIN pd_event event ON visitor_plan.event_id=event.event_id WHERE (  (visitor_plan. BETWEEN 1572537600 AND 1575129600 ) ) LIMIT 1  
ERR: You have an error in your SQL syntax; check the manual that corresponds to your MySQL server version for the right syntax to use near 'BETWEEN 1572537600 AND 1575129600 ) ) LIMIT 1' at line 1
 [ SQL语句 ] : SELECT COUNT(*) AS tp_count FROM pd_visitor_plan visitor_plan  JOIN pd_event event ON visitor_plan.event_id=event.event_id WHERE (  (visitor_plan. BETWEEN 1572537600 AND 1575129600 ) ) LIMIT 1  
ERR: You have an error in your SQL syntax; check the manual that corresponds to your MySQL server version for the right syntax to use near 'BETWEEN 1546272000 AND 1577808000 ) ) LIMIT 1' at line 1
 [ SQL语句 ] : SELECT COUNT(*) AS tp_count FROM pd_visitor_plan visitor_plan  JOIN pd_event event ON visitor_plan.event_id=event.event_id WHERE (  (visitor_plan. BETWEEN 1546272000 AND 1577808000 ) ) LIMIT 1  
ERR: You have an error in your SQL syntax; check the manual that corresponds to your MySQL server version for the right syntax to use near 'BETWEEN 1546272000 AND 1577808000 ) ) LIMIT 1' at line 1
 [ SQL语句 ] : SELECT COUNT(*) AS tp_count FROM pd_visitor_plan visitor_plan  JOIN pd_event event ON visitor_plan.event_id=event.event_id WHERE (  (visitor_plan. BETWEEN 1546272000 AND 1577808000 ) ) LIMIT 1  
ERR: Table 'wkcrm.pd_system' doesn't exist
 [ SQL语句 ] : SHOW COLUMNS FROM `pd_system`

[ 2019-11-01T14:08:15+08:00 ] 192.168.0.170 /index.php?m=user&a=edit
ERR: Table 'wkcrm.pd_user_category' doesn't exist
 [ SQL语句 ] : SHOW COLUMNS FROM `pd_user_category`
ERR: Table 'wkcrm.pd_user_category' doesn't exist
 [ SQL语句 ] : SELECT `name` FROM `pd_user_category` WHERE ( category_id = 1 ) LIMIT 1  
ERR: Table 'wkcrm.pd_user_category' doesn't exist
 [ SQL语句 ] : SELECT * FROM `pd_user_category` 
ERR: Table 'wkcrm.pd_system' doesn't exist
 [ SQL语句 ] : SHOW COLUMNS FROM `pd_system`

[ 2019-11-01T16:14:42+08:00 ] 192.168.0.139 /index.php?m=indexm&a=index
ERR: Table 'wkcrm.pd_userm' doesn't exist
 [ SQL语句 ] : SHOW COLUMNS FROM `pd_userm`
ERR: Table 'wkcrm.pd_userm' doesn't exist
 [ SQL语句 ] : SELECT * FROM `pd_userm` WHERE ( id = 1 ) LIMIT 1  
ERR: Table 'wkcrm.pd_userm' doesn't exist
 [ SQL语句 ] : SELECT * FROM `pd_userm` WHERE ( id = 1 ) LIMIT 1  
ERR: You have an error in your SQL syntax; check the manual that corresponds to your MySQL server version for the right syntax to use near ') )' at line 1
 [ SQL语句 ] : SELECT * FROM `pd_file` WHERE ( `file_id` IN () ) 
ERR: Table 'wkcrm.pd_customerm' doesn't exist
 [ SQL语句 ] : SHOW COLUMNS FROM `pd_customerm`
ERR: Table 'wkcrm.pd_customerm' doesn't exist
 [ SQL语句 ] : SELECT * FROM `pd_customerm` WHERE ( id = 76 ) LIMIT 1  
ERR: Table 'wkcrm.pd_customerm' doesn't exist
 [ SQL语句 ] : SELECT * FROM `pd_customerm` WHERE ( id = 75 ) LIMIT 1  
ERR: Table 'wkcrm.pd_customerm' doesn't exist
 [ SQL语句 ] : SELECT * FROM `pd_customerm` WHERE ( id = 74 ) LIMIT 1  
ERR: Table 'wkcrm.pd_visitor_plan' doesn't exist
 [ SQL语句 ] : SHOW COLUMNS FROM `pd_visitor_plan`
ERR: You have an error in your SQL syntax; check the manual that corresponds to your MySQL server version for the right syntax to use near 'BETWEEN 1572537600 AND 1572624000 ) ) LIMIT 1' at line 1
 [ SQL语句 ] : SELECT COUNT(*) AS tp_count FROM pd_visitor_plan visitor_plan  JOIN pd_event event ON visitor_plan.event_id=event.event_id WHERE (  (visitor_plan. BETWEEN 1572537600 AND 1572624000 ) ) LIMIT 1  
ERR: You have an error in your SQL syntax; check the manual that corresponds to your MySQL server version for the right syntax to use near 'BETWEEN 1572537600 AND 1572624000 ) ) LIMIT 1' at line 1
 [ SQL语句 ] : SELECT COUNT(*) AS tp_count FROM pd_visitor_plan visitor_plan  JOIN pd_event event ON visitor_plan.event_id=event.event_id WHERE (  (visitor_plan. BETWEEN 1572537600 AND 1572624000 ) ) LIMIT 1  
ERR: You have an error in your SQL syntax; check the manual that corresponds to your MySQL server version for the right syntax to use near 'BETWEEN 1572192000 AND 1572796800 ) ) LIMIT 1' at line 1
 [ SQL语句 ] : SELECT COUNT(*) AS tp_count FROM pd_visitor_plan visitor_plan  JOIN pd_event event ON visitor_plan.event_id=event.event_id WHERE (  (visitor_plan. BETWEEN 1572192000 AND 1572796800 ) ) LIMIT 1  
ERR: You have an error in your SQL syntax; check the manual that corresponds to your MySQL server version for the right syntax to use near 'BETWEEN 1572192000 AND 1572796800 ) ) LIMIT 1' at line 1
 [ SQL语句 ] : SELECT COUNT(*) AS tp_count FROM pd_visitor_plan visitor_plan  JOIN pd_event event ON visitor_plan.event_id=event.event_id WHERE (  (visitor_plan. BETWEEN 1572192000 AND 1572796800 ) ) LIMIT 1  
ERR: You have an error in your SQL syntax; check the manual that corresponds to your MySQL server version for the right syntax to use near 'BETWEEN 1572537600 AND 1575129600 ) ) LIMIT 1' at line 1
 [ SQL语句 ] : SELECT COUNT(*) AS tp_count FROM pd_visitor_plan visitor_plan  JOIN pd_event event ON visitor_plan.event_id=event.event_id WHERE (  (visitor_plan. BETWEEN 1572537600 AND 1575129600 ) ) LIMIT 1  
ERR: You have an error in your SQL syntax; check the manual that corresponds to your MySQL server version for the right syntax to use near 'BETWEEN 1572537600 AND 1575129600 ) ) LIMIT 1' at line 1
 [ SQL语句 ] : SELECT COUNT(*) AS tp_count FROM pd_visitor_plan visitor_plan  JOIN pd_event event ON visitor_plan.event_id=event.event_id WHERE (  (visitor_plan. BETWEEN 1572537600 AND 1575129600 ) ) LIMIT 1  
ERR: You have an error in your SQL syntax; check the manual that corresponds to your MySQL server version for the right syntax to use near 'BETWEEN 1546272000 AND 1577808000 ) ) LIMIT 1' at line 1
 [ SQL语句 ] : SELECT COUNT(*) AS tp_count FROM pd_visitor_plan visitor_plan  JOIN pd_event event ON visitor_plan.event_id=event.event_id WHERE (  (visitor_plan. BETWEEN 1546272000 AND 1577808000 ) ) LIMIT 1  
ERR: You have an error in your SQL syntax; check the manual that corresponds to your MySQL server version for the right syntax to use near 'BETWEEN 1546272000 AND 1577808000 ) ) LIMIT 1' at line 1
 [ SQL语句 ] : SELECT COUNT(*) AS tp_count FROM pd_visitor_plan visitor_plan  JOIN pd_event event ON visitor_plan.event_id=event.event_id WHERE (  (visitor_plan. BETWEEN 1546272000 AND 1577808000 ) ) LIMIT 1  
ERR: Table 'wkcrm.pd_banner' doesn't exist
 [ SQL语句 ] : SHOW COLUMNS FROM `pd_banner`
ERR: Table 'wkcrm.pd_banner' doesn't exist
 [ SQL语句 ] : SELECT * FROM `pd_banner` WHERE ( `status` <> 2 ) ORDER BY `order` desc 

[ 2019-11-01T16:14:44+08:00 ] 192.168.0.139 /index.php?m=userm&a=index
ERR: Table 'wkcrm.pd_user_category' doesn't exist
 [ SQL语句 ] : SHOW COLUMNS FROM `pd_user_category`
ERR: Table 'wkcrm.pd_user_category' doesn't exist
 [ SQL语句 ] : SELECT user.user_id AS user_id,user.name AS name,user.sex AS sex,user.img AS img,user.email AS email,user.telephone AS telephone,user.address AS address,user.status AS status,user_category.name AS category_name,user_category.category_id AS category_id,role.role_id AS role_id,role.position_id AS position_id,position.name AS role_name,position.parent_id AS parent_id,position.department_id AS department_id,position.description AS description,role_department.name AS department_name FROM pd_user user LEFT JOIN pd_user_category user_category ON user.category_id=user_category.category_id LEFT JOIN pd_role role ON user.user_id=role.user_id LEFT JOIN pd_position position ON position.position_id=role.position_id LEFT JOIN pd_role_department role_department ON role_department.department_id=position.department_id WHERE ( user.user_id = 1 ) LIMIT 1  
ERR: Table 'wkcrm.pd_user_category' doesn't exist
 [ SQL语句 ] : SELECT user.user_id AS user_id,user.name AS name,user.sex AS sex,user.img AS img,user.email AS email,user.telephone AS telephone,user.address AS address,user.status AS status,user_category.name AS category_name,user_category.category_id AS category_id,role.role_id AS role_id,role.position_id AS position_id,position.name AS role_name,position.parent_id AS parent_id,position.department_id AS department_id,position.description AS description,role_department.name AS department_name FROM pd_user user LEFT JOIN pd_user_category user_category ON user.category_id=user_category.category_id LEFT JOIN pd_role role ON user.user_id=role.user_id LEFT JOIN pd_position position ON position.position_id=role.position_id LEFT JOIN pd_role_department role_department ON role_department.department_id=position.department_id WHERE ( user.user_id = 2 ) LIMIT 1  
ERR: Table 'wkcrm.pd_user_category' doesn't exist
 [ SQL语句 ] : SELECT user.user_id AS user_id,user.name AS name,user.sex AS sex,user.img AS img,user.email AS email,user.telephone AS telephone,user.address AS address,user.status AS status,user_category.name AS category_name,user_category.category_id AS category_id,role.role_id AS role_id,role.position_id AS position_id,position.name AS role_name,position.parent_id AS parent_id,position.department_id AS department_id,position.description AS description,role_department.name AS department_name FROM pd_user user LEFT JOIN pd_user_category user_category ON user.category_id=user_category.category_id LEFT JOIN pd_role role ON user.user_id=role.user_id LEFT JOIN pd_position position ON position.position_id=role.position_id LEFT JOIN pd_role_department role_department ON role_department.department_id=position.department_id WHERE ( user.user_id = 3 ) LIMIT 1  
ERR: Table 'wkcrm.pd_user_category' doesn't exist
 [ SQL语句 ] : SELECT * FROM `pd_user_category` 

[ 2019-11-01T16:21:36+08:00 ] 192.168.0.170 /index.php?m=userm&a=edit
ERR: Table 'wkcrm.pd_user_category' doesn't exist
 [ SQL语句 ] : SHOW COLUMNS FROM `pd_user_category`
ERR: Table 'wkcrm.pd_user_category' doesn't exist
 [ SQL语句 ] : SELECT `name` FROM `pd_user_category` WHERE ( category_id = 1 ) LIMIT 1  
ERR: Table 'wkcrm.pd_user_category' doesn't exist
 [ SQL语句 ] : SELECT * FROM `pd_user_category` 

[ 2019-11-01T16:21:41+08:00 ] 192.168.0.170 /index.php?m=Userm&a=index
ERR: Table 'wkcrm.pd_user_category' doesn't exist
 [ SQL语句 ] : SHOW COLUMNS FROM `pd_user_category`
ERR: Table 'wkcrm.pd_user_category' doesn't exist
 [ SQL语句 ] : SELECT user.user_id AS user_id,user.name AS name,user.sex AS sex,user.img AS img,user.email AS email,user.telephone AS telephone,user.address AS address,user.status AS status,user_category.name AS category_name,user_category.category_id AS category_id,role.role_id AS role_id,role.position_id AS position_id,position.name AS role_name,position.parent_id AS parent_id,position.department_id AS department_id,position.description AS description,role_department.name AS department_name FROM pd_user user LEFT JOIN pd_user_category user_category ON user.category_id=user_category.category_id LEFT JOIN pd_role role ON user.user_id=role.user_id LEFT JOIN pd_position position ON position.position_id=role.position_id LEFT JOIN pd_role_department role_department ON role_department.department_id=position.department_id WHERE ( user.user_id = 1 ) LIMIT 1  
ERR: Table 'wkcrm.pd_user_category' doesn't exist
 [ SQL语句 ] : SELECT user.user_id AS user_id,user.name AS name,user.sex AS sex,user.img AS img,user.email AS email,user.telephone AS telephone,user.address AS address,user.status AS status,user_category.name AS category_name,user_category.category_id AS category_id,role.role_id AS role_id,role.position_id AS position_id,position.name AS role_name,position.parent_id AS parent_id,position.department_id AS department_id,position.description AS description,role_department.name AS department_name FROM pd_user user LEFT JOIN pd_user_category user_category ON user.category_id=user_category.category_id LEFT JOIN pd_role role ON user.user_id=role.user_id LEFT JOIN pd_position position ON position.position_id=role.position_id LEFT JOIN pd_role_department role_department ON role_department.department_id=position.department_id WHERE ( user.user_id = 2 ) LIMIT 1  
ERR: Table 'wkcrm.pd_user_category' doesn't exist
 [ SQL语句 ] : SELECT user.user_id AS user_id,user.name AS name,user.sex AS sex,user.img AS img,user.email AS email,user.telephone AS telephone,user.address AS address,user.status AS status,user_category.name AS category_name,user_category.category_id AS category_id,role.role_id AS role_id,role.position_id AS position_id,position.name AS role_name,position.parent_id AS parent_id,position.department_id AS department_id,position.description AS description,role_department.name AS department_name FROM pd_user user LEFT JOIN pd_user_category user_category ON user.category_id=user_category.category_id LEFT JOIN pd_role role ON user.user_id=role.user_id LEFT JOIN pd_position position ON position.position_id=role.position_id LEFT JOIN pd_role_department role_department ON role_department.department_id=position.department_id WHERE ( user.user_id = 3 ) LIMIT 1  
ERR: Table 'wkcrm.pd_user_category' doesn't exist
 [ SQL语句 ] : SELECT * FROM `pd_user_category` 

[ 2019-11-01T16:21:42+08:00 ] 192.168.0.170 /index.php?m=userm&a=index
ERR: Table 'wkcrm.pd_user_category' doesn't exist
 [ SQL语句 ] : SHOW COLUMNS FROM `pd_user_category`
ERR: Table 'wkcrm.pd_user_category' doesn't exist
 [ SQL语句 ] : SELECT user.user_id AS user_id,user.name AS name,user.sex AS sex,user.img AS img,user.email AS email,user.telephone AS telephone,user.address AS address,user.status AS status,user_category.name AS category_name,user_category.category_id AS category_id,role.role_id AS role_id,role.position_id AS position_id,position.name AS role_name,position.parent_id AS parent_id,position.department_id AS department_id,position.description AS description,role_department.name AS department_name FROM pd_user user LEFT JOIN pd_user_category user_category ON user.category_id=user_category.category_id LEFT JOIN pd_role role ON user.user_id=role.user_id LEFT JOIN pd_position position ON position.position_id=role.position_id LEFT JOIN pd_role_department role_department ON role_department.department_id=position.department_id WHERE ( user.user_id = 1 ) LIMIT 1  
ERR: Table 'wkcrm.pd_user_category' doesn't exist
 [ SQL语句 ] : SELECT user.user_id AS user_id,user.name AS name,user.sex AS sex,user.img AS img,user.email AS email,user.telephone AS telephone,user.address AS address,user.status AS status,user_category.name AS category_name,user_category.category_id AS category_id,role.role_id AS role_id,role.position_id AS position_id,position.name AS role_name,position.parent_id AS parent_id,position.department_id AS department_id,position.description AS description,role_department.name AS department_name FROM pd_user user LEFT JOIN pd_user_category user_category ON user.category_id=user_category.category_id LEFT JOIN pd_role role ON user.user_id=role.user_id LEFT JOIN pd_position position ON position.position_id=role.position_id LEFT JOIN pd_role_department role_department ON role_department.department_id=position.department_id WHERE ( user.user_id = 2 ) LIMIT 1  
ERR: Table 'wkcrm.pd_user_category' doesn't exist
 [ SQL语句 ] : SELECT user.user_id AS user_id,user.name AS name,user.sex AS sex,user.img AS img,user.email AS email,user.telephone AS telephone,user.address AS address,user.status AS status,user_category.name AS category_name,user_category.category_id AS category_id,role.role_id AS role_id,role.position_id AS position_id,position.name AS role_name,position.parent_id AS parent_id,position.department_id AS department_id,position.description AS description,role_department.name AS department_name FROM pd_user user LEFT JOIN pd_user_category user_category ON user.category_id=user_category.category_id LEFT JOIN pd_role role ON user.user_id=role.user_id LEFT JOIN pd_position position ON position.position_id=role.position_id LEFT JOIN pd_role_department role_department ON role_department.department_id=position.department_id WHERE ( user.user_id = 3 ) LIMIT 1  
ERR: Table 'wkcrm.pd_user_category' doesn't exist
 [ SQL语句 ] : SELECT * FROM `pd_user_category` 

