[ 2019-10-15T10:01:50+08:00 ] 127.0.0.1 /index.php?m=index&a=index
ERR: Table 'wkcrm.pd_customerm' doesn't exist
 [ SQL语句 ] : SHOW COLUMNS FROM `pd_customerm`
ERR: Table 'wkcrm.pd_customerm' doesn't exist
 [ SQL语句 ] : SELECT * FROM `pd_customerm` WHERE ( id = 75 ) LIMIT 1  
ERR: Table 'wkcrm.pd_customerm' doesn't exist
 [ SQL语句 ] : SELECT * FROM `pd_customerm` WHERE ( id = 74 ) LIMIT 1  
ERR: Table 'wkcrm.pd_visitor_plan' doesn't exist
 [ SQL语句 ] : SHOW COLUMNS FROM `pd_visitor_plan`
ERR: You have an error in your SQL syntax; check the manual that corresponds to your MySQL server version for the right syntax to use near 'BETWEEN 1571068800 AND 1571155200 ) ) LIMIT 1' at line 1
 [ SQL语句 ] : SELECT COUNT(*) AS tp_count FROM pd_visitor_plan visitor_plan  JOIN pd_event event ON visitor_plan.event_id=event.event_id WHERE (  (visitor_plan. BETWEEN 1571068800 AND 1571155200 ) ) LIMIT 1  
ERR: You have an error in your SQL syntax; check the manual that corresponds to your MySQL server version for the right syntax to use near 'BETWEEN 1571068800 AND 1571155200 ) ) LIMIT 1' at line 1
 [ SQL语句 ] : SELECT COUNT(*) AS tp_count FROM pd_visitor_plan visitor_plan  JOIN pd_event event ON visitor_plan.event_id=event.event_id WHERE (  (visitor_plan. BETWEEN 1571068800 AND 1571155200 ) ) LIMIT 1  
ERR: You have an error in your SQL syntax; check the manual that corresponds to your MySQL server version for the right syntax to use near 'BETWEEN 1570982400 AND 1571587200 ) ) LIMIT 1' at line 1
 [ SQL语句 ] : SELECT COUNT(*) AS tp_count FROM pd_visitor_plan visitor_plan  JOIN pd_event event ON visitor_plan.event_id=event.event_id WHERE (  (visitor_plan. BETWEEN 1570982400 AND 1571587200 ) ) LIMIT 1  
ERR: You have an error in your SQL syntax; check the manual that corresponds to your MySQL server version for the right syntax to use near 'BETWEEN 1570982400 AND 1571587200 ) ) LIMIT 1' at line 1
 [ SQL语句 ] : SELECT COUNT(*) AS tp_count FROM pd_visitor_plan visitor_plan  JOIN pd_event event ON visitor_plan.event_id=event.event_id WHERE (  (visitor_plan. BETWEEN 1570982400 AND 1571587200 ) ) LIMIT 1  
ERR: You have an error in your SQL syntax; check the manual that corresponds to your MySQL server version for the right syntax to use near 'BETWEEN 1569859200 AND 1572537600 ) ) LIMIT 1' at line 1
 [ SQL语句 ] : SELECT COUNT(*) AS tp_count FROM pd_visitor_plan visitor_plan  JOIN pd_event event ON visitor_plan.event_id=event.event_id WHERE (  (visitor_plan. BETWEEN 1569859200 AND 1572537600 ) ) LIMIT 1  
ERR: You have an error in your SQL syntax; check the manual that corresponds to your MySQL server version for the right syntax to use near 'BETWEEN 1569859200 AND 1572537600 ) ) LIMIT 1' at line 1
 [ SQL语句 ] : SELECT COUNT(*) AS tp_count FROM pd_visitor_plan visitor_plan  JOIN pd_event event ON visitor_plan.event_id=event.event_id WHERE (  (visitor_plan. BETWEEN 1569859200 AND 1572537600 ) ) LIMIT 1  
ERR: You have an error in your SQL syntax; check the manual that corresponds to your MySQL server version for the right syntax to use near 'BETWEEN 1546272000 AND 1577808000 ) ) LIMIT 1' at line 1
 [ SQL语句 ] : SELECT COUNT(*) AS tp_count FROM pd_visitor_plan visitor_plan  JOIN pd_event event ON visitor_plan.event_id=event.event_id WHERE (  (visitor_plan. BETWEEN 1546272000 AND 1577808000 ) ) LIMIT 1  
ERR: You have an error in your SQL syntax; check the manual that corresponds to your MySQL server version for the right syntax to use near 'BETWEEN 1546272000 AND 1577808000 ) ) LIMIT 1' at line 1
 [ SQL语句 ] : SELECT COUNT(*) AS tp_count FROM pd_visitor_plan visitor_plan  JOIN pd_event event ON visitor_plan.event_id=event.event_id WHERE (  (visitor_plan. BETWEEN 1546272000 AND 1577808000 ) ) LIMIT 1  
ERR: Table 'wkcrm.pd_system' doesn't exist
 [ SQL语句 ] : SHOW COLUMNS FROM `pd_system`

[ 2019-10-15T11:58:51+08:00 ] 127.0.0.1 /index.php?m=indexm&a=index
ERR: Table 'wkcrm.pd_customerm' doesn't exist
 [ SQL语句 ] : SHOW COLUMNS FROM `pd_customerm`
ERR: Table 'wkcrm.pd_customerm' doesn't exist
 [ SQL语句 ] : SELECT * FROM `pd_customerm` WHERE ( id = 75 ) LIMIT 1  
ERR: Table 'wkcrm.pd_customerm' doesn't exist
 [ SQL语句 ] : SELECT * FROM `pd_customerm` WHERE ( id = 74 ) LIMIT 1  
ERR: Table 'wkcrm.pd_visitor_plan' doesn't exist
 [ SQL语句 ] : SHOW COLUMNS FROM `pd_visitor_plan`
ERR: You have an error in your SQL syntax; check the manual that corresponds to your MySQL server version for the right syntax to use near 'BETWEEN 1571068800 AND 1571155200 ) ) LIMIT 1' at line 1
 [ SQL语句 ] : SELECT COUNT(*) AS tp_count FROM pd_visitor_plan visitor_plan  JOIN pd_event event ON visitor_plan.event_id=event.event_id WHERE (  (visitor_plan. BETWEEN 1571068800 AND 1571155200 ) ) LIMIT 1  
ERR: You have an error in your SQL syntax; check the manual that corresponds to your MySQL server version for the right syntax to use near 'BETWEEN 1571068800 AND 1571155200 ) ) LIMIT 1' at line 1
 [ SQL语句 ] : SELECT COUNT(*) AS tp_count FROM pd_visitor_plan visitor_plan  JOIN pd_event event ON visitor_plan.event_id=event.event_id WHERE (  (visitor_plan. BETWEEN 1571068800 AND 1571155200 ) ) LIMIT 1  
ERR: You have an error in your SQL syntax; check the manual that corresponds to your MySQL server version for the right syntax to use near 'BETWEEN 1570982400 AND 1571587200 ) ) LIMIT 1' at line 1
 [ SQL语句 ] : SELECT COUNT(*) AS tp_count FROM pd_visitor_plan visitor_plan  JOIN pd_event event ON visitor_plan.event_id=event.event_id WHERE (  (visitor_plan. BETWEEN 1570982400 AND 1571587200 ) ) LIMIT 1  
ERR: You have an error in your SQL syntax; check the manual that corresponds to your MySQL server version for the right syntax to use near 'BETWEEN 1570982400 AND 1571587200 ) ) LIMIT 1' at line 1
 [ SQL语句 ] : SELECT COUNT(*) AS tp_count FROM pd_visitor_plan visitor_plan  JOIN pd_event event ON visitor_plan.event_id=event.event_id WHERE (  (visitor_plan. BETWEEN 1570982400 AND 1571587200 ) ) LIMIT 1  
ERR: You have an error in your SQL syntax; check the manual that corresponds to your MySQL server version for the right syntax to use near 'BETWEEN 1569859200 AND 1572537600 ) ) LIMIT 1' at line 1
 [ SQL语句 ] : SELECT COUNT(*) AS tp_count FROM pd_visitor_plan visitor_plan  JOIN pd_event event ON visitor_plan.event_id=event.event_id WHERE (  (visitor_plan. BETWEEN 1569859200 AND 1572537600 ) ) LIMIT 1  
ERR: You have an error in your SQL syntax; check the manual that corresponds to your MySQL server version for the right syntax to use near 'BETWEEN 1569859200 AND 1572537600 ) ) LIMIT 1' at line 1
 [ SQL语句 ] : SELECT COUNT(*) AS tp_count FROM pd_visitor_plan visitor_plan  JOIN pd_event event ON visitor_plan.event_id=event.event_id WHERE (  (visitor_plan. BETWEEN 1569859200 AND 1572537600 ) ) LIMIT 1  
ERR: You have an error in your SQL syntax; check the manual that corresponds to your MySQL server version for the right syntax to use near 'BETWEEN 1546272000 AND 1577808000 ) ) LIMIT 1' at line 1
 [ SQL语句 ] : SELECT COUNT(*) AS tp_count FROM pd_visitor_plan visitor_plan  JOIN pd_event event ON visitor_plan.event_id=event.event_id WHERE (  (visitor_plan. BETWEEN 1546272000 AND 1577808000 ) ) LIMIT 1  
ERR: You have an error in your SQL syntax; check the manual that corresponds to your MySQL server version for the right syntax to use near 'BETWEEN 1546272000 AND 1577808000 ) ) LIMIT 1' at line 1
 [ SQL语句 ] : SELECT COUNT(*) AS tp_count FROM pd_visitor_plan visitor_plan  JOIN pd_event event ON visitor_plan.event_id=event.event_id WHERE (  (visitor_plan. BETWEEN 1546272000 AND 1577808000 ) ) LIMIT 1  
ERR: Table 'wkcrm.pd_banner' doesn't exist
 [ SQL语句 ] : SHOW COLUMNS FROM `pd_banner`
ERR: Table 'wkcrm.pd_banner' doesn't exist
 [ SQL语句 ] : SELECT * FROM `pd_banner` WHERE ( `status` <> 2 ) ORDER BY `order` desc 

[ 2019-10-15T11:58:55+08:00 ] 127.0.0.1 /index.php?m=leadsm&a=index
ERR: Table 'wkcrm.pd_search' doesn't exist
 [ SQL语句 ] : SHOW COLUMNS FROM `pd_search`

[ 2019-10-15T11:58:57+08:00 ] 127.0.0.1 /index.php?m=customerm&a=index
ERR: Table 'wkcrm.pd_search' doesn't exist
 [ SQL语句 ] : SHOW COLUMNS FROM `pd_search`
ERR: Table 'wkcrm.pd_customerm' doesn't exist
 [ SQL语句 ] : SHOW COLUMNS FROM `pd_customerm`

[ 2019-10-15T11:59:21+08:00 ] 127.0.0.1 /index.php?m=customerm&a=index&content=resource
ERR: Table 'wkcrm.pd_search' doesn't exist
 [ SQL语句 ] : SHOW COLUMNS FROM `pd_search`
ERR: Table 'wkcrm.pd_customerm' doesn't exist
 [ SQL语句 ] : SHOW COLUMNS FROM `pd_customerm`

[ 2019-10-15T11:59:24+08:00 ] 127.0.0.1 /index.php?m=customerm&a=index
ERR: Table 'wkcrm.pd_search' doesn't exist
 [ SQL语句 ] : SHOW COLUMNS FROM `pd_search`
ERR: Table 'wkcrm.pd_customerm' doesn't exist
 [ SQL语句 ] : SHOW COLUMNS FROM `pd_customerm`

[ 2019-10-15T11:59:26+08:00 ] 127.0.0.1 /index.php?m=customerm&a=index&content=resource
ERR: Table 'wkcrm.pd_search' doesn't exist
 [ SQL语句 ] : SHOW COLUMNS FROM `pd_search`
ERR: Table 'wkcrm.pd_customerm' doesn't exist
 [ SQL语句 ] : SHOW COLUMNS FROM `pd_customerm`

[ 2019-10-15T11:59:32+08:00 ] 127.0.0.1 /index.php?m=customer&a=index&by=me
ERR: Table 'wkcrm.pd_search' doesn't exist
 [ SQL语句 ] : SHOW COLUMNS FROM `pd_search`
ERR: Table 'wkcrm.pd_system' doesn't exist
 [ SQL语句 ] : SHOW COLUMNS FROM `pd_system`

[ 2019-10-15T11:59:41+08:00 ] 127.0.0.1 /index.php?m=customer&a=index&by=me
ERR: Table 'wkcrm.pd_search' doesn't exist
 [ SQL语句 ] : SHOW COLUMNS FROM `pd_search`
ERR: Table 'wkcrm.pd_system' doesn't exist
 [ SQL语句 ] : SHOW COLUMNS FROM `pd_system`

[ 2019-10-15T11:59:45+08:00 ] 127.0.0.1 /index.php?m=customerm&a=index&content=resource
ERR: Table 'wkcrm.pd_search' doesn't exist
 [ SQL语句 ] : SHOW COLUMNS FROM `pd_search`
ERR: Table 'wkcrm.pd_customerm' doesn't exist
 [ SQL语句 ] : SHOW COLUMNS FROM `pd_customerm`

[ 2019-10-15T11:59:48+08:00 ] 127.0.0.1 /index.php?m=customerm&a=view&id=71&content=resource
ERR: Table 'wkcrm.pd_visitor_plan' doesn't exist
 [ SQL语句 ] : SHOW COLUMNS FROM `pd_visitor_plan`
ERR: You have an error in your SQL syntax; check the manual that corresponds to your MySQL server version for the right syntax to use near '%d )' at line 1
 [ SQL语句 ] : SELECT * FROM `pd_business` WHERE ( business_id = %d ) 
ERR: Table 'wkcrm.pd_visitor_plan' doesn't exist
 [ SQL语句 ] : SHOW COLUMNS FROM `pd_visitor_plan`
ERR: Table 'wkcrm.pd_visitor_plan' doesn't exist
 [ SQL语句 ] : SELECT * FROM `pd_visitor_plan` WHERE ( `event_id` IN ('75','67') ) ORDER BY plan_time desc LIMIT 0, 10  
ERR: Table 'wkcrm.pd_visitor_plan' doesn't exist
 [ SQL语句 ] : SELECT * FROM `pd_visitor_plan` WHERE (  (`plan_time` BETWEEN 1571068800 AND 1571155199 ) ) AND ( `status` IN (0,1) ) AND ( `event_id` IN ('75','67') ) ORDER BY plan_time desc LIMIT 0, 10  
ERR: Table 'wkcrm.pd_field' doesn't exist
 [ SQL语句 ] : SHOW COLUMNS FROM `pd_field`

[ 2019-10-15T11:59:55+08:00 ] 127.0.0.1 /index.php?m=customerm&a=view&id=71&content=resource
ERR: Table 'wkcrm.pd_visitor_plan' doesn't exist
 [ SQL语句 ] : SHOW COLUMNS FROM `pd_visitor_plan`
ERR: You have an error in your SQL syntax; check the manual that corresponds to your MySQL server version for the right syntax to use near '%d )' at line 1
 [ SQL语句 ] : SELECT * FROM `pd_business` WHERE ( business_id = %d ) 
ERR: Table 'wkcrm.pd_visitor_plan' doesn't exist
 [ SQL语句 ] : SHOW COLUMNS FROM `pd_visitor_plan`
ERR: Table 'wkcrm.pd_visitor_plan' doesn't exist
 [ SQL语句 ] : SELECT * FROM `pd_visitor_plan` WHERE ( `event_id` IN ('75','67') ) ORDER BY plan_time desc LIMIT 0, 10  
ERR: Table 'wkcrm.pd_visitor_plan' doesn't exist
 [ SQL语句 ] : SELECT * FROM `pd_visitor_plan` WHERE (  (`plan_time` BETWEEN 1571068800 AND 1571155199 ) ) AND ( `status` IN (0,1) ) AND ( `event_id` IN ('75','67') ) ORDER BY plan_time desc LIMIT 0, 10  
ERR: Table 'wkcrm.pd_field' doesn't exist
 [ SQL语句 ] : SHOW COLUMNS FROM `pd_field`

[ 2019-10-15T11:59:57+08:00 ] 127.0.0.1 /index.php?m=customerm&a=index&content=resource
ERR: Table 'wkcrm.pd_search' doesn't exist
 [ SQL语句 ] : SHOW COLUMNS FROM `pd_search`
ERR: Table 'wkcrm.pd_customerm' doesn't exist
 [ SQL语句 ] : SHOW COLUMNS FROM `pd_customerm`

[ 2019-10-15T11:59:58+08:00 ] 127.0.0.1 /index.php?m=customerm&a=view&id=71&content=resource
ERR: Table 'wkcrm.pd_visitor_plan' doesn't exist
 [ SQL语句 ] : SHOW COLUMNS FROM `pd_visitor_plan`
ERR: You have an error in your SQL syntax; check the manual that corresponds to your MySQL server version for the right syntax to use near '%d )' at line 1
 [ SQL语句 ] : SELECT * FROM `pd_business` WHERE ( business_id = %d ) 
ERR: Table 'wkcrm.pd_visitor_plan' doesn't exist
 [ SQL语句 ] : SHOW COLUMNS FROM `pd_visitor_plan`
ERR: Table 'wkcrm.pd_visitor_plan' doesn't exist
 [ SQL语句 ] : SELECT * FROM `pd_visitor_plan` WHERE ( `event_id` IN ('75','67') ) ORDER BY plan_time desc LIMIT 0, 10  
ERR: Table 'wkcrm.pd_visitor_plan' doesn't exist
 [ SQL语句 ] : SELECT * FROM `pd_visitor_plan` WHERE (  (`plan_time` BETWEEN 1571068800 AND 1571155199 ) ) AND ( `status` IN (0,1) ) AND ( `event_id` IN ('75','67') ) ORDER BY plan_time desc LIMIT 0, 10  
ERR: Table 'wkcrm.pd_field' doesn't exist
 [ SQL语句 ] : SHOW COLUMNS FROM `pd_field`

[ 2019-10-15T12:00:00+08:00 ] 127.0.0.1 /index.php?m=customerm&a=index
ERR: Table 'wkcrm.pd_search' doesn't exist
 [ SQL语句 ] : SHOW COLUMNS FROM `pd_search`
ERR: Table 'wkcrm.pd_customerm' doesn't exist
 [ SQL语句 ] : SHOW COLUMNS FROM `pd_customerm`

[ 2019-10-15T13:51:35+08:00 ] 127.0.0.1 /index.php?m=customerm&a=index&content=resource
ERR: Table 'wkcrm.pd_search' doesn't exist
 [ SQL语句 ] : SHOW COLUMNS FROM `pd_search`
ERR: Table 'wkcrm.pd_customerm' doesn't exist
 [ SQL语句 ] : SHOW COLUMNS FROM `pd_customerm`

[ 2019-10-15T13:51:45+08:00 ] 127.0.0.1 /index.php?m=customerm&a=view&id=75&content=resource
ERR: Table 'wkcrm.pd_visitor_plan' doesn't exist
 [ SQL语句 ] : SHOW COLUMNS FROM `pd_visitor_plan`
ERR: You have an error in your SQL syntax; check the manual that corresponds to your MySQL server version for the right syntax to use near '%d )' at line 1
 [ SQL语句 ] : SELECT * FROM `pd_business` WHERE ( business_id = %d ) 
ERR: Table 'wkcrm.pd_visitor_plan' doesn't exist
 [ SQL语句 ] : SHOW COLUMNS FROM `pd_visitor_plan`
ERR: Table 'wkcrm.pd_visitor_plan' doesn't exist
 [ SQL语句 ] : SELECT * FROM `pd_visitor_plan` WHERE ( `event_id` IN ('75','67') ) ORDER BY plan_time desc LIMIT 0, 10  
ERR: Table 'wkcrm.pd_visitor_plan' doesn't exist
 [ SQL语句 ] : SELECT * FROM `pd_visitor_plan` WHERE (  (`plan_time` BETWEEN 1571068800 AND 1571155199 ) ) AND ( `status` IN (0,1) ) AND ( `event_id` IN ('75','67') ) ORDER BY plan_time desc LIMIT 0, 10  
ERR: Table 'wkcrm.pd_field' doesn't exist
 [ SQL语句 ] : SHOW COLUMNS FROM `pd_field`

[ 2019-10-15T13:51:52+08:00 ] 127.0.0.1 /index.php?m=customerm&a=index
ERR: Table 'wkcrm.pd_search' doesn't exist
 [ SQL语句 ] : SHOW COLUMNS FROM `pd_search`
ERR: Table 'wkcrm.pd_customerm' doesn't exist
 [ SQL语句 ] : SHOW COLUMNS FROM `pd_customerm`

[ 2019-10-15T13:56:35+08:00 ] 127.0.0.1 /index.php?m=customerm&a=view&id=72
ERR: Table 'wkcrm.pd_visitor_plan' doesn't exist
 [ SQL语句 ] : SHOW COLUMNS FROM `pd_visitor_plan`
ERR: You have an error in your SQL syntax; check the manual that corresponds to your MySQL server version for the right syntax to use near '%d )' at line 1
 [ SQL语句 ] : SELECT * FROM `pd_business` WHERE ( business_id = %d ) 
ERR: Table 'wkcrm.pd_visitor_plan' doesn't exist
 [ SQL语句 ] : SHOW COLUMNS FROM `pd_visitor_plan`
ERR: Table 'wkcrm.pd_visitor_plan' doesn't exist
 [ SQL语句 ] : SELECT * FROM `pd_visitor_plan` WHERE ( `event_id` IN ('75','67') ) ORDER BY plan_time desc LIMIT 0, 10  
ERR: Table 'wkcrm.pd_visitor_plan' doesn't exist
 [ SQL语句 ] : SELECT * FROM `pd_visitor_plan` WHERE (  (`plan_time` BETWEEN 1571068800 AND 1571155199 ) ) AND ( `status` IN (0,1) ) AND ( `event_id` IN ('75','67') ) ORDER BY plan_time desc LIMIT 0, 10  
ERR: Table 'wkcrm.pd_field' doesn't exist
 [ SQL语句 ] : SHOW COLUMNS FROM `pd_field`

[ 2019-10-15T13:56:42+08:00 ] 127.0.0.1 /index.php?m=customerm&a=view&id=73
ERR: Table 'wkcrm.pd_visitor_plan' doesn't exist
 [ SQL语句 ] : SHOW COLUMNS FROM `pd_visitor_plan`
ERR: You have an error in your SQL syntax; check the manual that corresponds to your MySQL server version for the right syntax to use near '%d )' at line 1
 [ SQL语句 ] : SELECT * FROM `pd_business` WHERE ( business_id = %d ) 
ERR: Table 'wkcrm.pd_visitor_plan' doesn't exist
 [ SQL语句 ] : SHOW COLUMNS FROM `pd_visitor_plan`
ERR: Table 'wkcrm.pd_visitor_plan' doesn't exist
 [ SQL语句 ] : SELECT * FROM `pd_visitor_plan` WHERE ( `event_id` IN ('75','67') ) ORDER BY plan_time desc LIMIT 0, 10  
ERR: Table 'wkcrm.pd_visitor_plan' doesn't exist
 [ SQL语句 ] : SELECT * FROM `pd_visitor_plan` WHERE (  (`plan_time` BETWEEN 1571068800 AND 1571155199 ) ) AND ( `status` IN (0,1) ) AND ( `event_id` IN ('75','67') ) ORDER BY plan_time desc LIMIT 0, 10  
ERR: Table 'wkcrm.pd_field' doesn't exist
 [ SQL语句 ] : SHOW COLUMNS FROM `pd_field`

[ 2019-10-15T13:56:49+08:00 ] 127.0.0.1 /index.php?m=customerm&a=index&content=resource
ERR: Table 'wkcrm.pd_search' doesn't exist
 [ SQL语句 ] : SHOW COLUMNS FROM `pd_search`
ERR: Table 'wkcrm.pd_customerm' doesn't exist
 [ SQL语句 ] : SHOW COLUMNS FROM `pd_customerm`

[ 2019-10-15T13:56:54+08:00 ] 127.0.0.1 /index.php?m=customerm&a=view&id=74&content=resource
ERR: Table 'wkcrm.pd_visitor_plan' doesn't exist
 [ SQL语句 ] : SHOW COLUMNS FROM `pd_visitor_plan`
ERR: You have an error in your SQL syntax; check the manual that corresponds to your MySQL server version for the right syntax to use near '%d )' at line 1
 [ SQL语句 ] : SELECT * FROM `pd_business` WHERE ( business_id = %d ) 
ERR: Table 'wkcrm.pd_visitor_plan' doesn't exist
 [ SQL语句 ] : SHOW COLUMNS FROM `pd_visitor_plan`
ERR: Table 'wkcrm.pd_visitor_plan' doesn't exist
 [ SQL语句 ] : SELECT * FROM `pd_visitor_plan` WHERE ( `event_id` IN ('75','67') ) ORDER BY plan_time desc LIMIT 0, 10  
ERR: Table 'wkcrm.pd_visitor_plan' doesn't exist
 [ SQL语句 ] : SELECT * FROM `pd_visitor_plan` WHERE (  (`plan_time` BETWEEN 1571068800 AND 1571155199 ) ) AND ( `status` IN (0,1) ) AND ( `event_id` IN ('75','67') ) ORDER BY plan_time desc LIMIT 0, 10  
ERR: Table 'wkcrm.pd_field' doesn't exist
 [ SQL语句 ] : SHOW COLUMNS FROM `pd_field`

[ 2019-10-15T13:57:04+08:00 ] 127.0.0.1 /index.php?m=customerm&a=view&id=75&content=resource
ERR: Table 'wkcrm.pd_visitor_plan' doesn't exist
 [ SQL语句 ] : SHOW COLUMNS FROM `pd_visitor_plan`
ERR: You have an error in your SQL syntax; check the manual that corresponds to your MySQL server version for the right syntax to use near '%d )' at line 1
 [ SQL语句 ] : SELECT * FROM `pd_business` WHERE ( business_id = %d ) 
ERR: Table 'wkcrm.pd_visitor_plan' doesn't exist
 [ SQL语句 ] : SHOW COLUMNS FROM `pd_visitor_plan`
ERR: Table 'wkcrm.pd_visitor_plan' doesn't exist
 [ SQL语句 ] : SELECT * FROM `pd_visitor_plan` WHERE ( `event_id` IN ('75','67') ) ORDER BY plan_time desc LIMIT 0, 10  
ERR: Table 'wkcrm.pd_visitor_plan' doesn't exist
 [ SQL语句 ] : SELECT * FROM `pd_visitor_plan` WHERE (  (`plan_time` BETWEEN 1571068800 AND 1571155199 ) ) AND ( `status` IN (0,1) ) AND ( `event_id` IN ('75','67') ) ORDER BY plan_time desc LIMIT 0, 10  
ERR: Table 'wkcrm.pd_field' doesn't exist
 [ SQL语句 ] : SHOW COLUMNS FROM `pd_field`

[ 2019-10-15T14:11:42+08:00 ] 127.0.0.1 /index.php?m=leadsm&a=index
ERR: Table 'wkcrm.pd_search' doesn't exist
 [ SQL语句 ] : SHOW COLUMNS FROM `pd_search`

[ 2019-10-15T14:11:44+08:00 ] 127.0.0.1 /index.php?m=leadsm&a=view&id=82&by=me
ERR: You have an error in your SQL syntax; check the manual that corresponds to your MySQL server version for the right syntax to use near '%s) ) ORDER BY log_id desc' at line 1
 [ SQL语句 ] : SELECT * FROM `pd_log` WHERE ( log_id in (%s) ) ORDER BY log_id desc 
ERR: You have an error in your SQL syntax; check the manual that corresponds to your MySQL server version for the right syntax to use near '%s) )' at line 1
 [ SQL语句 ] : SELECT * FROM `pd_file` WHERE ( file_id in (%s) ) 

[ 2019-10-15T14:11:49+08:00 ] 127.0.0.1 /index.php?m=leadsm&a=index&by=public
ERR: Table 'wkcrm.pd_search' doesn't exist
 [ SQL语句 ] : SHOW COLUMNS FROM `pd_search`

[ 2019-10-15T14:11:51+08:00 ] 127.0.0.1 /index.php?m=leadsm&a=view&id=81&by=public
ERR: You have an error in your SQL syntax; check the manual that corresponds to your MySQL server version for the right syntax to use near '%s) ) ORDER BY log_id desc' at line 1
 [ SQL语句 ] : SELECT * FROM `pd_log` WHERE ( log_id in (%s) ) ORDER BY log_id desc 
ERR: You have an error in your SQL syntax; check the manual that corresponds to your MySQL server version for the right syntax to use near '%s) )' at line 1
 [ SQL语句 ] : SELECT * FROM `pd_file` WHERE ( file_id in (%s) ) 

[ 2019-10-15T14:13:58+08:00 ] 127.0.0.1 /index.php?m=customer&a=index&by=me
ERR: Table 'wkcrm.pd_search' doesn't exist
 [ SQL语句 ] : SHOW COLUMNS FROM `pd_search`
ERR: Table 'wkcrm.pd_system' doesn't exist
 [ SQL语句 ] : SHOW COLUMNS FROM `pd_system`

[ 2019-10-15T14:14:01+08:00 ] 127.0.0.1 /index.php?m=contacts&a=view&id=30
ERR: Table 'wkcrm.pd_system' doesn't exist
 [ SQL语句 ] : SHOW COLUMNS FROM `pd_system`

[ 2019-10-15T14:14:23+08:00 ] 127.0.0.1 /index.php?m=customer&a=index&by=me
ERR: Table 'wkcrm.pd_search' doesn't exist
 [ SQL语句 ] : SHOW COLUMNS FROM `pd_search`
ERR: Table 'wkcrm.pd_system' doesn't exist
 [ SQL语句 ] : SHOW COLUMNS FROM `pd_system`

[ 2019-10-15T14:18:07+08:00 ] 127.0.0.1 /index.php?m=customer&a=index&content=resource
ERR: Table 'wkcrm.pd_search' doesn't exist
 [ SQL语句 ] : SHOW COLUMNS FROM `pd_search`
ERR: Table 'wkcrm.pd_system' doesn't exist
 [ SQL语句 ] : SHOW COLUMNS FROM `pd_system`

[ 2019-10-15T14:20:43+08:00 ] 127.0.0.1 /index.php?m=customer&a=index&content=resource
ERR: Table 'wkcrm.pd_search' doesn't exist
 [ SQL语句 ] : SHOW COLUMNS FROM `pd_search`
ERR: Table 'wkcrm.pd_system' doesn't exist
 [ SQL语句 ] : SHOW COLUMNS FROM `pd_system`

[ 2019-10-15T14:20:54+08:00 ] 127.0.0.1 /index.php?m=customer&a=index&content=resource
ERR: Table 'wkcrm.pd_search' doesn't exist
 [ SQL语句 ] : SHOW COLUMNS FROM `pd_search`
ERR: Table 'wkcrm.pd_system' doesn't exist
 [ SQL语句 ] : SHOW COLUMNS FROM `pd_system`

[ 2019-10-15T14:20:57+08:00 ] 127.0.0.1 /index.php?m=customer&a=index&by=me
ERR: Table 'wkcrm.pd_search' doesn't exist
 [ SQL语句 ] : SHOW COLUMNS FROM `pd_search`
ERR: Table 'wkcrm.pd_system' doesn't exist
 [ SQL语句 ] : SHOW COLUMNS FROM `pd_system`

[ 2019-10-15T14:20:59+08:00 ] 127.0.0.1 /index.php?m=customer&a=index&content=resource
ERR: Table 'wkcrm.pd_search' doesn't exist
 [ SQL语句 ] : SHOW COLUMNS FROM `pd_search`
ERR: Table 'wkcrm.pd_system' doesn't exist
 [ SQL语句 ] : SHOW COLUMNS FROM `pd_system`

[ 2019-10-15T14:21:06+08:00 ] 127.0.0.1 /index.php?m=customer&a=index&by=me
ERR: Table 'wkcrm.pd_search' doesn't exist
 [ SQL语句 ] : SHOW COLUMNS FROM `pd_search`
ERR: Table 'wkcrm.pd_system' doesn't exist
 [ SQL语句 ] : SHOW COLUMNS FROM `pd_system`

[ 2019-10-15T14:21:10+08:00 ] 127.0.0.1 /index.php?m=customer&a=index&content=resource
ERR: Table 'wkcrm.pd_search' doesn't exist
 [ SQL语句 ] : SHOW COLUMNS FROM `pd_search`
ERR: Table 'wkcrm.pd_system' doesn't exist
 [ SQL语句 ] : SHOW COLUMNS FROM `pd_system`

[ 2019-10-15T14:21:14+08:00 ] 127.0.0.1 /index.php?m=customer&a=index&by=me
ERR: Table 'wkcrm.pd_search' doesn't exist
 [ SQL语句 ] : SHOW COLUMNS FROM `pd_search`
ERR: Table 'wkcrm.pd_system' doesn't exist
 [ SQL语句 ] : SHOW COLUMNS FROM `pd_system`

[ 2019-10-15T14:31:15+08:00 ] 127.0.0.1 /index.php?m=customerm&a=index
ERR: Table 'wkcrm.pd_search' doesn't exist
 [ SQL语句 ] : SHOW COLUMNS FROM `pd_search`
ERR: Table 'wkcrm.pd_customerm' doesn't exist
 [ SQL语句 ] : SHOW COLUMNS FROM `pd_customerm`

[ 2019-10-15T14:31:17+08:00 ] 127.0.0.1 /index.php?m=customerm&a=index&content=resource
ERR: Table 'wkcrm.pd_search' doesn't exist
 [ SQL语句 ] : SHOW COLUMNS FROM `pd_search`
ERR: Table 'wkcrm.pd_customerm' doesn't exist
 [ SQL语句 ] : SHOW COLUMNS FROM `pd_customerm`

[ 2019-10-15T14:42:49+08:00 ] 127.0.0.1 /index.php?m=customerm&a=view&id=75&content=resource
ERR: Table 'wkcrm.pd_visitor_plan' doesn't exist
 [ SQL语句 ] : SHOW COLUMNS FROM `pd_visitor_plan`
ERR: You have an error in your SQL syntax; check the manual that corresponds to your MySQL server version for the right syntax to use near '%d )' at line 1
 [ SQL语句 ] : SELECT * FROM `pd_business` WHERE ( business_id = %d ) 
ERR: Table 'wkcrm.pd_visitor_plan' doesn't exist
 [ SQL语句 ] : SHOW COLUMNS FROM `pd_visitor_plan`
ERR: Table 'wkcrm.pd_visitor_plan' doesn't exist
 [ SQL语句 ] : SELECT * FROM `pd_visitor_plan` WHERE ( `event_id` IN ('75','67') ) ORDER BY plan_time desc LIMIT 0, 10  
ERR: Table 'wkcrm.pd_visitor_plan' doesn't exist
 [ SQL语句 ] : SELECT * FROM `pd_visitor_plan` WHERE (  (`plan_time` BETWEEN 1571068800 AND 1571155199 ) ) AND ( `status` IN (0,1) ) AND ( `event_id` IN ('75','67') ) ORDER BY plan_time desc LIMIT 0, 10  
ERR: Table 'wkcrm.pd_field' doesn't exist
 [ SQL语句 ] : SHOW COLUMNS FROM `pd_field`

[ 2019-10-15T14:43:03+08:00 ] 127.0.0.1 /index.php?m=customerm&a=index
ERR: Table 'wkcrm.pd_search' doesn't exist
 [ SQL语句 ] : SHOW COLUMNS FROM `pd_search`
ERR: Table 'wkcrm.pd_customerm' doesn't exist
 [ SQL语句 ] : SHOW COLUMNS FROM `pd_customerm`

[ 2019-10-15T14:43:05+08:00 ] 127.0.0.1 /index.php?m=customerm&a=view&id=71
ERR: Table 'wkcrm.pd_visitor_plan' doesn't exist
 [ SQL语句 ] : SHOW COLUMNS FROM `pd_visitor_plan`
ERR: You have an error in your SQL syntax; check the manual that corresponds to your MySQL server version for the right syntax to use near '%d )' at line 1
 [ SQL语句 ] : SELECT * FROM `pd_business` WHERE ( business_id = %d ) 
ERR: Table 'wkcrm.pd_visitor_plan' doesn't exist
 [ SQL语句 ] : SHOW COLUMNS FROM `pd_visitor_plan`
ERR: Table 'wkcrm.pd_visitor_plan' doesn't exist
 [ SQL语句 ] : SELECT * FROM `pd_visitor_plan` WHERE ( `event_id` IN ('75','67') ) ORDER BY plan_time desc LIMIT 0, 10  
ERR: Table 'wkcrm.pd_visitor_plan' doesn't exist
 [ SQL语句 ] : SELECT * FROM `pd_visitor_plan` WHERE (  (`plan_time` BETWEEN 1571068800 AND 1571155199 ) ) AND ( `status` IN (0,1) ) AND ( `event_id` IN ('75','67') ) ORDER BY plan_time desc LIMIT 0, 10  
ERR: Table 'wkcrm.pd_field' doesn't exist
 [ SQL语句 ] : SHOW COLUMNS FROM `pd_field`

[ 2019-10-15T14:43:10+08:00 ] 127.0.0.1 /index.php?m=customerm&a=index&content=resource
ERR: Table 'wkcrm.pd_search' doesn't exist
 [ SQL语句 ] : SHOW COLUMNS FROM `pd_search`
ERR: Table 'wkcrm.pd_customerm' doesn't exist
 [ SQL语句 ] : SHOW COLUMNS FROM `pd_customerm`

[ 2019-10-15T14:43:23+08:00 ] 127.0.0.1 /index.php?m=leadsm&a=index
ERR: Table 'wkcrm.pd_search' doesn't exist
 [ SQL语句 ] : SHOW COLUMNS FROM `pd_search`

[ 2019-10-15T14:46:31+08:00 ] 127.0.0.1 /index.php?m=leadsm&a=index&by=public
ERR: Table 'wkcrm.pd_search' doesn't exist
 [ SQL语句 ] : SHOW COLUMNS FROM `pd_search`

[ 2019-10-15T14:46:35+08:00 ] 127.0.0.1 /index.php?m=leadsm&a=index
ERR: Table 'wkcrm.pd_search' doesn't exist
 [ SQL语句 ] : SHOW COLUMNS FROM `pd_search`

[ 2019-10-15T14:46:38+08:00 ] 127.0.0.1 /index.php?m=leadsm&a=index&by=public
ERR: Table 'wkcrm.pd_search' doesn't exist
 [ SQL语句 ] : SHOW COLUMNS FROM `pd_search`

[ 2019-10-15T14:58:36+08:00 ] 127.0.0.1 /index.php?m=leadsm&a=view&id=79&by=public
ERR: You have an error in your SQL syntax; check the manual that corresponds to your MySQL server version for the right syntax to use near '%s) ) ORDER BY log_id desc' at line 1
 [ SQL语句 ] : SELECT * FROM `pd_log` WHERE ( log_id in (%s) ) ORDER BY log_id desc 
ERR: You have an error in your SQL syntax; check the manual that corresponds to your MySQL server version for the right syntax to use near '%s) )' at line 1
 [ SQL语句 ] : SELECT * FROM `pd_file` WHERE ( file_id in (%s) ) 

[ 2019-10-15T15:08:22+08:00 ] 127.0.0.1 /index.php?m=contacts&a=index
ERR: Table 'wkcrm.pd_system' doesn't exist
 [ SQL语句 ] : SHOW COLUMNS FROM `pd_system`

[ 2019-10-15T15:08:28+08:00 ] 127.0.0.1 /index.php?m=customer&a=index&content=resource
ERR: Table 'wkcrm.pd_search' doesn't exist
 [ SQL语句 ] : SHOW COLUMNS FROM `pd_search`
ERR: Table 'wkcrm.pd_system' doesn't exist
 [ SQL语句 ] : SHOW COLUMNS FROM `pd_system`

[ 2019-10-15T15:58:47+08:00 ] 127.0.0.1 /index.php?m=leadsm&a=view&id=79&by=public
ERR: You have an error in your SQL syntax; check the manual that corresponds to your MySQL server version for the right syntax to use near '%s) ) ORDER BY log_id desc' at line 1
 [ SQL语句 ] : SELECT * FROM `pd_log` WHERE ( log_id in (%s) ) ORDER BY log_id desc 
ERR: You have an error in your SQL syntax; check the manual that corresponds to your MySQL server version for the right syntax to use near '%s) )' at line 1
 [ SQL语句 ] : SELECT * FROM `pd_file` WHERE ( file_id in (%s) ) 

[ 2019-10-15T15:59:16+08:00 ] 127.0.0.1 /index.php?m=leadsm&a=view&id=79&by=public
ERR: You have an error in your SQL syntax; check the manual that corresponds to your MySQL server version for the right syntax to use near '%s) ) ORDER BY log_id desc' at line 1
 [ SQL语句 ] : SELECT * FROM `pd_log` WHERE ( log_id in (%s) ) ORDER BY log_id desc 
ERR: You have an error in your SQL syntax; check the manual that corresponds to your MySQL server version for the right syntax to use near '%s) )' at line 1
 [ SQL语句 ] : SELECT * FROM `pd_file` WHERE ( file_id in (%s) ) 

[ 2019-10-15T15:59:18+08:00 ] 127.0.0.1 /index.php?m=leadsm&a=view&id=79&by=public
ERR: You have an error in your SQL syntax; check the manual that corresponds to your MySQL server version for the right syntax to use near '%s) ) ORDER BY log_id desc' at line 1
 [ SQL语句 ] : SELECT * FROM `pd_log` WHERE ( log_id in (%s) ) ORDER BY log_id desc 
ERR: You have an error in your SQL syntax; check the manual that corresponds to your MySQL server version for the right syntax to use near '%s) )' at line 1
 [ SQL语句 ] : SELECT * FROM `pd_file` WHERE ( file_id in (%s) ) 

[ 2019-10-15T15:59:23+08:00 ] 127.0.0.1 /index.php?m=leadsm&a=view&id=79&by=public
ERR: You have an error in your SQL syntax; check the manual that corresponds to your MySQL server version for the right syntax to use near '%s) ) ORDER BY log_id desc' at line 1
 [ SQL语句 ] : SELECT * FROM `pd_log` WHERE ( log_id in (%s) ) ORDER BY log_id desc 
ERR: You have an error in your SQL syntax; check the manual that corresponds to your MySQL server version for the right syntax to use near '%s) )' at line 1
 [ SQL语句 ] : SELECT * FROM `pd_file` WHERE ( file_id in (%s) ) 

[ 2019-10-15T15:59:32+08:00 ] 127.0.0.1 /index.php?m=customerm&a=index
ERR: Table 'wkcrm.pd_search' doesn't exist
 [ SQL语句 ] : SHOW COLUMNS FROM `pd_search`
ERR: Table 'wkcrm.pd_customerm' doesn't exist
 [ SQL语句 ] : SHOW COLUMNS FROM `pd_customerm`

[ 2019-10-15T15:59:36+08:00 ] 127.0.0.1 /index.php?m=customerm&a=view&id=71
ERR: Table 'wkcrm.pd_visitor_plan' doesn't exist
 [ SQL语句 ] : SHOW COLUMNS FROM `pd_visitor_plan`
ERR: You have an error in your SQL syntax; check the manual that corresponds to your MySQL server version for the right syntax to use near '%d )' at line 1
 [ SQL语句 ] : SELECT * FROM `pd_business` WHERE ( business_id = %d ) 
ERR: Table 'wkcrm.pd_visitor_plan' doesn't exist
 [ SQL语句 ] : SHOW COLUMNS FROM `pd_visitor_plan`
ERR: Table 'wkcrm.pd_visitor_plan' doesn't exist
 [ SQL语句 ] : SELECT * FROM `pd_visitor_plan` WHERE ( `event_id` IN ('75','67') ) ORDER BY plan_time desc LIMIT 0, 10  
ERR: Table 'wkcrm.pd_visitor_plan' doesn't exist
 [ SQL语句 ] : SELECT * FROM `pd_visitor_plan` WHERE (  (`plan_time` BETWEEN 1571068800 AND 1571155199 ) ) AND ( `status` IN (0,1) ) AND ( `event_id` IN ('75','67') ) ORDER BY plan_time desc LIMIT 0, 10  
ERR: Table 'wkcrm.pd_field' doesn't exist
 [ SQL语句 ] : SHOW COLUMNS FROM `pd_field`

[ 2019-10-15T16:01:47+08:00 ] 127.0.0.1 /index.php?m=leadsm&a=index
ERR: Table 'wkcrm.pd_search' doesn't exist
 [ SQL语句 ] : SHOW COLUMNS FROM `pd_search`

[ 2019-10-15T16:01:48+08:00 ] 127.0.0.1 /index.php?m=leadsm&a=view&id=82&by=me
ERR: You have an error in your SQL syntax; check the manual that corresponds to your MySQL server version for the right syntax to use near '%s) ) ORDER BY log_id desc' at line 1
 [ SQL语句 ] : SELECT * FROM `pd_log` WHERE ( log_id in (%s) ) ORDER BY log_id desc 
ERR: You have an error in your SQL syntax; check the manual that corresponds to your MySQL server version for the right syntax to use near '%s) )' at line 1
 [ SQL语句 ] : SELECT * FROM `pd_file` WHERE ( file_id in (%s) ) 

[ 2019-10-15T16:01:52+08:00 ] 127.0.0.1 /index.php?m=leadsm&a=view&id=82&by=me
ERR: You have an error in your SQL syntax; check the manual that corresponds to your MySQL server version for the right syntax to use near '%s) ) ORDER BY log_id desc' at line 1
 [ SQL语句 ] : SELECT * FROM `pd_log` WHERE ( log_id in (%s) ) ORDER BY log_id desc 
ERR: You have an error in your SQL syntax; check the manual that corresponds to your MySQL server version for the right syntax to use near '%s) )' at line 1
 [ SQL语句 ] : SELECT * FROM `pd_file` WHERE ( file_id in (%s) ) 

[ 2019-10-15T16:01:53+08:00 ] 127.0.0.1 /index.php?m=leadsm&a=view&id=82&by=me
ERR: You have an error in your SQL syntax; check the manual that corresponds to your MySQL server version for the right syntax to use near '%s) ) ORDER BY log_id desc' at line 1
 [ SQL语句 ] : SELECT * FROM `pd_log` WHERE ( log_id in (%s) ) ORDER BY log_id desc 
ERR: You have an error in your SQL syntax; check the manual that corresponds to your MySQL server version for the right syntax to use near '%s) )' at line 1
 [ SQL语句 ] : SELECT * FROM `pd_file` WHERE ( file_id in (%s) ) 

[ 2019-10-15T16:02:01+08:00 ] 127.0.0.1 /index.php?m=leadsm&a=index&by=public
ERR: Table 'wkcrm.pd_search' doesn't exist
 [ SQL语句 ] : SHOW COLUMNS FROM `pd_search`

[ 2019-10-15T16:02:02+08:00 ] 127.0.0.1 /index.php?m=leadsm&a=view&id=81&by=public
ERR: You have an error in your SQL syntax; check the manual that corresponds to your MySQL server version for the right syntax to use near '%s) ) ORDER BY log_id desc' at line 1
 [ SQL语句 ] : SELECT * FROM `pd_log` WHERE ( log_id in (%s) ) ORDER BY log_id desc 
ERR: You have an error in your SQL syntax; check the manual that corresponds to your MySQL server version for the right syntax to use near '%s) )' at line 1
 [ SQL语句 ] : SELECT * FROM `pd_file` WHERE ( file_id in (%s) ) 

[ 2019-10-15T16:02:20+08:00 ] 127.0.0.1 /index.php?m=leadsm&a=index
ERR: Table 'wkcrm.pd_search' doesn't exist
 [ SQL语句 ] : SHOW COLUMNS FROM `pd_search`

[ 2019-10-15T16:02:34+08:00 ] 127.0.0.1 /index.php?m=leadsm&a=index
ERR: Table 'wkcrm.pd_search' doesn't exist
 [ SQL语句 ] : SHOW COLUMNS FROM `pd_search`

[ 2019-10-15T16:02:46+08:00 ] 127.0.0.1 /index.php?m=leadsm&a=index&by=public
ERR: Table 'wkcrm.pd_search' doesn't exist
 [ SQL语句 ] : SHOW COLUMNS FROM `pd_search`

[ 2019-10-15T16:02:47+08:00 ] 127.0.0.1 /index.php?m=leadsm&a=index
ERR: Table 'wkcrm.pd_search' doesn't exist
 [ SQL语句 ] : SHOW COLUMNS FROM `pd_search`

[ 2019-10-15T16:02:48+08:00 ] 127.0.0.1 /index.php?m=leadsm&a=index&by=public
ERR: Table 'wkcrm.pd_search' doesn't exist
 [ SQL语句 ] : SHOW COLUMNS FROM `pd_search`

[ 2019-10-15T16:02:50+08:00 ] 127.0.0.1 /index.php?m=leadsm&a=index
ERR: Table 'wkcrm.pd_search' doesn't exist
 [ SQL语句 ] : SHOW COLUMNS FROM `pd_search`

[ 2019-10-15T16:02:51+08:00 ] 127.0.0.1 /index.php?m=leadsm&a=index&by=public
ERR: Table 'wkcrm.pd_search' doesn't exist
 [ SQL语句 ] : SHOW COLUMNS FROM `pd_search`

[ 2019-10-15T16:02:52+08:00 ] 127.0.0.1 /index.php?m=leadsm&a=index
ERR: Table 'wkcrm.pd_search' doesn't exist
 [ SQL语句 ] : SHOW COLUMNS FROM `pd_search`

[ 2019-10-15T16:02:55+08:00 ] 127.0.0.1 /index.php?m=leadsm&a=index&by=public
ERR: Table 'wkcrm.pd_search' doesn't exist
 [ SQL语句 ] : SHOW COLUMNS FROM `pd_search`

[ 2019-10-15T16:02:56+08:00 ] 127.0.0.1 /index.php?m=leadsm&a=index
ERR: Table 'wkcrm.pd_search' doesn't exist
 [ SQL语句 ] : SHOW COLUMNS FROM `pd_search`

[ 2019-10-15T16:02:57+08:00 ] 127.0.0.1 /index.php?m=leadsm&a=index&by=public
ERR: Table 'wkcrm.pd_search' doesn't exist
 [ SQL语句 ] : SHOW COLUMNS FROM `pd_search`

[ 2019-10-15T16:02:58+08:00 ] 127.0.0.1 /index.php?m=leadsm&a=index
ERR: Table 'wkcrm.pd_search' doesn't exist
 [ SQL语句 ] : SHOW COLUMNS FROM `pd_search`

[ 2019-10-15T16:02:59+08:00 ] 127.0.0.1 /index.php?m=leadsm&a=index&by=public
ERR: Table 'wkcrm.pd_search' doesn't exist
 [ SQL语句 ] : SHOW COLUMNS FROM `pd_search`

[ 2019-10-15T16:03:00+08:00 ] 127.0.0.1 /index.php?m=leadsm&a=index
ERR: Table 'wkcrm.pd_search' doesn't exist
 [ SQL语句 ] : SHOW COLUMNS FROM `pd_search`

[ 2019-10-15T16:05:30+08:00 ] 127.0.0.1 /index.php?m=customerm&a=index
ERR: Table 'wkcrm.pd_search' doesn't exist
 [ SQL语句 ] : SHOW COLUMNS FROM `pd_search`
ERR: Table 'wkcrm.pd_customerm' doesn't exist
 [ SQL语句 ] : SHOW COLUMNS FROM `pd_customerm`

[ 2019-10-15T16:05:32+08:00 ] 127.0.0.1 /index.php?m=leadsm&a=index
ERR: Table 'wkcrm.pd_search' doesn't exist
 [ SQL语句 ] : SHOW COLUMNS FROM `pd_search`

[ 2019-10-15T16:05:34+08:00 ] 127.0.0.1 /index.php?m=leadsm&a=index
ERR: Table 'wkcrm.pd_search' doesn't exist
 [ SQL语句 ] : SHOW COLUMNS FROM `pd_search`

[ 2019-10-15T16:05:38+08:00 ] 127.0.0.1 /index.php?m=leadsm&a=index
ERR: Table 'wkcrm.pd_search' doesn't exist
 [ SQL语句 ] : SHOW COLUMNS FROM `pd_search`

[ 2019-10-15T16:05:40+08:00 ] 127.0.0.1 /index.php?m=leadsm&a=view&id=76&by=me
ERR: You have an error in your SQL syntax; check the manual that corresponds to your MySQL server version for the right syntax to use near '%s) ) ORDER BY log_id desc' at line 1
 [ SQL语句 ] : SELECT * FROM `pd_log` WHERE ( log_id in (%s) ) ORDER BY log_id desc 
ERR: You have an error in your SQL syntax; check the manual that corresponds to your MySQL server version for the right syntax to use near '%s) )' at line 1
 [ SQL语句 ] : SELECT * FROM `pd_file` WHERE ( file_id in (%s) ) 

[ 2019-10-15T16:05:42+08:00 ] 127.0.0.1 /index.php?m=leadsm&a=index
ERR: Table 'wkcrm.pd_search' doesn't exist
 [ SQL语句 ] : SHOW COLUMNS FROM `pd_search`

[ 2019-10-15T16:05:43+08:00 ] 127.0.0.1 /index.php?m=leadsm&a=view&id=76&by=me
ERR: You have an error in your SQL syntax; check the manual that corresponds to your MySQL server version for the right syntax to use near '%s) ) ORDER BY log_id desc' at line 1
 [ SQL语句 ] : SELECT * FROM `pd_log` WHERE ( log_id in (%s) ) ORDER BY log_id desc 
ERR: You have an error in your SQL syntax; check the manual that corresponds to your MySQL server version for the right syntax to use near '%s) )' at line 1
 [ SQL语句 ] : SELECT * FROM `pd_file` WHERE ( file_id in (%s) ) 

[ 2019-10-15T16:05:44+08:00 ] 127.0.0.1 /index.php?m=leadsm&a=index
ERR: Table 'wkcrm.pd_search' doesn't exist
 [ SQL语句 ] : SHOW COLUMNS FROM `pd_search`

[ 2019-10-15T16:05:45+08:00 ] 127.0.0.1 /index.php?m=customerm&a=index
ERR: Table 'wkcrm.pd_search' doesn't exist
 [ SQL语句 ] : SHOW COLUMNS FROM `pd_search`
ERR: Table 'wkcrm.pd_customerm' doesn't exist
 [ SQL语句 ] : SHOW COLUMNS FROM `pd_customerm`

[ 2019-10-15T16:05:46+08:00 ] 127.0.0.1 /index.php?m=customerm&a=view&id=71
ERR: Table 'wkcrm.pd_visitor_plan' doesn't exist
 [ SQL语句 ] : SHOW COLUMNS FROM `pd_visitor_plan`
ERR: You have an error in your SQL syntax; check the manual that corresponds to your MySQL server version for the right syntax to use near '%d )' at line 1
 [ SQL语句 ] : SELECT * FROM `pd_business` WHERE ( business_id = %d ) 
ERR: Table 'wkcrm.pd_visitor_plan' doesn't exist
 [ SQL语句 ] : SHOW COLUMNS FROM `pd_visitor_plan`
ERR: Table 'wkcrm.pd_visitor_plan' doesn't exist
 [ SQL语句 ] : SELECT * FROM `pd_visitor_plan` WHERE ( `event_id` IN ('75','67') ) ORDER BY plan_time desc LIMIT 0, 10  
ERR: Table 'wkcrm.pd_visitor_plan' doesn't exist
 [ SQL语句 ] : SELECT * FROM `pd_visitor_plan` WHERE (  (`plan_time` BETWEEN 1571068800 AND 1571155199 ) ) AND ( `status` IN (0,1) ) AND ( `event_id` IN ('75','67') ) ORDER BY plan_time desc LIMIT 0, 10  
ERR: Table 'wkcrm.pd_field' doesn't exist
 [ SQL语句 ] : SHOW COLUMNS FROM `pd_field`

[ 2019-10-15T16:05:48+08:00 ] 127.0.0.1 /index.php?m=customerm&a=index
ERR: Table 'wkcrm.pd_search' doesn't exist
 [ SQL语句 ] : SHOW COLUMNS FROM `pd_search`
ERR: Table 'wkcrm.pd_customerm' doesn't exist
 [ SQL语句 ] : SHOW COLUMNS FROM `pd_customerm`

[ 2019-10-15T16:05:50+08:00 ] 127.0.0.1 /index.php?m=customerm&a=index
ERR: Table 'wkcrm.pd_search' doesn't exist
 [ SQL语句 ] : SHOW COLUMNS FROM `pd_search`
ERR: Table 'wkcrm.pd_customerm' doesn't exist
 [ SQL语句 ] : SHOW COLUMNS FROM `pd_customerm`

[ 2019-10-15T16:06:03+08:00 ] 127.0.0.1 /index.php?m=customerm&a=index
ERR: Table 'wkcrm.pd_search' doesn't exist
 [ SQL语句 ] : SHOW COLUMNS FROM `pd_search`
ERR: Table 'wkcrm.pd_customerm' doesn't exist
 [ SQL语句 ] : SHOW COLUMNS FROM `pd_customerm`

[ 2019-10-15T16:06:05+08:00 ] 127.0.0.1 /index.php?m=leadsm&a=index
ERR: Table 'wkcrm.pd_search' doesn't exist
 [ SQL语句 ] : SHOW COLUMNS FROM `pd_search`

[ 2019-10-15T16:06:06+08:00 ] 127.0.0.1 /index.php?m=indexm&a=index
ERR: Table 'wkcrm.pd_customerm' doesn't exist
 [ SQL语句 ] : SHOW COLUMNS FROM `pd_customerm`
ERR: Table 'wkcrm.pd_customerm' doesn't exist
 [ SQL语句 ] : SELECT * FROM `pd_customerm` WHERE ( id = 75 ) LIMIT 1  
ERR: Table 'wkcrm.pd_customerm' doesn't exist
 [ SQL语句 ] : SELECT * FROM `pd_customerm` WHERE ( id = 74 ) LIMIT 1  
ERR: Table 'wkcrm.pd_visitor_plan' doesn't exist
 [ SQL语句 ] : SHOW COLUMNS FROM `pd_visitor_plan`
ERR: You have an error in your SQL syntax; check the manual that corresponds to your MySQL server version for the right syntax to use near 'BETWEEN 1571068800 AND 1571155200 ) ) LIMIT 1' at line 1
 [ SQL语句 ] : SELECT COUNT(*) AS tp_count FROM pd_visitor_plan visitor_plan  JOIN pd_event event ON visitor_plan.event_id=event.event_id WHERE (  (visitor_plan. BETWEEN 1571068800 AND 1571155200 ) ) LIMIT 1  
ERR: You have an error in your SQL syntax; check the manual that corresponds to your MySQL server version for the right syntax to use near 'BETWEEN 1571068800 AND 1571155200 ) ) LIMIT 1' at line 1
 [ SQL语句 ] : SELECT COUNT(*) AS tp_count FROM pd_visitor_plan visitor_plan  JOIN pd_event event ON visitor_plan.event_id=event.event_id WHERE (  (visitor_plan. BETWEEN 1571068800 AND 1571155200 ) ) LIMIT 1  
ERR: You have an error in your SQL syntax; check the manual that corresponds to your MySQL server version for the right syntax to use near 'BETWEEN 1570982400 AND 1571587200 ) ) LIMIT 1' at line 1
 [ SQL语句 ] : SELECT COUNT(*) AS tp_count FROM pd_visitor_plan visitor_plan  JOIN pd_event event ON visitor_plan.event_id=event.event_id WHERE (  (visitor_plan. BETWEEN 1570982400 AND 1571587200 ) ) LIMIT 1  
ERR: You have an error in your SQL syntax; check the manual that corresponds to your MySQL server version for the right syntax to use near 'BETWEEN 1570982400 AND 1571587200 ) ) LIMIT 1' at line 1
 [ SQL语句 ] : SELECT COUNT(*) AS tp_count FROM pd_visitor_plan visitor_plan  JOIN pd_event event ON visitor_plan.event_id=event.event_id WHERE (  (visitor_plan. BETWEEN 1570982400 AND 1571587200 ) ) LIMIT 1  
ERR: You have an error in your SQL syntax; check the manual that corresponds to your MySQL server version for the right syntax to use near 'BETWEEN 1569859200 AND 1572537600 ) ) LIMIT 1' at line 1
 [ SQL语句 ] : SELECT COUNT(*) AS tp_count FROM pd_visitor_plan visitor_plan  JOIN pd_event event ON visitor_plan.event_id=event.event_id WHERE (  (visitor_plan. BETWEEN 1569859200 AND 1572537600 ) ) LIMIT 1  
ERR: You have an error in your SQL syntax; check the manual that corresponds to your MySQL server version for the right syntax to use near 'BETWEEN 1569859200 AND 1572537600 ) ) LIMIT 1' at line 1
 [ SQL语句 ] : SELECT COUNT(*) AS tp_count FROM pd_visitor_plan visitor_plan  JOIN pd_event event ON visitor_plan.event_id=event.event_id WHERE (  (visitor_plan. BETWEEN 1569859200 AND 1572537600 ) ) LIMIT 1  
ERR: You have an error in your SQL syntax; check the manual that corresponds to your MySQL server version for the right syntax to use near 'BETWEEN 1546272000 AND 1577808000 ) ) LIMIT 1' at line 1
 [ SQL语句 ] : SELECT COUNT(*) AS tp_count FROM pd_visitor_plan visitor_plan  JOIN pd_event event ON visitor_plan.event_id=event.event_id WHERE (  (visitor_plan. BETWEEN 1546272000 AND 1577808000 ) ) LIMIT 1  
ERR: You have an error in your SQL syntax; check the manual that corresponds to your MySQL server version for the right syntax to use near 'BETWEEN 1546272000 AND 1577808000 ) ) LIMIT 1' at line 1
 [ SQL语句 ] : SELECT COUNT(*) AS tp_count FROM pd_visitor_plan visitor_plan  JOIN pd_event event ON visitor_plan.event_id=event.event_id WHERE (  (visitor_plan. BETWEEN 1546272000 AND 1577808000 ) ) LIMIT 1  
ERR: Table 'wkcrm.pd_banner' doesn't exist
 [ SQL语句 ] : SHOW COLUMNS FROM `pd_banner`
ERR: Table 'wkcrm.pd_banner' doesn't exist
 [ SQL语句 ] : SELECT * FROM `pd_banner` WHERE ( `status` <> 2 ) ORDER BY `order` desc 

[ 2019-10-15T16:06:08+08:00 ] 127.0.0.1 /index.php?m=leadsm&a=index
ERR: Table 'wkcrm.pd_search' doesn't exist
 [ SQL语句 ] : SHOW COLUMNS FROM `pd_search`

[ 2019-10-15T16:06:08+08:00 ] 127.0.0.1 /index.php?m=customerm&a=index
ERR: Table 'wkcrm.pd_search' doesn't exist
 [ SQL语句 ] : SHOW COLUMNS FROM `pd_search`
ERR: Table 'wkcrm.pd_customerm' doesn't exist
 [ SQL语句 ] : SHOW COLUMNS FROM `pd_customerm`

[ 2019-10-15T16:22:15+08:00 ] 127.0.0.1 /index.php?m=customerm&a=index
ERR: Table 'wkcrm.pd_search' doesn't exist
 [ SQL语句 ] : SHOW COLUMNS FROM `pd_search`
ERR: Table 'wkcrm.pd_customerm' doesn't exist
 [ SQL语句 ] : SHOW COLUMNS FROM `pd_customerm`

[ 2019-10-15T16:22:18+08:00 ] 127.0.0.1 /index.php?m=customerm&a=index
ERR: Table 'wkcrm.pd_search' doesn't exist
 [ SQL语句 ] : SHOW COLUMNS FROM `pd_search`
ERR: Table 'wkcrm.pd_customerm' doesn't exist
 [ SQL语句 ] : SHOW COLUMNS FROM `pd_customerm`

[ 2019-10-15T16:22:21+08:00 ] 127.0.0.1 /index.php?m=customerm&a=index&content=resource
ERR: Table 'wkcrm.pd_search' doesn't exist
 [ SQL语句 ] : SHOW COLUMNS FROM `pd_search`
ERR: Table 'wkcrm.pd_customerm' doesn't exist
 [ SQL语句 ] : SHOW COLUMNS FROM `pd_customerm`

[ 2019-10-15T16:22:36+08:00 ] 127.0.0.1 /index.php?m=customerm&a=index&content=resource
ERR: Table 'wkcrm.pd_search' doesn't exist
 [ SQL语句 ] : SHOW COLUMNS FROM `pd_search`
ERR: Table 'wkcrm.pd_customerm' doesn't exist
 [ SQL语句 ] : SHOW COLUMNS FROM `pd_customerm`

[ 2019-10-15T16:22:38+08:00 ] 127.0.0.1 /index.php?m=customerm&a=view&id=75&content=resource
ERR: Table 'wkcrm.pd_visitor_plan' doesn't exist
 [ SQL语句 ] : SHOW COLUMNS FROM `pd_visitor_plan`
ERR: You have an error in your SQL syntax; check the manual that corresponds to your MySQL server version for the right syntax to use near '%d )' at line 1
 [ SQL语句 ] : SELECT * FROM `pd_business` WHERE ( business_id = %d ) 
ERR: Table 'wkcrm.pd_visitor_plan' doesn't exist
 [ SQL语句 ] : SHOW COLUMNS FROM `pd_visitor_plan`
ERR: Table 'wkcrm.pd_visitor_plan' doesn't exist
 [ SQL语句 ] : SELECT * FROM `pd_visitor_plan` WHERE ( `event_id` IN ('75','67') ) ORDER BY plan_time desc LIMIT 0, 10  
ERR: Table 'wkcrm.pd_visitor_plan' doesn't exist
 [ SQL语句 ] : SELECT * FROM `pd_visitor_plan` WHERE (  (`plan_time` BETWEEN 1571068800 AND 1571155199 ) ) AND ( `status` IN (0,1) ) AND ( `event_id` IN ('75','67') ) ORDER BY plan_time desc LIMIT 0, 10  
ERR: Table 'wkcrm.pd_field' doesn't exist
 [ SQL语句 ] : SHOW COLUMNS FROM `pd_field`

[ 2019-10-15T16:22:46+08:00 ] 127.0.0.1 /index.php?m=customerm&a=view&id=75&content=resource
ERR: Table 'wkcrm.pd_visitor_plan' doesn't exist
 [ SQL语句 ] : SHOW COLUMNS FROM `pd_visitor_plan`
ERR: You have an error in your SQL syntax; check the manual that corresponds to your MySQL server version for the right syntax to use near '%d )' at line 1
 [ SQL语句 ] : SELECT * FROM `pd_business` WHERE ( business_id = %d ) 
ERR: Table 'wkcrm.pd_visitor_plan' doesn't exist
 [ SQL语句 ] : SHOW COLUMNS FROM `pd_visitor_plan`
ERR: Table 'wkcrm.pd_visitor_plan' doesn't exist
 [ SQL语句 ] : SELECT * FROM `pd_visitor_plan` WHERE ( `event_id` IN ('75','67') ) ORDER BY plan_time desc LIMIT 0, 10  
ERR: Table 'wkcrm.pd_visitor_plan' doesn't exist
 [ SQL语句 ] : SELECT * FROM `pd_visitor_plan` WHERE (  (`plan_time` BETWEEN 1571068800 AND 1571155199 ) ) AND ( `status` IN (0,1) ) AND ( `event_id` IN ('75','67') ) ORDER BY plan_time desc LIMIT 0, 10  
ERR: Table 'wkcrm.pd_field' doesn't exist
 [ SQL语句 ] : SHOW COLUMNS FROM `pd_field`

[ 2019-10-15T16:22:46+08:00 ] 127.0.0.1 /index.php?m=customerm&a=index&content=resource
ERR: Table 'wkcrm.pd_search' doesn't exist
 [ SQL语句 ] : SHOW COLUMNS FROM `pd_search`
ERR: Table 'wkcrm.pd_customerm' doesn't exist
 [ SQL语句 ] : SHOW COLUMNS FROM `pd_customerm`

[ 2019-10-15T16:22:50+08:00 ] 127.0.0.1 /index.php?m=customerm&a=index
ERR: Table 'wkcrm.pd_search' doesn't exist
 [ SQL语句 ] : SHOW COLUMNS FROM `pd_search`
ERR: Table 'wkcrm.pd_customerm' doesn't exist
 [ SQL语句 ] : SHOW COLUMNS FROM `pd_customerm`

[ 2019-10-15T16:22:52+08:00 ] 127.0.0.1 /index.php?m=customerm&a=index&content=resource
ERR: Table 'wkcrm.pd_search' doesn't exist
 [ SQL语句 ] : SHOW COLUMNS FROM `pd_search`
ERR: Table 'wkcrm.pd_customerm' doesn't exist
 [ SQL语句 ] : SHOW COLUMNS FROM `pd_customerm`

[ 2019-10-15T16:22:55+08:00 ] 127.0.0.1 /index.php?m=customerm&a=view&id=74&content=resource
ERR: Table 'wkcrm.pd_visitor_plan' doesn't exist
 [ SQL语句 ] : SHOW COLUMNS FROM `pd_visitor_plan`
ERR: You have an error in your SQL syntax; check the manual that corresponds to your MySQL server version for the right syntax to use near '%d )' at line 1
 [ SQL语句 ] : SELECT * FROM `pd_business` WHERE ( business_id = %d ) 
ERR: Table 'wkcrm.pd_visitor_plan' doesn't exist
 [ SQL语句 ] : SHOW COLUMNS FROM `pd_visitor_plan`
ERR: Table 'wkcrm.pd_visitor_plan' doesn't exist
 [ SQL语句 ] : SELECT * FROM `pd_visitor_plan` WHERE ( `event_id` IN ('75','67') ) ORDER BY plan_time desc LIMIT 0, 10  
ERR: Table 'wkcrm.pd_visitor_plan' doesn't exist
 [ SQL语句 ] : SELECT * FROM `pd_visitor_plan` WHERE (  (`plan_time` BETWEEN 1571068800 AND 1571155199 ) ) AND ( `status` IN (0,1) ) AND ( `event_id` IN ('75','67') ) ORDER BY plan_time desc LIMIT 0, 10  
ERR: Table 'wkcrm.pd_field' doesn't exist
 [ SQL语句 ] : SHOW COLUMNS FROM `pd_field`

[ 2019-10-15T16:22:59+08:00 ] 127.0.0.1 /index.php?m=customerm&a=index&content=resource
ERR: Table 'wkcrm.pd_search' doesn't exist
 [ SQL语句 ] : SHOW COLUMNS FROM `pd_search`
ERR: Table 'wkcrm.pd_customerm' doesn't exist
 [ SQL语句 ] : SHOW COLUMNS FROM `pd_customerm`

[ 2019-10-15T16:23:02+08:00 ] 127.0.0.1 /index.php?m=leadsm&a=index
ERR: Table 'wkcrm.pd_search' doesn't exist
 [ SQL语句 ] : SHOW COLUMNS FROM `pd_search`

[ 2019-10-15T16:23:03+08:00 ] 127.0.0.1 /index.php?m=leadsm&a=index&by=public
ERR: Table 'wkcrm.pd_search' doesn't exist
 [ SQL语句 ] : SHOW COLUMNS FROM `pd_search`

[ 2019-10-15T16:28:09+08:00 ] 127.0.0.1 /index.php?m=customerm&a=index
ERR: Table 'wkcrm.pd_search' doesn't exist
 [ SQL语句 ] : SHOW COLUMNS FROM `pd_search`
ERR: Table 'wkcrm.pd_customerm' doesn't exist
 [ SQL语句 ] : SHOW COLUMNS FROM `pd_customerm`

[ 2019-10-15T16:28:10+08:00 ] 127.0.0.1 /index.php?m=leadsm&a=index
ERR: Table 'wkcrm.pd_search' doesn't exist
 [ SQL语句 ] : SHOW COLUMNS FROM `pd_search`

[ 2019-10-15T16:28:12+08:00 ] 127.0.0.1 /index.php?m=customerm&a=index
ERR: Table 'wkcrm.pd_search' doesn't exist
 [ SQL语句 ] : SHOW COLUMNS FROM `pd_search`
ERR: Table 'wkcrm.pd_customerm' doesn't exist
 [ SQL语句 ] : SHOW COLUMNS FROM `pd_customerm`

[ 2019-10-15T16:28:16+08:00 ] 127.0.0.1 /index.php?m=customerm&a=view&id=75
ERR: Table 'wkcrm.pd_visitor_plan' doesn't exist
 [ SQL语句 ] : SHOW COLUMNS FROM `pd_visitor_plan`
ERR: You have an error in your SQL syntax; check the manual that corresponds to your MySQL server version for the right syntax to use near '%d )' at line 1
 [ SQL语句 ] : SELECT * FROM `pd_business` WHERE ( business_id = %d ) 
ERR: Table 'wkcrm.pd_visitor_plan' doesn't exist
 [ SQL语句 ] : SHOW COLUMNS FROM `pd_visitor_plan`
ERR: Table 'wkcrm.pd_visitor_plan' doesn't exist
 [ SQL语句 ] : SELECT * FROM `pd_visitor_plan` WHERE ( `event_id` IN ('75','67') ) ORDER BY plan_time desc LIMIT 0, 10  
ERR: Table 'wkcrm.pd_visitor_plan' doesn't exist
 [ SQL语句 ] : SELECT * FROM `pd_visitor_plan` WHERE (  (`plan_time` BETWEEN 1571068800 AND 1571155199 ) ) AND ( `status` IN (0,1) ) AND ( `event_id` IN ('75','67') ) ORDER BY plan_time desc LIMIT 0, 10  
ERR: Table 'wkcrm.pd_field' doesn't exist
 [ SQL语句 ] : SHOW COLUMNS FROM `pd_field`

[ 2019-10-15T16:28:18+08:00 ] 127.0.0.1 /index.php?m=customerm&a=index
ERR: Table 'wkcrm.pd_search' doesn't exist
 [ SQL语句 ] : SHOW COLUMNS FROM `pd_search`
ERR: Table 'wkcrm.pd_customerm' doesn't exist
 [ SQL语句 ] : SHOW COLUMNS FROM `pd_customerm`

[ 2019-10-15T16:28:21+08:00 ] 127.0.0.1 /index.php?m=customerm&a=index
ERR: Table 'wkcrm.pd_search' doesn't exist
 [ SQL语句 ] : SHOW COLUMNS FROM `pd_search`
ERR: Table 'wkcrm.pd_customerm' doesn't exist
 [ SQL语句 ] : SHOW COLUMNS FROM `pd_customerm`

[ 2019-10-15T16:28:23+08:00 ] 127.0.0.1 /index.php?m=customerm&a=view&id=75
ERR: Table 'wkcrm.pd_visitor_plan' doesn't exist
 [ SQL语句 ] : SHOW COLUMNS FROM `pd_visitor_plan`
ERR: You have an error in your SQL syntax; check the manual that corresponds to your MySQL server version for the right syntax to use near '%d )' at line 1
 [ SQL语句 ] : SELECT * FROM `pd_business` WHERE ( business_id = %d ) 
ERR: Table 'wkcrm.pd_visitor_plan' doesn't exist
 [ SQL语句 ] : SHOW COLUMNS FROM `pd_visitor_plan`
ERR: Table 'wkcrm.pd_visitor_plan' doesn't exist
 [ SQL语句 ] : SELECT * FROM `pd_visitor_plan` WHERE ( `event_id` IN ('75','67') ) ORDER BY plan_time desc LIMIT 0, 10  
ERR: Table 'wkcrm.pd_visitor_plan' doesn't exist
 [ SQL语句 ] : SELECT * FROM `pd_visitor_plan` WHERE (  (`plan_time` BETWEEN 1571068800 AND 1571155199 ) ) AND ( `status` IN (0,1) ) AND ( `event_id` IN ('75','67') ) ORDER BY plan_time desc LIMIT 0, 10  
ERR: Table 'wkcrm.pd_field' doesn't exist
 [ SQL语句 ] : SHOW COLUMNS FROM `pd_field`

[ 2019-10-15T16:28:25+08:00 ] 127.0.0.1 /index.php?m=customerm&a=index
ERR: Table 'wkcrm.pd_search' doesn't exist
 [ SQL语句 ] : SHOW COLUMNS FROM `pd_search`
ERR: Table 'wkcrm.pd_customerm' doesn't exist
 [ SQL语句 ] : SHOW COLUMNS FROM `pd_customerm`

[ 2019-10-15T16:28:26+08:00 ] 127.0.0.1 /index.php?m=leadsm&a=index
ERR: Table 'wkcrm.pd_search' doesn't exist
 [ SQL语句 ] : SHOW COLUMNS FROM `pd_search`

[ 2019-10-15T16:28:28+08:00 ] 127.0.0.1 /index.php?m=leadsm&a=view&id=82&by=me
ERR: You have an error in your SQL syntax; check the manual that corresponds to your MySQL server version for the right syntax to use near '%s) ) ORDER BY log_id desc' at line 1
 [ SQL语句 ] : SELECT * FROM `pd_log` WHERE ( log_id in (%s) ) ORDER BY log_id desc 
ERR: You have an error in your SQL syntax; check the manual that corresponds to your MySQL server version for the right syntax to use near '%s) )' at line 1
 [ SQL语句 ] : SELECT * FROM `pd_file` WHERE ( file_id in (%s) ) 

[ 2019-10-15T16:28:29+08:00 ] 127.0.0.1 /index.php?m=leadsm&a=index
ERR: Table 'wkcrm.pd_search' doesn't exist
 [ SQL语句 ] : SHOW COLUMNS FROM `pd_search`

[ 2019-10-15T16:28:30+08:00 ] 127.0.0.1 /index.php?m=leadsm&a=view&id=82&by=me
ERR: You have an error in your SQL syntax; check the manual that corresponds to your MySQL server version for the right syntax to use near '%s) ) ORDER BY log_id desc' at line 1
 [ SQL语句 ] : SELECT * FROM `pd_log` WHERE ( log_id in (%s) ) ORDER BY log_id desc 
ERR: You have an error in your SQL syntax; check the manual that corresponds to your MySQL server version for the right syntax to use near '%s) )' at line 1
 [ SQL语句 ] : SELECT * FROM `pd_file` WHERE ( file_id in (%s) ) 

[ 2019-10-15T16:28:31+08:00 ] 127.0.0.1 /index.php?m=leadsm&a=index
ERR: Table 'wkcrm.pd_search' doesn't exist
 [ SQL语句 ] : SHOW COLUMNS FROM `pd_search`

[ 2019-10-15T16:28:33+08:00 ] 127.0.0.1 /index.php?m=leadsm&a=index
ERR: Table 'wkcrm.pd_search' doesn't exist
 [ SQL语句 ] : SHOW COLUMNS FROM `pd_search`

[ 2019-10-15T16:28:35+08:00 ] 127.0.0.1 /index.php?m=leadsm&a=view&id=82&by=me
ERR: You have an error in your SQL syntax; check the manual that corresponds to your MySQL server version for the right syntax to use near '%s) ) ORDER BY log_id desc' at line 1
 [ SQL语句 ] : SELECT * FROM `pd_log` WHERE ( log_id in (%s) ) ORDER BY log_id desc 
ERR: You have an error in your SQL syntax; check the manual that corresponds to your MySQL server version for the right syntax to use near '%s) )' at line 1
 [ SQL语句 ] : SELECT * FROM `pd_file` WHERE ( file_id in (%s) ) 

[ 2019-10-15T16:28:36+08:00 ] 127.0.0.1 /index.php?m=leadsm&a=index
ERR: Table 'wkcrm.pd_search' doesn't exist
 [ SQL语句 ] : SHOW COLUMNS FROM `pd_search`

[ 2019-10-15T16:28:46+08:00 ] 127.0.0.1 /index.php?m=userm&a=index
ERR: Table 'wkcrm.pd_user_category' doesn't exist
 [ SQL语句 ] : SHOW COLUMNS FROM `pd_user_category`
ERR: Table 'wkcrm.pd_user_category' doesn't exist
 [ SQL语句 ] : SELECT user.user_id AS user_id,user.name AS name,user.sex AS sex,user.img AS img,user.email AS email,user.telephone AS telephone,user.address AS address,user.status AS status,user_category.name AS category_name,user_category.category_id AS category_id,role.role_id AS role_id,role.position_id AS position_id,position.name AS role_name,position.parent_id AS parent_id,position.department_id AS department_id,position.description AS description,role_department.name AS department_name FROM pd_user user LEFT JOIN pd_user_category user_category ON user.category_id=user_category.category_id LEFT JOIN pd_role role ON user.user_id=role.user_id LEFT JOIN pd_position position ON position.position_id=role.position_id LEFT JOIN pd_role_department role_department ON role_department.department_id=position.department_id WHERE ( user.user_id = 1 ) LIMIT 1  
ERR: Table 'wkcrm.pd_user_category' doesn't exist
 [ SQL语句 ] : SELECT user.user_id AS user_id,user.name AS name,user.sex AS sex,user.img AS img,user.email AS email,user.telephone AS telephone,user.address AS address,user.status AS status,user_category.name AS category_name,user_category.category_id AS category_id,role.role_id AS role_id,role.position_id AS position_id,position.name AS role_name,position.parent_id AS parent_id,position.department_id AS department_id,position.description AS description,role_department.name AS department_name FROM pd_user user LEFT JOIN pd_user_category user_category ON user.category_id=user_category.category_id LEFT JOIN pd_role role ON user.user_id=role.user_id LEFT JOIN pd_position position ON position.position_id=role.position_id LEFT JOIN pd_role_department role_department ON role_department.department_id=position.department_id WHERE ( user.user_id = 2 ) LIMIT 1  
ERR: Table 'wkcrm.pd_user_category' doesn't exist
 [ SQL语句 ] : SELECT user.user_id AS user_id,user.name AS name,user.sex AS sex,user.img AS img,user.email AS email,user.telephone AS telephone,user.address AS address,user.status AS status,user_category.name AS category_name,user_category.category_id AS category_id,role.role_id AS role_id,role.position_id AS position_id,position.name AS role_name,position.parent_id AS parent_id,position.department_id AS department_id,position.description AS description,role_department.name AS department_name FROM pd_user user LEFT JOIN pd_user_category user_category ON user.category_id=user_category.category_id LEFT JOIN pd_role role ON user.user_id=role.user_id LEFT JOIN pd_position position ON position.position_id=role.position_id LEFT JOIN pd_role_department role_department ON role_department.department_id=position.department_id WHERE ( user.user_id = 3 ) LIMIT 1  
ERR: Table 'wkcrm.pd_user_category' doesn't exist
 [ SQL语句 ] : SELECT * FROM `pd_user_category` 

[ 2019-10-15T16:28:50+08:00 ] 127.0.0.1 /index.php?m=userm&a=index
ERR: Table 'wkcrm.pd_user_category' doesn't exist
 [ SQL语句 ] : SHOW COLUMNS FROM `pd_user_category`
ERR: Table 'wkcrm.pd_user_category' doesn't exist
 [ SQL语句 ] : SELECT user.user_id AS user_id,user.name AS name,user.sex AS sex,user.img AS img,user.email AS email,user.telephone AS telephone,user.address AS address,user.status AS status,user_category.name AS category_name,user_category.category_id AS category_id,role.role_id AS role_id,role.position_id AS position_id,position.name AS role_name,position.parent_id AS parent_id,position.department_id AS department_id,position.description AS description,role_department.name AS department_name FROM pd_user user LEFT JOIN pd_user_category user_category ON user.category_id=user_category.category_id LEFT JOIN pd_role role ON user.user_id=role.user_id LEFT JOIN pd_position position ON position.position_id=role.position_id LEFT JOIN pd_role_department role_department ON role_department.department_id=position.department_id WHERE ( user.user_id = 1 ) LIMIT 1  
ERR: Table 'wkcrm.pd_user_category' doesn't exist
 [ SQL语句 ] : SELECT user.user_id AS user_id,user.name AS name,user.sex AS sex,user.img AS img,user.email AS email,user.telephone AS telephone,user.address AS address,user.status AS status,user_category.name AS category_name,user_category.category_id AS category_id,role.role_id AS role_id,role.position_id AS position_id,position.name AS role_name,position.parent_id AS parent_id,position.department_id AS department_id,position.description AS description,role_department.name AS department_name FROM pd_user user LEFT JOIN pd_user_category user_category ON user.category_id=user_category.category_id LEFT JOIN pd_role role ON user.user_id=role.user_id LEFT JOIN pd_position position ON position.position_id=role.position_id LEFT JOIN pd_role_department role_department ON role_department.department_id=position.department_id WHERE ( user.user_id = 2 ) LIMIT 1  
ERR: Table 'wkcrm.pd_user_category' doesn't exist
 [ SQL语句 ] : SELECT user.user_id AS user_id,user.name AS name,user.sex AS sex,user.img AS img,user.email AS email,user.telephone AS telephone,user.address AS address,user.status AS status,user_category.name AS category_name,user_category.category_id AS category_id,role.role_id AS role_id,role.position_id AS position_id,position.name AS role_name,position.parent_id AS parent_id,position.department_id AS department_id,position.description AS description,role_department.name AS department_name FROM pd_user user LEFT JOIN pd_user_category user_category ON user.category_id=user_category.category_id LEFT JOIN pd_role role ON user.user_id=role.user_id LEFT JOIN pd_position position ON position.position_id=role.position_id LEFT JOIN pd_role_department role_department ON role_department.department_id=position.department_id WHERE ( user.user_id = 3 ) LIMIT 1  
ERR: Table 'wkcrm.pd_user_category' doesn't exist
 [ SQL语句 ] : SELECT * FROM `pd_user_category` 

[ 2019-10-15T16:28:51+08:00 ] 127.0.0.1 /index.php?m=leadsm&a=index
ERR: Table 'wkcrm.pd_search' doesn't exist
 [ SQL语句 ] : SHOW COLUMNS FROM `pd_search`

[ 2019-10-15T16:29:43+08:00 ] 127.0.0.1 /index.php?m=leadsm&a=index
ERR: Table 'wkcrm.pd_search' doesn't exist
 [ SQL语句 ] : SHOW COLUMNS FROM `pd_search`

[ 2019-10-15T16:29:52+08:00 ] 127.0.0.1 /index.php?m=leadsm&a=index&by=public
ERR: Table 'wkcrm.pd_search' doesn't exist
 [ SQL语句 ] : SHOW COLUMNS FROM `pd_search`

[ 2019-10-15T16:29:55+08:00 ] 127.0.0.1 /index.php?m=customerm&a=index
ERR: Table 'wkcrm.pd_search' doesn't exist
 [ SQL语句 ] : SHOW COLUMNS FROM `pd_search`
ERR: Table 'wkcrm.pd_customerm' doesn't exist
 [ SQL语句 ] : SHOW COLUMNS FROM `pd_customerm`

[ 2019-10-15T16:29:58+08:00 ] 127.0.0.1 /index.php?m=customerm&a=index&content=resource
ERR: Table 'wkcrm.pd_search' doesn't exist
 [ SQL语句 ] : SHOW COLUMNS FROM `pd_search`
ERR: Table 'wkcrm.pd_customerm' doesn't exist
 [ SQL语句 ] : SHOW COLUMNS FROM `pd_customerm`

[ 2019-10-15T16:30:02+08:00 ] 127.0.0.1 /index.php?m=customerm&a=index
ERR: Table 'wkcrm.pd_search' doesn't exist
 [ SQL语句 ] : SHOW COLUMNS FROM `pd_search`
ERR: Table 'wkcrm.pd_customerm' doesn't exist
 [ SQL语句 ] : SHOW COLUMNS FROM `pd_customerm`

[ 2019-10-15T16:45:21+08:00 ] 127.0.0.1 /index.php?m=customerm&a=index
ERR: Table 'wkcrm.pd_search' doesn't exist
 [ SQL语句 ] : SHOW COLUMNS FROM `pd_search`
ERR: Table 'wkcrm.pd_customerm' doesn't exist
 [ SQL语句 ] : SHOW COLUMNS FROM `pd_customerm`

[ 2019-10-15T16:50:16+08:00 ] 127.0.0.1 /index.php?m=customerm&a=index
ERR: Table 'wkcrm.pd_search' doesn't exist
 [ SQL语句 ] : SHOW COLUMNS FROM `pd_search`
ERR: Table 'wkcrm.pd_customerm' doesn't exist
 [ SQL语句 ] : SHOW COLUMNS FROM `pd_customerm`

[ 2019-10-15T16:50:18+08:00 ] 127.0.0.1 /index.php?m=customerm&a=index
ERR: Table 'wkcrm.pd_search' doesn't exist
 [ SQL语句 ] : SHOW COLUMNS FROM `pd_search`
ERR: Table 'wkcrm.pd_customerm' doesn't exist
 [ SQL语句 ] : SHOW COLUMNS FROM `pd_customerm`

